847 445 47 47 1 1734
Total flow rate into region q0 = 241.000000 nl/min
g0[1] = 15.136488
g0[2] = 8.396843


Solute 1
SegmentEfflux Pvessel Ptissue Cvessel
   1    1   103.9829    91.7550    86.9483     0.1896
   2    2    84.5976    91.3169    88.7406     0.1894
   3    2   103.1298    90.8875    87.7520     0.1892
   4    3   423.1226    89.7190    77.8061     0.1887
   5    3   354.2715    88.0811    78.1048     0.1879
   6    4   101.0715    87.1668    84.2796     0.1874
   7    4    88.6649    86.7950    84.2638     0.1872
   8    5   113.8811    86.4111    83.8492     0.1870
   9    5   112.3220    85.9807    83.4594     0.1868
  10    6   102.4687    85.5820    83.2508     0.1866
  11    6    85.0057    85.2361    83.3001     0.1864
  12    7    45.0172    85.0016    83.8272     0.1862
  13    8    10.6960    84.9022    83.9777     0.1862
  14    9    25.2013    84.8362    83.8189     0.1861
  15   10    23.7577    84.7433    83.8212     0.1861
  16   11    34.8208    84.6280    83.3451     0.1860
  17   12    24.5369    84.5099    83.5999     0.1860
  18   12    31.5507    84.3940    83.2230     0.1859
  19   13    39.1719    84.2513    83.0062     0.1858
  20   13    29.6935    84.1105    83.1712     0.1857
  21   14    44.2769    83.9543    82.9645     0.1856
  22   15    51.0319    83.7472    82.5949     0.1855
  23   16    28.2349    83.5678    82.7278     0.1854
  24   16    50.1407    83.3736    81.8921     0.1853
  25   16    58.4994    83.1067    81.3719     0.1851
  26   17    68.8180    82.8007    80.9493     0.1849
  27   18    61.3193    82.4913    80.9388     0.1847
  28   19    34.7460    82.2659    80.7858     0.1846
  29   19    26.4156    82.1219    80.9998     0.1845
  30   20    15.9546    82.0243    81.0782     0.1845
  31   21    12.1474    81.9600    81.2325     0.1844
  32   22    28.2321    81.8658    80.7123     0.1844
  33   22    32.9950    81.7204    80.3643     0.1843
  34   23    43.2979    81.5421    80.2550     0.1841
  35   23    28.7029    81.3726    80.5151     0.1840
  36   24    39.4029    81.1899    80.1072     0.1839
  37   24    59.5001    80.8966    79.2526     0.1837
  38   25    53.0266    80.5705    78.8578     0.1835
  39   25    60.2064    80.2433    78.3006     0.1833
  40   26    61.1295    79.8996    77.9846     0.1830
  41   26    62.9957    79.5515    77.5787     0.1828
  42   27    48.6071    79.2444    77.2770     0.1826
  43   27    47.1016    78.9821    77.0720     0.1824
  44   28    53.6659    78.7109    76.9595     0.1822
  45   28    43.8712    78.4501    77.0225     0.1820
  46   29    25.1902    78.2271    77.4767     0.1819
  47   29    37.3307    77.9598    76.8627     0.1817
  48   30    28.0913    77.6852    76.7531     0.1815
  49   30    25.4360    77.4613    76.6175     0.1813
  50   30    21.3524    77.2679    76.5595     0.1811
  51   31    34.8483    76.9630    75.7625     0.1809
  52   31    46.8622    76.4572    74.8532     0.1805
  53   32    46.8376    75.8929    74.3114     0.1800
  54   32    49.7017    75.3224    73.6437     0.1796
  55   33    61.5662    74.6842    73.0107     0.1790
  56   33    60.4801    74.0008    72.3543     0.1784
  57   34    55.0784    73.3741    71.6894     0.1779
  58   34   193.4816    72.0765    66.1625     0.1767
  59   34    99.2465    70.6365    67.6036     0.1752
  60   35    49.1352    69.9406    68.3458     0.1745
  61   35    54.5045    69.4667    67.7057     0.1740
  62   36    51.9795    68.9906    67.2036     0.1735
  63   36    46.3835    68.5584    66.9613     0.1730
  64   36    36.5485    68.2010    66.9450     0.1726
  65   37    44.0794    67.8235    66.1317     0.1722
  66   37    58.3761    67.3143    65.0769     0.1716
  67   38   250.6024    65.8465    60.0605     0.1698
  68   38    80.4262    64.3737    62.5135     0.1679
  69   39    51.4917    63.8135    62.1135     0.1671
  70   39    40.2506    63.4322    62.1041     0.1666
  71   40    28.0375    63.1435    62.2177     0.1662
  72   41    32.1879    62.8800    61.7474     0.1658
  73   42    42.6381    62.5566    61.5444     0.1653
  74   43     7.2334    62.2596    61.8562     0.1649
  75   44    17.6663    61.8687    61.2201     0.1643
  76   45     7.4768    62.8698    62.4067     0.1658
  77   45    15.0989    61.7104    60.7672     0.1641
  78   46    20.0744    60.0187    58.7533     0.1614
  79   46    18.4319    58.3042    57.1453     0.1584
  80   47    18.8980    56.7613    55.6348     0.1556
  81   47    20.3039    55.2489    54.0390     0.1526
  82   48    20.1923    53.7877    52.6448     0.1495
  83   48    21.0294    52.3922    51.2035     0.1464
  84   49    22.8087    50.9968    49.6801     0.1430
  85   49    20.4389    49.6981    48.5222     0.1398
  86   50    34.3774    48.1492    46.7585     0.1356
  87   50    34.7838    46.3269    44.9191     0.1303
  88   51    26.0373    67.3798    66.3148     0.1717
  89   51   330.7176    59.8295    46.2416     0.1611
  90   52    25.4948    54.2248    53.1809     0.1505
  91   53    22.8509    78.1793    77.4062     0.1818
  92   54    48.3644    77.7005    76.5279     0.1815
  93   55    21.5624    81.0766    80.1763     0.1838
  94   56    19.9624    80.6404    79.1081     0.1836
  95   57    25.1669    80.1744    78.9707     0.1832
  96   58    31.1277    78.8614    77.2902     0.1823
  97   59    33.4341    76.8069    75.1843     0.1808
  98   59    22.1059    75.1689    74.0991     0.1794
  99   60    20.4951    73.6987    72.7152     0.1782
 100   60    23.2327    71.9808    70.8626     0.1766
 101   61    31.8236    69.9872    68.6567     0.1746
 102   61    28.5619    67.9837    66.7902     0.1724
 103   62    10.7932    80.0969    79.1850     0.1832
 104   62    24.9912    74.8437    72.7336     0.1792
 105   63    37.1696    67.8350    65.5409     0.1722
 106   63    37.6016    61.5536    59.2309     0.1638
 107   64    34.6805    56.8174    54.6333     0.1557
 108   64    18.9065    53.8642    52.6683     0.1497
 109   65     0.1600    52.9015    52.8896     0.1476
 110   65   -46.7031    55.3298    58.4409     0.1528
 111   66    30.7425    83.1109    81.9481     0.1851
 112   66    52.4001    81.7395    79.7535     0.1843
 113   67    35.6246    80.3667    78.1066     0.1834
 114   67    37.3986    79.2819    76.9090     0.1826
 115   68    68.4667    77.7920    75.4435     0.1815
 116   68    67.9962    75.9969    73.6681     0.1801
 117   69    64.9188    74.3710    71.8829     0.1788
 118   69   107.9023    72.4118    68.2715     0.1770
 119   70    82.6194    69.0834    66.1826     0.1736
 120   71    43.2900    68.0247    65.5527     0.1724
 121   71    35.6822    67.3844    65.3504     0.1717
 122   72    37.6585    66.7962    65.2186     0.1710
 123   73    29.4737    66.2633    64.5878     0.1703
 124   74     9.6415    65.3791    64.7862     0.1692
 125   74    18.9470    63.5453    62.3844     0.1667
 126   75    43.3545    60.0105    58.4860     0.1614
 127   75    48.7376    55.6465    53.9353     0.1534
 128   76    48.5069    51.8138    50.0968     0.1450
 129   76    46.8637    48.5926    46.9313     0.1368
 130   77    30.2511    83.3416    82.3391     0.1853
 131   77    55.6820    81.4244    79.5710     0.1841
 132   78    44.2253    79.3694    77.3999     0.1827
 133   78    46.8428    77.6338    75.5517     0.1814
 134   79    25.1261    76.3476    74.7880     0.1804
 135   80    29.8284    75.0863    73.5934     0.1794
 136   81    43.5546    73.1643    71.3539     0.1777
 137   82    59.0825    68.6126    66.5388     0.1731
 138   83    39.2137    63.7993    61.5284     0.1671
 139   83    40.9332    60.5259    58.1576     0.1622
 140   84    51.0204    57.2877    55.0119     0.1566
 141   84    50.9579    54.1771    51.9036     0.1504
 142   85    52.9675    51.3982    49.0404     0.1440
 143   85    53.8487    48.8548    46.4540     0.1375
 144   86    53.7818    46.5408    44.1338     0.1310
 145   86    54.3913    44.4131    41.9808     0.1244
 146   86    50.5664    42.5000    40.2388     0.1179
 147   87    52.3271    40.7410    38.4115     0.1117
 148   87    48.4235    39.1095    36.9517     0.1055
 149   87    47.7179    37.6208    35.4914     0.0997
 150   88    50.4076    36.1567    34.1228     0.0937
 151   88    48.3811    34.7275    32.7731     0.0877
 152   88    47.0977    33.3786    31.4809     0.0818
 153   89    43.8290    32.1151    30.3922     0.0763
 154   89    42.6476    30.9252    29.2486     0.0710
 155   89    34.0776    29.8735    28.5344     0.0663
 156   90    14.3731    84.3705    83.6823     0.1859
 157   90    39.5607    82.8511    80.9494     0.1850
 158   90    48.8328    80.5453    78.1960     0.1835
 159   91    51.2809    78.1722    75.6962     0.1818
 160   91    51.4438    75.9560    73.4717     0.1801
 161   91    41.4758    74.1150    72.1112     0.1785
 162   92    46.5615    70.4334    68.8530     0.1750
 163   93    38.8716    65.9106    64.1580     0.1699
 164   93    37.7967    62.5088    60.7996     0.1652
 165   93    39.8880    59.5262    57.7254     0.1606
 166   94    40.8274    56.8041    55.0272     0.1557
 167   94    37.3058    54.4545    52.8331     0.1510
 168   94    32.4167    52.5486    51.1340     0.1468
 169   95   110.5392    74.7366    70.7972     0.1791
 170   95    56.0743    74.3420    72.3425     0.1787
 171   96    40.8267    73.9988    72.3877     0.1784
 172   96    38.6792    73.5893    72.0593     0.1781
 173   97    31.5009    73.2349    71.7195     0.1778
 174   97    40.1529    72.8769    70.9420     0.1774
 175   98     1.1466    74.2074    74.1478     0.1786
 176   99    15.1599    74.1405    73.5689     0.1786
 177  100     5.2380    74.0525    73.5045     0.1785
 178  101    10.2822    73.9769    73.6269     0.1784
 179  102    40.7805    65.5089    63.7892     0.1694
 180  103    36.7074    62.7763    61.0277     0.1656
 181  103    29.5789    60.6798    59.2720     0.1624
 182  104    25.5307    59.0781    57.6552     0.1598
 183  104    27.5339    57.6384    56.1038     0.1572
 184  104    27.7179    56.2326    54.6935     0.1546
 185  105    12.6323    84.4954    83.8839     0.1859
 186  105    41.4613    82.7416    80.7321     0.1849
 187  106    53.3294    79.9384    77.2243     0.1831
 188  106    60.7031    76.9413    73.8555     0.1809
 189  107    61.5027    74.0999    70.9090     0.1785
 190  107    57.3715    71.6310    68.6560     0.1762
 191  107    61.0019    69.4109    66.2449     0.1740
 192  108    58.7099    67.3675    64.3676     0.1717
 193  108    59.2072    65.5212    62.4952     0.1694
 194  108    59.1800    63.8101    60.7834     0.1671
 195  109    53.9018    62.2916    59.4633     0.1649
 196  109    55.6722    60.9131    57.9943     0.1628
 197  109    54.8150    59.6056    56.7306     0.1607
 198  110    53.7628    58.3924    55.5915     0.1586
 199  110    52.3933    57.2676    54.5424     0.1566
 200  110    49.0582    56.2435    53.6930     0.1546
 201  111    58.1855    55.2107    52.8204     0.1525
 202  112    31.1383    54.3855    52.2376     0.1508
 203  112    24.5190    53.8863    52.1935     0.1497
 204  113    11.6084    83.7469    83.1325     0.1855
 205  113    29.1959    81.0772    79.5262     0.1838
 206  113    29.4317    77.6861    76.1308     0.1815
 207  114    37.6657    74.3168    72.4363     0.1787
 208  114    37.4938    71.0401    69.1710     0.1757
 209  114    39.5405    68.1067    66.1333     0.1725
 210  115    34.0526    65.6225    63.5462     0.1695
 211  115    33.3178    63.5676    61.5339     0.1668
 212  116    38.9914    61.5571    59.5316     0.1638
 213  116    39.9660    59.5522    57.4693     0.1606
 214  117    43.7263    57.6100    55.5605     0.1572
 215  117    42.2776    55.7774    53.7943     0.1537
 216  118    40.5332    54.1462    52.2741     0.1503
 217  118    42.8183    52.6161    50.6389     0.1469
 218  119    32.8216    51.3118    49.0928     0.1438
 219  119    34.2112    50.2149    47.9015     0.1411
 220  120    51.0370    48.8906    46.3386     0.1376
 221  121    40.5465    47.5457    45.5432     0.1339
 222  121    13.5288    46.7852    46.1161     0.1317
 223  122    24.2529    76.8962    75.9698     0.1808
 224  123    59.0447    75.9423    74.1512     0.1801
 225  123    61.7739    74.6209    72.7477     0.1790
 226  123    70.3966    73.2559    71.1259     0.1778
 227  124    69.2860    71.8967    69.7642     0.1765
 228  124    66.9350    70.6433    68.5837     0.1753
 229  124    60.4486    69.5304    67.6776     0.1741
 230  125    25.4601    62.2268    60.9303     0.1648
 231  125    35.4762    61.8772    60.0752     0.1643
 232  126    44.8194    61.4262    59.9574     0.1636
 233  127    32.4142    61.0004    59.7065     0.1630
 234  127    25.4971    60.6859    59.6644     0.1625
 235  128    12.7504    61.3615    60.8116     0.1635
 236  128    14.5145    60.8674    60.2385     0.1627
 237  129     8.8029    60.4540    60.2375     0.1621
 238  130    22.7851    44.8446    43.8218     0.1257
 239  131     9.9941    43.9861    43.3623     0.1230
 240  131    -2.8599    43.8029    43.9752     0.1224
 241  132    19.5450    53.5784    52.9392     0.1491
 242  132    18.8105    53.0108    52.3934     0.1478
 243  133    22.9989    52.4080    51.6546     0.1464
 244  133    31.9995    51.6384    50.5968     0.1446
 245  134    52.3058    77.0327    75.6745     0.1810
 246  135    50.6436    76.3613    74.7552     0.1804
 247  135    55.8297    75.6850    73.9117     0.1799
 248  135    50.5562    75.0281    73.4268     0.1793
 249  136    58.7015    74.3733    72.4916     0.1788
 250  136    60.2246    73.6794    71.7467     0.1782
 251  137    70.7252    72.9394    70.8197     0.1775
 252  137    65.2966    72.1940    70.2308     0.1768
 253  138    65.9248    71.4979    69.5582     0.1761
 254  138    69.1121    70.8022    68.7741     0.1754
 255  139    15.0509    79.7048    78.9047     0.1829
 256  140    44.9107    78.8690    77.3343     0.1823
 257  140    60.8629    77.4582    75.3800     0.1813
 258  141    54.3326    76.0131    73.6234     0.1801
 259  141    47.3652    74.8047    72.7208     0.1791
 260  141    50.1241    73.7019    71.4939     0.1782
 261  142    30.2365    72.2080    70.9946     0.1768
 262  142    27.9148    68.2821    67.1564     0.1727
 263  143    10.2912    66.0313    65.4282     0.1700
 264  143    -6.8790    65.8407    66.2363     0.1698
 265  144    19.8522    62.9991    61.4154     0.1660
 266  144    19.7394    56.5687    54.9936     0.1552
 267  145    21.6673    51.3892    50.0038     0.1440
 268  145    17.3850    47.3880    46.2692     0.1334
 269  145    16.2768    44.3985    43.3556     0.1243
 270  146    14.1376    41.9602    40.9955     0.1161
 271  146    13.8623    39.8820    38.9414     0.1085
 272  146    15.5605    37.8302    36.7662     0.1005
 273  147    21.1865    35.4087    34.2265     0.0905
 274  147    28.6899    32.2844    30.6828     0.0770
 275  147    35.4061    28.3717    26.3877     0.0597
 276  148    32.2023    24.0849    22.0444     0.0413
 277  148    27.3641    19.7375    18.0044     0.0252
 278  149    14.8121    15.7422    14.9994     0.0138
 279  149   -17.4819    16.0400    16.9218     0.0145
 280  150    45.6142    65.6358    64.2092     0.1695
 281  150    45.1024    64.8660    63.4597     0.1685
 282  151    50.8851    64.0798    62.3168     0.1675
 283  151    51.5595    63.2701    61.4850     0.1663
 284  151    49.7494    62.4971    60.7722     0.1652
 285  152    53.5755    61.7363    60.0553     0.1641
 286  153    28.7826    61.1490    59.8378     0.1632
 287  153    30.6152    60.7341    59.3424     0.1625
 288  154    43.3552    60.2286    58.8399     0.1617
 289  154    48.2303    59.6183    58.0737     0.1607
 290  154    51.8387    58.9698    57.3130     0.1596
 291  155    49.5683    58.3320    56.7133     0.1585
 292  155    48.6015    57.7318    56.1431     0.1574
 293  155    46.3241    57.1661    55.6495     0.1564
 294  156    36.4790    56.6847    55.0457     0.1555
 295  156    48.7522    56.1996    54.0079     0.1545
 296  157    20.7085    45.7498    44.8591     0.1286
 297  157    27.5116    42.7415    41.5621     0.1188
 298  158    29.7328    39.5387    38.2472     0.1072
 299  158    31.7662    36.4039    35.0287     0.0947
 300  159    24.8693    33.6981    32.3169     0.0832
 301  159    31.9273    31.0811    29.3137     0.0717
 302  160    23.7575    74.9045    73.7856     0.1792
 303  160    31.4339    72.7096    71.2249     0.1773
 304  160    32.0817    70.4178    68.9009     0.1750
 305  161    31.8990    68.3218    66.7429     0.1728
 306  161    31.3146    66.4258    64.8681     0.1705
 307  161    29.9010    64.7311    63.2554     0.1684
 308  162    33.7919    63.0961    61.4873     0.1661
 309  162    35.5907    61.4423    59.7459     0.1636
 310  162    36.0682    59.8552    58.1368     0.1611
 311  163    38.3740    58.3205    56.4288     0.1585
 312  163    43.3342    56.7503    54.6146     0.1556
 313  163    47.0484    55.1344    52.8146     0.1524
 314  164    59.1436    53.3749    50.9624     0.1486
 315  164    60.5787    51.5430    49.0762     0.1444
 316  165    53.3563    49.9266    47.6753     0.1403
 317  165    53.6677    48.5038    46.2344     0.1366
 318  166    50.4830    47.1959    45.1414     0.1329
 319  166    47.2661    46.0287    44.1044     0.1294
 320  167    27.8231    45.1675    43.2317     0.1268
 321  167    27.1377    44.5548    42.6689     0.1248
 322  168    41.2514    43.8117    42.2062     0.1224
 323  169    21.3776    43.1486    42.1211     0.1202
 324  169   -29.7041    43.2358    44.6678     0.1205
 325  170    27.3229    71.0641    70.0680     0.1757
 326  170    34.3589    68.8942    67.6459     0.1734
 327  171    27.5318    66.9094    65.6395     0.1711
 328  171    30.8017    65.1864    63.7733     0.1690
 329  172    36.3307    63.3573    61.7518     0.1665
 330  172    35.0389    61.5646    60.0212     0.1638
 331  173    42.1432    59.7781    58.2289     0.1610
 332  173    51.3450    57.7916    55.9023     0.1575
 333  174    47.0390    55.8784    54.0320     0.1539
 334  174    51.8352    54.1089    52.0756     0.1502
 335  175    51.7309    52.3948    50.3674     0.1464
 336  175    51.4815    50.8062    48.7901     0.1426
 337  176    60.1987    49.2021    47.1717     0.1384
 338  176    58.1453    47.6133    45.6550     0.1341
 339  177    56.5435    46.1666    44.3218     0.1298
 340  177    56.7249    44.8151    42.9611     0.1256
 341  178    37.9749    43.7364    42.0090     0.1221
 342  178    40.7989    42.8707    41.0125     0.1192
 343  178    37.4624    42.0362    40.3331     0.1163
 344  179    36.8605    41.2651    39.6040     0.1136
 345  179    34.2035    40.5458    39.0062     0.1110
 346  179    28.1273    39.9280    38.6572     0.1086
 347  180    22.9828    39.4300    38.3902     0.1068
 348  180     1.7884    39.1912    39.1124     0.1058
 349  180   -38.1179    39.5420    41.2596     0.1072
 350  181    14.8501    29.1794    28.4603     0.0632
 351  182    15.3662    28.7170    27.8289     0.0612
 352  183    18.3678    28.1991    27.4966     0.0589
 353  183    27.5616    27.4898    26.4359     0.0558
 354  183    31.8271    26.5628    25.3483     0.0517
 355  184    34.5566    25.5080    24.1690     0.0472
 356  184    28.6582    24.4786    23.3663     0.0429
 357  184    25.7994    23.5660    22.5678     0.0392
 358  185    33.9748    72.4879    70.8170     0.1771
 359  186    53.6195    70.4269    67.7643     0.1750
 360  186    54.6971    68.1112    65.3902     0.1725
 361  187    52.6883    66.0292    63.2543     0.1700
 362  187    51.5927    64.1775    61.4578     0.1676
 363  188    45.1006    62.5898    59.7879     0.1654
 364  188    47.7162    61.1656    58.1988     0.1632
 365  189    58.6006    59.6407    56.4814     0.1607
 366  189    60.3937    58.0498    54.8017     0.1580
 367  189    76.4985    56.3519    52.2332     0.1548
 368  190    23.2903    50.3486    48.8182     0.1414
 369  190    27.7060    47.6103    45.7938     0.1341
 370  191    25.1565    45.0634    43.3327     0.1264
 371  191    23.6166    42.9166    41.2970     0.1194
 372  192    24.1146    40.9635    39.4709     0.1125
 373  192    23.3440    39.1367    37.6944     0.1056
 374  193    23.8772    37.4095    35.8096     0.0988
 375  193    27.5819    35.6069    33.7606     0.0914
 376  194    32.7366    33.5714    31.5611     0.0827
 377  194    19.6209    31.8488    30.6447     0.0751
 378  195    95.8515    49.4369    45.4300     0.1391
 379  195    57.5836    48.5627    46.1543     0.1367
 380  195    53.9308    47.9467    45.6912     0.1350
 381  196    44.2084    47.4174    45.3976     0.1335
 382  196    33.6849    47.0053    45.4659     0.1323
 383  196    27.3559    46.6870    45.4353     0.1314
 384  197    12.9673    46.4791    46.0511     0.1308
 385  198    -5.0826    46.4386    46.7175     0.1306
 386  198   -12.6797    46.5299    47.2270     0.1309
 387  199   -12.1262    46.6579    47.1676     0.1313
 388  199   -36.9834    46.9133    48.4684     0.1320
 389  200     5.5325    72.6442    72.3752     0.1772
 390  200    16.6684    72.5022    71.6893     0.1771
 391  201    26.6049    72.2284    71.4336     0.1768
 392  201    34.3070    71.8460    70.8107     0.1764
 393  202    23.9986    71.4871    70.5240     0.1761
 394  202    28.3945    71.1688    70.0315     0.1758
 395  203    32.2563    70.8067    69.7692     0.1754
 396  203    39.8610    70.3816    69.0942     0.1750
 397  204     9.6367    73.8275    73.3936     0.1783
 398  204    18.8437    73.1017    72.2496     0.1776
 399  205    21.0009    72.1241    71.2247     0.1767
 400  205    23.5432    71.0768    70.0653     0.1757
 401  206    29.1160    69.8981    68.8083     0.1745
 402  206    26.7498    68.7104    67.7111     0.1732
 403  207    30.9153    67.5480    66.4340     0.1719
 404  207    27.6327    66.4252    65.4329     0.1705
 405  208    62.2851    73.5009    71.8598     0.1780
 406  208   136.3080    72.1899    68.6017     0.1768
 407  209    11.1951    46.7133    49.0569     0.1395
 408  209    15.1275    37.4544    38.6314     0.1073
 409  209    14.1388    28.8766    29.6328     0.0714
 410  210     9.7273    21.6616    22.0323     0.0422
 411  210     1.2492    17.8694    17.2856     0.0288
 412  211    -4.9608    19.2426    18.5349     0.0333
 413  211   -19.0038    26.6665    23.2981     0.0627
 414  211   -32.7039    44.7728    40.6746     0.1260
 415  212    21.6785    59.7412    58.8107     0.1609
 416  212    19.7164    56.5822    55.7393     0.1553
 417  212    21.9512    53.8020    52.8621     0.1496
 418  213    15.9862    51.5400    50.7684     0.1444
 419  213    22.7546    49.4399    48.3398     0.1391
 420  214    27.2308    46.9801    45.9076     0.1322
 421  214    36.5462    44.1587    42.7234     0.1235
 422  215    39.5885    41.1370    39.6388     0.1131
 423  215    46.7773    38.0334    36.2585     0.1013
 424  216    31.8852    35.4121    33.6130     0.0906
 425  216    34.0051    33.3153    31.3956     0.0815
 426  217    33.6394    31.2173    29.4368     0.0723
 427  217    35.3247    29.0978    27.2301     0.0629
 428  218    30.1810    27.0645    25.2234     0.0539
 429  219    28.6629    25.1845    23.6180     0.0459
 430  220    26.9737    23.3199    22.4070     0.0383
 431  221    -0.5612    22.3900    22.4060     0.0347
 432  221  -117.0978    26.3305    30.0638     0.0507
 433  222    26.3851    36.2359    39.0726     0.1072
 434  222    18.6291    27.9272    28.7131     0.0722
 435  222     8.5737    22.8892    23.1145     0.0510
 436  223   -17.1364    24.4441    21.3227     0.0577
 437  223   -58.5084    40.3476    36.5311     0.1165
 438  224     3.7547    53.3504    53.1134     0.1486
 439  224     9.6535    51.5754    50.9724     0.1445
 440  225     8.2741    49.3989    48.9138     0.1390
 441  225    11.5895    47.2010    46.5210     0.1329
 442  226     5.8901    45.4174    45.0363     0.1275
 443  226    -6.6967    45.4970    45.9188     0.1278
 444  227    10.6670    80.3349    79.6325     0.1833
 445  227    24.2483    75.4094    73.8065     0.1796
 446  227    23.8785    69.9638    68.3902     0.1745
 447  228    38.1824    64.4477    62.5476     0.1680
 448  228    38.6787    59.0987    57.1690     0.1598
 449  229    38.8380    54.7661    52.7175     0.1516
 450  229    38.5354    51.1464    49.1153     0.1434
 451  229    37.3059    48.0783    46.1071     0.1354
 452  230    31.3325    45.6029    43.4542     0.1281
 453  230    27.1515    43.6682    41.8068     0.1219
 454  231    29.9311    41.9038    39.8658     0.1159
 455  231    28.0740    40.2131    38.3023     0.1097
 456  232    26.4455    38.7008    37.2641     0.1039
 457  232    -5.8939    38.1472    38.4585     0.1018
 458  233    23.7372    64.2954    62.0105     0.1678
 459  234    31.4215    58.9011    56.8830     0.1595
 460  234    23.7212    54.5729    53.0472     0.1512
 461  235    -6.6436    53.3879    53.8865     0.1486
 462  236    20.9134    46.0978    45.3016     0.1296
 463  236    27.4834    43.8024    42.7556     0.1224
 464  237    27.7674    41.3987    40.3393     0.1141
 465  237    25.0252    39.2682    38.3104     0.1061
 466  238     9.4659    37.9453    37.5662     0.1010
 467  238   -48.2971    39.4383    41.3722     0.1068
 468  239    19.3362    26.7793    25.5700     0.0527
 469  239    17.1126    21.3750    20.3073     0.0309
 470  240     7.4403    16.7114    16.2677     0.0162
 471  240    -2.1621    15.4344    15.5617     0.0130
 472  241    -9.3718    18.0559    18.6084     0.0199
 473  241   -12.8662    22.0139    22.7674     0.0332
 474  242   -12.5899    25.7972    26.5498     0.0485
 475  242   -10.8327    29.0070    29.6569     0.0625
 476  243     5.7246    29.6944    29.0680     0.0655
 477  244    24.3948    25.5733    24.3364     0.0475
 478  244    10.1232    20.2358    19.7213     0.0269
 479  245    15.3550    51.0571    49.7545     0.1432
 480  245    19.7219    49.6224    47.9500     0.1396
 481  246    38.1450    47.4312    45.2380     0.1336
 482  247    46.5000    44.5412    42.0815     0.1248
 483  247    46.7834    41.6833    39.2089     0.1151
 484  247    43.7008    39.1514    36.8410     0.1057
 485  248    37.9139    37.0165    34.9574     0.0972
 486  248    32.0369    35.2696    33.5330     0.0900
 487  249     9.8414    74.3774    73.5173     0.1788
 488  250    19.6606    67.1755    65.7731     0.1714
 489  251    27.4463    59.0238    56.9133     0.1597
 490  252    37.6207    71.9173    70.2926     0.1765
 491  252    31.8321    70.5723    69.2007     0.1752
 492  253    34.4353    69.3600    67.8459     0.1739
 493  253    34.4079    68.1648    66.6539     0.1726
 494  254    32.2046    67.0662    65.7719     0.1713
 495  254    31.9597    66.0563    64.7718     0.1701
 496  255    25.5004    65.1901    64.1622     0.1690
 497  255    23.8842    64.4705    63.5069     0.1680
 498  256    41.9287    73.2136    71.6303     0.1777
 499  256    47.8703    71.7545    69.9486     0.1764
 500  257    44.6210    70.3443    68.5963     0.1749
 501  257    46.7510    69.0304    67.1969     0.1735
 502  258    52.4933    67.6858    65.8235     0.1720
 503  258    50.1235    66.3745    64.5967     0.1705
 504  258    60.5391    65.0417    62.8950     0.1688
 505  259    53.7912    63.7443    61.8907     0.1670
 506  259    28.9957    62.8502    61.8456     0.1657
 507  260    28.3996    54.8648    53.3002     0.1518
 508  261     3.6450    54.1052    53.9232     0.1502
 509  262    36.2307    49.8025    49.1918     0.1400
 510  262    48.3887    49.7984    48.9809     0.1400
 511  262    93.6913    49.7914    48.2180     0.1400
 512  263    89.3305    51.7230    49.4340     0.1448
 513  263    49.7698    51.7000    50.4264     0.1448
 514  264    78.1977    51.6790    50.2235     0.1447
 515  264    74.4927    51.6539    50.2650     0.1446
 516  265    80.9698    51.6284    50.1677     0.1446
 517  265    81.2289    51.6017    50.1402     0.1445
 518  265    82.0305    51.5749    50.0987     0.1445
 519  266    57.5278    51.5521    50.1915     0.1444
 520  266    63.7637    51.5322    50.0274     0.1444
 521  267    69.6302    51.5105    50.1178     0.1443
 522  267    63.9098    51.4887    50.2134     0.1443
 523  267    71.0238    51.4666    50.0438     0.1442
 524  268    52.6833    51.4465    50.1316     0.1441
 525  268    56.0741    51.4287    50.0243     0.1441
 526  269    55.8143    51.4106    50.2077     0.1441
 527  269    44.4126    51.3943    50.4342     0.1440
 528  270    85.2128    51.3733    49.6841     0.1440
 529  271    25.2343    51.3554    50.6486     0.1439
 530  271    33.3424    51.3459    50.4124     0.1439
 531  272    80.0098    51.3275    49.8311     0.1439
 532  273    47.9753    51.3068    50.3241     0.1438
 533  273    56.4675    51.2899    50.1354     0.1438
 534  274    62.3537    51.2707    50.0266     0.1437
 535  274    53.6694    51.2520    50.1838     0.1437
 536  274    55.6692    51.2343    50.1246     0.1436
 537  275    57.6022    51.2160    50.1121     0.1436
 538  275    52.4400    51.1983    50.1925     0.1435
 539  275    65.0303    51.1793    49.9329     0.1435
 540  276    66.0583    51.1583    49.9736     0.1434
 541  276    60.5985    51.1379    50.0443     0.1434
 542  277    47.7572    51.1205    50.1226     0.1434
 543  277    44.2364    51.1057    50.1774     0.1433
 544  278    32.8210    51.0934    50.4578     0.1433
 545  279    39.4281    51.0818    50.2081     0.1433
 546  280     9.3350    51.9073    51.6088     0.1453
 547  281    43.1652    51.8983    51.0944     0.1452
 548  282    62.3637    51.9447    50.8838     0.1453
 549  283    62.2579    51.9240    50.6764     0.1453
 550  283    56.5027    51.9041    50.7680     0.1452
 551  283   161.9904    51.8677    48.6131     0.1452
 552  284    42.1126    54.3859    52.7752     0.1508
 553  284    28.0166    54.0501    52.9753     0.1501
 554  285    26.9340    53.7907    52.8378     0.1495
 555  285     5.5297    53.6387    53.4429     0.1492
 556  286    21.3105    52.0903    51.4836     0.1457
 557  286    46.3090    52.0784    50.7633     0.1457
 558  287    74.4833    52.0575    50.7324     0.1456
 559  287    63.6142    52.0333    50.9019     0.1455
 560  287    61.5606    52.0115    50.9151     0.1455
 561  288    55.2810    51.9912    50.8281     0.1455
 562  288    41.8281    51.9743    51.0963     0.1454
 563  288    64.3084    51.9558    50.6060     0.1454
 564  289    29.6843    51.9396    51.1882     0.1453
 565  289    73.8549    51.9216    50.0514     0.1453
 566  290    14.2878    24.7048    24.0551     0.0439
 567  290     9.0741    24.0434    23.6292     0.0412
 568  291   -17.1144    24.2725    25.0001     0.0421
 569  291  -124.0124    28.1026    33.4266     0.0585
 570  292    26.2654    51.7896    51.0748     0.1450
 571  292    42.8758    51.7770    50.6127     0.1449
 572  293    71.0383    51.7563    50.7037     0.1449
 573  293    52.4608    51.7337    50.9610     0.1448
 574  294    21.2088    51.7203    51.3092     0.1448
 575  294    -2.6022    51.7169    51.7644     0.1448
 576  295    90.5815    49.5154    48.0378     0.1393
 577  296    49.4998    49.4746    48.2299     0.1392
 578  297    58.1711    49.4433    48.2281     0.1391
 579  297    56.6856    49.4099    48.2233     0.1390
 580  298    44.6075    49.3806    48.6157     0.1389
 581  299    61.2069    49.3499    47.5034     0.1388
 582  300    20.8768    49.3262    48.8806     0.1388
 583  300    41.0293    49.3082    48.4486     0.1387
 584  301    64.8519    49.2777    48.1649     0.1386
 585  302    52.3736    49.2438    48.4446     0.1386
 586  303   -35.8814    49.2391    50.1464     0.1385
 587  303    -3.2432    49.2504    49.3256     0.1386
 588  304   143.9077    50.3287    47.0577     0.1414
 589  304    57.8179    50.2678    48.9527     0.1412
 590  304    64.4684    50.2310    48.7650     0.1411
 591  305    79.8672    50.1877    48.7884     0.1410
 592  305    80.3039    50.1396    48.7320     0.1409
 593  306    94.0040    50.0875    48.6184     0.1408
 594  307    54.6293    50.0432    48.6167     0.1406
 595  308    79.1991    50.0034    48.5035     0.1405
 596  308    69.6271    49.9590    48.6351     0.1404
 597  309    78.6810    49.9150    48.4374     0.1403
 598  310    83.4802    49.8670    48.4638     0.1402
 599  311    77.2226    49.8195    48.3803     0.1401
 600  312    88.5232    49.7706    48.3257     0.1399
 601  313    90.2740    49.7180    48.2694     0.1398
 602  314    74.5125    49.6696    48.4657     0.1397
 603  315    47.3247    50.6508    49.5965     0.1422
 604  315    53.9406    50.6196    49.4228     0.1421
 605  316    50.8843    50.5874    49.1091     0.1420
 606  316    52.3069    50.5557    49.0338     0.1420
 607  317    52.6308    49.9822    48.7581     0.1405
 608  317    23.5883    49.9564    49.4045     0.1404
 609  318    35.3193    49.9365    49.1034     0.1404
 610  318    32.9649    49.9134    49.1364     0.1403
 611  319    41.0732    49.8884    49.0641     0.1402
 612  319    34.1409    49.8630    49.1822     0.1402
 613  320    16.7897    49.8459    49.5567     0.1401
 614  320    -5.0448    49.8419    49.9228     0.1401
 615  321    34.4541    60.3503    59.5514     0.1619
 616  321    35.4082    60.0675    59.2498     0.1615
 617  322    28.4522    59.8130    58.7954     0.1610
 618  322    26.6897    59.5948    58.6380     0.1607
 619  323    37.6188    59.3438    58.1420     0.1602
 620  323    39.0081    59.0476    57.7975     0.1597
 621  324    45.3807    58.7264    57.3197     0.1592
 622  324    66.2825    58.3079    56.2476     0.1584
 623  325    36.3793    56.5267    55.8228     0.1551
 624  325    81.3514    56.4653    54.8975     0.1550
 625  326    74.0431    56.3848    54.7263     0.1549
 626  326    71.4200    56.3094    54.7070     0.1547
 627  327    73.0372    56.2350    54.4434     0.1546
 628  327    63.6427    56.1646    54.6043     0.1544
 629  328    68.6707    56.0970    54.4043     0.1543
 630  328    61.9843    56.0301    54.4955     0.1542
 631  329    80.9264    55.9574    54.4403     0.1540
 632  329    65.6930    55.8829    54.6484     0.1539
 633  330    62.2709    55.8182    54.6640     0.1538
 634  330    52.0730    55.7604    54.7964     0.1536
 635  331    44.2772    55.7121    54.5725     0.1535
 636  331    57.4742    55.6612    54.1844     0.1534
 637  332    88.3695    56.0602    54.3617     0.1542
 638  332    88.0079    55.9581    54.2615     0.1540
 639  333    83.4924    55.8595    54.2551     0.1538
 640  333    34.8261    55.7915    55.1196     0.1537
 641  334    66.6751    56.4780    54.9659     0.1551
 642  334    56.4312    56.4053    55.1192     0.1549
 643  334    65.1076    56.3338    54.8486     0.1548
 644  335    52.0834    56.2653    54.8636     0.1546
 645  335   110.7102    56.1701    53.2116     0.1545
 646  336    25.8090    47.1240    46.2803     0.1327
 647  336    21.9182    46.7646    46.0427     0.1316
 648  337     5.6513    46.5593    46.3295     0.1310
 649  337   -58.2057    46.9521    49.2121     0.1322
 650  338    22.9510    50.3918    49.4649     0.1415
 651  338    23.3055    49.8549    48.9182     0.1402
 652  339    42.0534    49.1167    48.1584     0.1382
 653  340    26.0744    57.4687    56.7249     0.1569
 654  340    22.1011    57.4372    56.8073     0.1569
 655  341    33.7621    57.4014    56.5793     0.1568
 656  341    45.0154    57.3502    56.2504     0.1567
 657  342    45.4701    57.2920    56.2296     0.1566
 658  342    94.0230    57.2018    55.0093     0.1564
 659  343   117.5333    49.5387    45.8934     0.1393
 660  343    62.5775    48.8488    46.9080     0.1375
 661  343    47.6926    48.4363    46.9585     0.1364
 662  344    10.6817    48.2207    47.9217     0.1358
 663  344  -208.0333    48.9576    54.6809     0.1378
 664  345     1.4808    49.7543    49.7059     0.1399
 665  345  -332.2939    51.0895    61.9354     0.1433
 666  346   -36.7511    52.6772    53.8975     0.1470
 667  346     0.7486    52.8381    52.8136     0.1474
 668  347    -0.3782    52.8367    52.8451     0.1474
 669  347     5.0976    52.8156    52.6370     0.1474
 670  348     7.9520    52.7574    52.4818     0.1472
 671  348     6.5810    52.6925    52.4624     0.1471
 672  349    28.7751    57.9194    56.9174     0.1578
 673  349    30.2104    57.8749    56.8283     0.1577
 674  350  -202.8545    58.0057    62.1966     0.1579
 675  350   -38.0901    58.1893    58.9696     0.1582
 676  351    51.3204    59.7562    58.7192     0.1609
 677  352    53.5469    59.6626    58.5978     0.1608
 678  352    52.7929    59.5673    58.5235     0.1606
 679  353    41.0192    59.4842    58.3326     0.1605
 680  353    54.7925    59.3990    57.8691     0.1603
 681  354   102.5190    49.6972    45.9551     0.1398
 682  354    59.1338    49.2275    47.0679     0.1385
 683  354    51.8856    48.9103    47.0181     0.1377
 684  355    40.3087    48.6500    46.9009     0.1370
 685  355    34.5413    48.4409    46.9467     0.1364
 686  356    20.1770    48.2892    47.2701     0.1360
 687  356   -11.4081    48.2649    48.8370     0.1359
 688  357    35.1060    64.3888    63.3724     0.1679
 689  357    34.2859    64.2929    63.2910     0.1678
 690  357    37.6484    64.1939    63.0959     0.1676
 691  358    26.2752    64.1071    63.1528     0.1675
 692  358    33.0889    64.0261    62.8261     0.1674
 693  359    58.9538    63.9018    62.3428     0.1672
 694  360    26.1914    61.8295    60.8683     0.1642
 695  360    30.7269    61.7191    60.5906     0.1641
 696  361    28.0366    61.6071    60.6563     0.1639
 697  361   -14.3558    61.5807    62.0588     0.1639
 698  362    34.6393    61.6155    60.1940     0.1639
 699  363     8.8190    61.5179    61.1847     0.1638
 700  364    17.7719    66.6354    65.3942     0.1708
 701  365    60.6417    66.3952    62.7584     0.1705
 702  366    33.0465    62.3570    61.3598     0.1650
 703  367    18.3677    62.0100    61.4632     0.1645
 704  368    53.1150    63.4805    61.7076     0.1666
 705  369    43.5197    62.8577    61.5248     0.1658
 706  370    38.0203    39.4569    37.7556     0.1069
 707  370    40.5770    41.6976    39.8885     0.1151
 708  371    41.0535    44.2188    42.3279     0.1237
 709  371    43.7917    47.1193    45.1005     0.1327
 710  371    46.9125    50.6529    48.4860     0.1422
 711  372    51.6271    55.2250    53.0752     0.1526
 712  372    34.9686    60.2029    58.7475     0.1617
 713  373     5.3065    42.2453    42.0081     0.1171
 714  373    27.6231    41.5530    40.3486     0.1146
 715  374    40.7938    40.1632    38.5600     0.1095
 716  375    41.4376    38.5675    36.7018     0.1034
 717  375    42.2360    37.0124    35.1158     0.0972
 718  376    45.4822    35.4412    33.6673     0.0907
 719  376    29.4430    34.1361    32.9886     0.0851
 720  377     6.0373    35.4963    35.2246     0.0909
 721  377    16.7073    35.2617    34.5270     0.0899
 722  378    20.2632    34.8825    34.1216     0.0883
 723  378    17.2320    34.5004    33.8562     0.0867
 724  379    11.3061    34.2112    33.7920     0.0854
 725  379    -0.4848    34.1019    34.1127     0.0850
 726  380   -81.7920    34.9379    37.8548     0.0885
 727  381    44.4654    67.4763    66.0080     0.1718
 728  381    48.5907    66.8046    65.2004     0.1710
 729  382    58.3362    66.0586    64.3246     0.1701
 730  383    72.2312    65.1797    62.6983     0.1689
 731  384    35.6602    61.1439    60.1429     0.1632
 732  384    43.3532    60.7730    59.5591     0.1626
 733  385    41.3823    60.3826    59.1565     0.1620
 734  385    56.8538    59.9379    58.2601     0.1612
 735  386    34.6170    60.8326    59.8157     0.1627
 736  386    43.5263    59.9719    58.6966     0.1613
 737  387    49.3942    58.9914    57.8500     0.1596
 738  388    38.8604    58.0984    57.1295     0.1581
 739  389    26.1618    57.4637    56.6942     0.1569
 740  389    -4.7955    57.2587    57.4002     0.1565
 741  390    24.2979    69.4088    68.4567     0.1740
 742  391    21.3740    68.2701    66.7733     0.1727
 743  391    27.1683    67.1182    65.2173     0.1714
 744  392    67.7747    71.5712    69.5280     0.1762
 745  393    55.7949    70.5046    68.7482     0.1751
 746  394    38.6180    69.5799    67.9990     0.1741
 747  394    45.7164    68.6072    66.7277     0.1731
 748  395    44.1081    67.6171    65.8017     0.1719
 749  395    39.9337    66.7277    65.0965     0.1709
 750  396    41.7326    65.8966    64.2987     0.1699
 751  396    42.3093    65.0720    63.4523     0.1688
 752  397    30.2676    49.2213    48.2773     0.1385
 753  398   -22.7165    49.2208    50.0805     0.1385
 754  399    38.9797    43.2592    41.9125     0.1205
 755  400    38.0503    42.8794    41.2190     0.1193
 756  400    24.9794    42.5724    41.4776     0.1182
 757  400   -12.3906    42.5115    43.0490     0.1180
 758  401    36.7267    32.5977    30.5850     0.0784
 759  401    45.2221    31.4774    29.0037     0.0735
 760  402    47.3411    30.2199    27.8106     0.0679
 761  402    43.9165    28.9805    26.7470     0.0624
 762  403    43.6568    27.7835    25.9709     0.0571
 763  404    31.7044    26.7406    25.2578     0.0525
 764  404    32.9017    25.8321    24.2974     0.0486
 765  405    26.9518    24.9741    23.4683     0.0450
 766  405    27.9746    24.1691    22.6061     0.0417
 767  405    26.5378    23.3494    21.8626     0.0384
 768  406    22.0434    22.5973    21.6716     0.0355
 769  406   -34.5768    22.7935    24.2437     0.0362
 770  407    37.7552    49.4893    48.6440     0.1392
 771  407    52.1128    49.4828    48.3138     0.1392
 772  407    60.1077    49.4748    48.1243     0.1392
 773  408    63.1840    49.4660    48.0566     0.1391
 774  408    62.8175    49.4570    48.0586     0.1391
 775  408    66.6909    49.4477    47.9591     0.1391
 776  409    66.3827    49.4382    47.9507     0.1391
 777  409    61.2687    49.4290    48.0521     0.1390
 778  409    62.2283    49.4202    48.0208     0.1390
 779  410    75.9531    49.4104    47.9228     0.1390
 780  410    71.0689    49.3998    48.0076     0.1390
 781  411    51.9704    49.3911    47.9812     0.1389
 782  411    50.7971    49.3837    48.0031     0.1389
 783  412    79.2047    49.3745    47.9414     0.1389
 784  412    80.4173    49.3631    47.9062     0.1389
 785  412    80.9977    49.3516    47.8833     0.1388
 786  413    79.8462    49.3401    47.8615     0.1388
 787  413    78.7897    49.3288    47.8703     0.1388
 788  413    78.9172    49.3176    47.8513     0.1388
 789  414    81.9879    49.3061    47.8327     0.1387
 790  414    80.1086    49.2946    47.8549     0.1387
 791  414    74.8320    49.2835    47.9372     0.1387
 792  415    68.5871    49.2734    48.0082     0.1386
 793  415    65.2369    49.2639    48.0626     0.1386
 794  415    53.7413    49.2554    48.2634     0.1386
 795  416    17.8965    49.2503    48.8821     0.1386
 796  416    47.2070    49.2457    48.2717     0.1386
 797  417  -381.8604    49.2696    56.7552     0.1386
 798  417  -408.2735    49.3259    57.3251     0.1388
 799  418     0.2959    49.3550    49.3525     0.1389
 800  418    46.8328    49.3517    48.5598     0.1388
 801  419    62.9788    49.3439    48.2327     0.1388
 802  419    69.7424    49.3344    48.1045     0.1388
 803  420    74.1119    49.3242    48.1062     0.1388
 804  420    64.1427    49.3143    48.2630     0.1387
 805  421    22.7881    51.0376    49.6884     0.1432
 806  421    25.9826    50.7800    49.2463     0.1425
 807  422    24.8363    50.5146    49.1413     0.1418
 808  422     3.3270    50.3687    50.1844     0.1415
 809  423    94.3582    49.5360    48.1034     0.1393
 810  423    92.7578    49.5223    48.1082     0.1393
 811  424    73.6750    49.5102    48.1014     0.1393
 812  424    68.4916    49.4998    48.1891     0.1392
 813  425    57.3136    49.4906    48.3569     0.1392
 814  425    46.9911    49.4830    48.5547     0.1392
 815  426    64.2922    49.5698    48.2698     0.1394
 816  426    68.9203    49.5601    48.1673     0.1394
 817  427    83.0056    49.5490    48.0921     0.1394
 818  428    66.0543    49.6023    48.0022     0.1395
 819  428    43.1431    49.5943    48.5481     0.1395
 820  429    51.8541    49.5874    48.3813     0.1395
 821  429    61.5671    49.5790    48.1515     0.1394
 822  430    77.0656    49.6879    48.4019     0.1397
 823  431    64.3056    49.6775    48.3995     0.1397
 824  431    61.2286    49.6681    48.4490     0.1397
 825  432    58.9344    49.6593    48.5107     0.1397
 826  432    68.4436    49.6498    48.3161     0.1396
 827  433   105.3728    49.7248    47.9730     0.1398
 828  433    66.7041    49.7120    48.6011     0.1398
 829  434    46.4463    49.7037    48.5504     0.1398
 830  434    45.1997    49.6969    48.5690     0.1398
 831  435    75.9564    49.8065    47.5287     0.1400
 832  436    36.1530    49.7983    48.5294     0.1400
 833  437    11.3872    22.5056    21.9043     0.0351
 834  437    16.3613    22.0590    21.1978     0.0334
 835  438     0.9387    21.7760    21.7389     0.0324
 836  438   -94.3640    23.2646    27.4481     0.0381
 837  439   119.2730    49.9911    46.7747     0.1405
 838  439    22.5902    49.9803    49.3716     0.1405
 839  440    92.3014    49.9717    48.5505     0.1405
 840  440    84.9434    49.9583    48.6532     0.1404
 841  441    46.5228    49.9485    48.6919     0.1404
 842  441    92.4891    49.9380    47.4373     0.1404
 843  442    61.9740    64.3012    61.9619     0.1678
 844  443    41.2455    63.6592    62.2421     0.1669
 845  444    95.1740    49.6198    48.1688     0.1396
 846  445    46.8752    49.5555    48.2029     0.1394
 847  445    38.7922    49.5806    48.4615     0.1394
Solute 1: qtsum = -32927.285156, qvsum = 32927.312500

Solute 2
Segment
Solute 2: qtsum = 0.411083, qvsum = 0.000000
Solute 1: segment length pvseg pevseg qvseg gamma
   1    23.7697    91.7550    86.9483   103.9829     1.0985
   2    72.2496    91.1022    88.2463   187.7274     1.0985
   3    78.0256    88.9000    77.9554   777.3940     1.0985
   4    77.0065    86.9809    84.2717   189.7363     1.0984
   5    97.7446    86.1959    83.6543   226.2031     1.0984
   6    96.5660    85.4090    83.2755   187.4745     1.0983
   7    42.0119    85.0016    83.8272    45.0172     1.0983
   8    13.0384    84.9022    83.9777    10.6960     1.1282
   9    28.0000    84.8362    83.8189    25.2013     1.1282
  10    28.0000    84.7433    83.8212    23.7577     1.0820
  11    29.2746    84.6280    83.3451    34.8208     1.0820
  12    59.0085    84.4520    83.4115    56.0876     1.0944
  13    69.2604    84.1809    83.0887    68.8655     1.0943
  14    47.4236    83.9543    82.9645    44.2769     1.0581
  15    47.0106    83.7472    82.5949    51.0319     1.0581
  16   108.5587    83.3494    81.9973   136.8750     1.0687
  17    39.6989    82.8007    80.9493    68.8180     1.0687
  18    42.3792    82.4913    80.9388    61.3193     1.0686
  19    50.2494    82.1939    80.8928    61.1616     1.0686
  20    17.6918    82.0243    81.0782    15.9546     1.0453
  21    17.4642    81.9600    81.2325    12.1474     1.0453
  22    51.5461    81.7931    80.5383    61.2270     1.0547
  23    71.0211    81.4574    80.3850    72.0008     1.0547
  24    84.1724    81.0432    79.6799    98.9030     1.1607
  25    71.8471    80.4069    78.5792   113.2329     1.1607
  26    74.2024    79.7256    77.7816   124.1252     1.1606
  27    57.3847    79.1132    77.1745    95.7087     1.1606
  28    71.4003    78.5805    76.9910    97.5371     1.1605
  29    78.1601    78.0935    77.1697    62.5209     1.1558
  30   104.7521    77.4715    76.6434    74.8797     1.1558
  31    69.3542    76.7101    75.3079    81.7105     1.1862
  32    70.2353    75.6076    73.9775    96.5393     1.1862
  33    87.3155    74.3425    72.6825   122.0463     1.1862
  34   116.4818    72.0290    68.4852   347.8065     1.1861
  35    73.3485    69.7037    68.0258   103.6397     1.1861
  36   103.7401    68.5833    67.0366   134.9115     1.1861
  37    59.6154    67.5689    65.6043   102.4555     1.1427
  38    99.0202    65.1101    61.2870   331.0285     1.1427
  39    69.2604    63.6229    62.1088    91.7423     1.1426
  40    35.1283    63.1435    62.2177    28.0375     1.1527
  41    32.7567    62.8800    61.7474    32.1879     1.1526
  42    48.7032    62.5566    61.5444    42.6381     1.1526
  43    31.2410    62.2596    61.8562     7.2334     1.7291
  44    47.4236    61.8687    61.2201    17.6663     1.7290
  45    51.4296    62.2901    61.5869    22.5758     1.5975
  46    50.7740    59.1614    57.9493    38.5063     1.5975
  47    53.8238    56.0051    54.8369    39.2019     1.5974
  48    56.7979    53.0899    51.9241    41.2216     1.5974
  49    55.7584    50.3475    49.1011    43.2476     1.5972
  50    79.1770    47.2380    45.8388    69.1612     1.5971
  51    86.6833    63.6046    56.2782   356.7549     1.7800
  52    43.5660    54.2248    53.1809    25.4948     1.7800
  53    33.2415    78.1793    77.4062    22.8509     1.1207
  54    46.0977    77.7005    76.5279    48.3644     1.1207
  55    41.1461    81.0766    80.1763    21.5624     1.7176
  56    22.3607    80.6404    79.1081    19.9624     1.7176
  57    36.0000    80.1744    78.9707    25.1669     1.7175
  58    38.2753    78.8614    77.2902    31.1277     1.9336
  59    80.0062    75.9879    74.6417    55.5400     1.9335
  60    57.6281    72.8398    71.7889    43.7278     1.3802
  61    66.0984    68.9854    67.7234    60.3854     1.3802
  62    58.1378    77.4703    75.9593    35.7845     2.4500
  63    79.3221    64.6943    62.3859    74.7712     2.4500
  64    77.6981    55.3408    53.6508    53.5870     2.4500
  65    73.5391    54.1157    55.6652   -46.5431     2.4500
  66    87.3212    82.4252    80.8508    83.1426     1.6486
  67    51.9711    79.8243    77.5078    73.0232     1.6484
  68    96.2549    76.8945    74.5558   136.4629     1.6481
  69    85.9884    73.3914    70.0772   172.8210     1.6478
  70    47.8017    69.0834    66.1826    82.6194     1.6772
  71    58.8218    67.7045    65.4516    78.9721     1.6767
  72    41.4005    66.7962    65.2186    37.6585     1.7333
  73    30.4138    66.2633    64.5878    29.4737     1.7333
  74    53.9073    64.4622    63.5853    28.5885     1.6490
  75    93.6803    57.8285    56.2107    92.0920     1.6483
  76    93.0054    50.2032    48.5140    95.3706     1.6478
  77    98.7168    82.3830    80.9550    85.9331     1.6365
  78    73.6614    78.5016    76.4758    91.0681     1.6363
  79    26.4197    76.3476    74.7880    25.1261     1.6362
  80    39.1152    75.0863    73.5934    29.8284     1.9615
  81    47.2652    73.1643    71.3539    43.5546     1.9612
  82    48.5077    68.6126    66.5388    59.0825     1.7006
  83    58.8727    62.1626    59.8430    80.1469     1.7004
  84    76.3675    55.7324    53.4578   101.9783     1.7000
  85    76.3675    50.1265    47.7472   106.8162     1.6996
  86   114.0395    44.4846    42.1178   158.7395     1.6994
  87   114.5469    39.1571    36.9515   148.4685     1.6993
  88   126.2101    34.7543    32.7922   145.8864     1.6993
  89   129.7690    30.9713    29.3917   120.5542     1.6995
  90   107.9120    82.5889    80.9425   102.7666     1.7282
  91   107.4663    76.0811    73.7597   144.2006     1.7279
  92    49.8197    70.4334    68.8530    46.5615     1.6924
  93   112.5389    62.6485    60.8943   116.5563     1.6919
  94   116.6919    54.6024    52.9981   110.5500     1.6907
  95    62.3939    74.5393    71.5699   166.6135     1.1106
  96    69.8140    73.7941    72.2235    79.5059     1.3769
  97    57.2189    73.0559    71.3307    71.6538     1.3769
  98    24.0000    74.2074    74.1478     1.1466     1.1955
  99    31.7805    74.1405    73.5689    15.1599     1.1955
 100    13.4536    74.0525    73.5045     5.2380     1.4039
 101    41.1096    73.9769    73.6269    10.2822     1.4039
 102    44.5533    65.5089    63.7892    40.7805     1.8799
 103    79.2465    61.7280    60.1498    66.2863     1.8799
 104   101.5332    57.6497    56.1508    80.7825     1.8798
 105    73.8241    83.6185    82.3080    54.0936     1.7885
 106    70.3420    78.4399    75.5399   114.0325     1.7883
 107   103.4650    71.7139    68.6033   179.8760     1.7880
 108   104.9571    65.5663    62.5487   177.0971     1.7877
 109   102.1567    60.9368    58.0627   164.3890     1.7874
 110   103.0776    57.3012    54.6090   155.2144     1.7873
 111    43.4626    55.2107    52.8204    58.1855     1.7872
 112    51.8941    54.1359    52.2155    55.6573     1.7872
 113   112.4322    80.8367    79.5965    70.2360     1.9842
 114   119.5701    71.1545    69.2469   114.7000     1.9839
 115    65.0000    64.5950    62.5401    67.3704     1.9836
 116    76.2955    60.5546    58.5004    78.9574     1.9834
 117    84.6936    56.6937    54.6774    86.0038     1.9832
 118    85.7963    53.3811    51.4565    83.3515     1.9831
 119    58.6941    50.7633    48.4972    67.0328     1.9829
 120    39.6989    48.8906    46.3386    51.0370     1.9829
 121    80.4114    47.1655    45.8296    54.0752     1.9828
 122    38.3275    76.8962    75.9698    24.2529     1.4616
 123   144.7791    74.6064    72.6749   191.2152     1.4615
 124   142.8741    70.6901    68.6752   196.6696     1.4614
 125    52.9245    62.0520    60.5027    60.9363     1.3443
 126    41.0122    61.4262    59.9574    44.8194     1.3443
 127    67.4240    60.8431    59.6855    57.9113     1.3443
 128    56.3028    61.1144    60.5250    27.2649     1.2093
 129    49.7393    60.4540    60.2375     8.8029     1.2093
 130    36.8917    44.8446    43.8218    22.7851     1.6555
 131    53.0000    43.8945    43.6687     7.1343     1.6557
 132    74.0945    53.2946    52.6663    38.3555     1.2093
 133    74.2159    52.0232    51.1257    54.9984     1.2093
 134    47.3814    77.0327    75.6745    52.3058     1.2306
 135   116.4989    75.6915    74.0313   157.0295     1.2306
 136    76.8505    74.0263    72.1192   118.9262     1.2306
 137    82.0061    72.5667    70.5253   136.0218     1.2306
 138    83.8153    71.1501    69.1662   135.0369     1.2307
 139    29.1548    79.7048    78.9047    15.0509     1.5370
 140    90.2109    78.1636    76.3572   105.7737     1.5370
 141   104.8093    74.8399    72.6127   151.8219     1.5369
 142    84.8999    70.2450    69.0755    58.1514     1.6960
 143    58.0086    65.9360    65.8323     3.4122     1.6959
 144    60.8276    59.7839    58.2045    39.5916     2.4192
 145   113.1459    47.7252    46.5429    55.3291     2.4164
 146   106.2309    39.8908    38.9010    43.5604     2.4144
 147   129.7112    32.0216    30.4323    85.2825     2.4140
 148    76.2955    21.9112    20.0244    59.5664     2.4149
 149    95.9010    15.8911    15.9606    -2.6697     2.4172
 150    74.0608    65.2509    63.8345    90.7166     1.1558
 151   100.2447    63.2824    61.5247   152.1939     1.1560
 152    36.8917    61.7363    60.0553    53.5755     1.1560
 153    51.0098    60.9415    59.5901    59.3977     1.1560
 154   108.7842    59.6056    58.0755   143.4242     1.1560
 155   106.1744    57.7433    56.1686   144.4938     1.1559
 156    51.4781    56.4422    54.5268    85.2312     1.1559
 157    80.6226    44.2456    43.2106    48.2201     1.7276
 158    79.7621    37.9713    36.6379    61.4991     1.7280
 159    62.3939    32.3896    30.8153    56.7965     1.7286
 160   110.8197    72.6773    71.3038    87.2731     1.7397
 161   105.2616    66.4929    64.9555    93.1145     1.7395
 162   109.5628    61.4645    59.7900   105.4508     1.7394
 163   105.8489    56.7350    54.6194   128.7565     1.7393
 164    85.4283    52.4589    50.0193   119.7223     1.7392
 165    82.4621    49.2152    46.9549   107.0240     1.7391
 166    85.4225    46.6123    44.6229    97.7490     1.7391
 167    50.0100    44.8611    42.9503    54.9608     1.7391
 168    44.6878    43.8117    42.2062    41.2514     1.7392
 169    72.3671    43.1922    43.3945    -8.3265     1.7392
 170    88.3629    69.9792    68.8570    61.6818     1.6077
 171    69.8928    66.0479    64.7064    58.3335     1.6076
 172    73.0548    62.4609    60.8865    71.3696     1.6075
 173    87.3212    58.7849    57.0656    93.4882     1.6073
 174    82.0244    54.9936    53.0538    98.8741     1.6071
 175    82.0244    51.6005    49.5788   103.2124     1.6070
 176    95.3415    48.4077    46.4133   118.3439     1.6069
 177    98.4886    45.4909    43.6414   113.2684     1.6070
 178   106.0424    42.8811    41.1182   116.2362     1.6071
 179   107.1681    40.5796    39.0891    99.1913     1.6072
 180   106.6677    39.3877    39.5874   -13.3467     1.6073
 181    34.4819    29.1794    28.4603    14.8501     1.6834
 182    29.1548    28.7170    27.8289    15.3662     1.6835
 183   132.6386    27.4172    26.4269    77.7566     1.6837
 184   130.8014    24.5175    23.3677    89.0142     1.6840
 185    40.3113    72.4879    70.8170    33.9748     1.9790
 186    79.6053    69.2691    66.5773   108.3166     1.9785
 187    75.1798    65.1034    62.3560   104.2810     1.9776
 188    63.6003    61.8777    58.9933    92.8168     1.9769
 189   110.1136    58.0141    54.5054   195.4927     1.9769
 190    72.2011    48.9794    47.3060    50.9963     2.3700
 191    69.0290    43.9900    42.3148    48.7731     2.3690
 192    76.4853    40.0501    38.5826    47.4586     2.3682
 193    70.7248    36.5082    34.7851    51.4591     2.3679
 194    77.0584    32.7101    31.1029    52.3575     2.3679
 195   111.5437    48.6488    45.7585   207.3659     1.5533
 196   102.0441    47.0366    45.4329   105.2492     1.5533
 197    47.4236    46.4791    46.0511    12.9673     1.5533
 198    56.3560    46.4843    46.9722   -17.7623     1.5532
 199    74.0405    46.7856    47.8180   -49.1096     1.5532
 200    51.8845    72.5732    72.0323    22.2009     1.2646
 201    84.1724    72.0372    71.1221    60.9119     1.2646
 202    63.2456    71.3280    70.2777    52.3931     1.2645
 203    78.6448    70.5941    69.4317    72.1174     1.2645
 204    70.8378    73.4646    72.8216    28.4804     1.5979
 205    74.4110    71.6005    70.6450    44.5441     1.5978
 206    85.4751    69.3043    68.2597    55.8658     1.5976
 207    88.8369    66.9866    65.9335    58.5480     1.5974
 208    86.2670    72.8454    70.2307   198.5931     1.1359
 209   111.3194    37.6814    39.1070    40.4613     2.2708
 210    98.7927    19.7655    19.6589    10.9765     2.2705
 211   108.1897    30.2273    27.5025   -56.6685     2.2703
 212   111.0721    56.7085    55.8040    63.3460     1.5817
 213    65.7951    50.4899    49.5541    38.7409     1.5815
 214    80.6040    45.5694    44.3155    63.7769     1.5813
 215    83.4865    39.5852    37.9487    86.3658     1.5808
 216    56.0803    34.3637    32.5043    65.8903     1.5804
 217    59.9333    30.1576    28.3334    68.9641     1.5802
 218    25.9615    27.0645    25.2234    30.1810     1.5802
 219    29.0000    25.1845    23.6180    28.6629     1.5804
 220    46.6154    23.3199    22.4070    26.9737     1.5807
 221    99.0454    24.3603    26.2349  -117.6590     1.5812
 222   124.8679    29.0175    30.3001    53.5879     2.4500
 223    89.8944    32.3959    28.9269   -75.6447     2.4500
 224    53.6004    52.4629    52.0429    13.4082     1.6636
 225    56.8243    48.2999    47.7174    19.8636     1.6636
 226    52.1536    45.4572    45.4775    -0.8066     1.6635
 227   102.8008    75.2360    73.9430    58.7938     2.2616
 228    90.7855    61.7732    59.8583    76.8611     2.2609
 229   128.6934    51.3303    49.3133   114.6793     2.2595
 230    65.8027    44.6356    42.6305    58.4840     2.2583
 231    66.4003    41.0584    39.0841    58.0051     2.2578
 232    83.1986    38.4240    37.8613    20.5515     2.2579
 233    25.4951    64.2954    62.0105    23.7372     2.4500
 234    76.3806    56.7370    54.9651    55.1427     2.4500
 235    32.2800    53.3879    53.8865    -6.6436     2.4500
 236    85.0941    44.9501    44.0286    48.3968     1.6187
 237    84.7585    40.3335    39.3248    52.7925     1.6195
 238    81.0247    38.6918    39.4692   -38.8312     1.6203
 239    78.7210    24.0771    22.9387    36.4488     2.4494
 240    82.7345    16.0729    15.9147     5.2781     2.4500
 241    83.6301    20.0349    20.6879   -22.2381     2.4500
 242    81.4678    27.4021    28.1033   -23.4227     2.4500
 243    22.4722    29.6944    29.0680     5.7246     2.4500
 244    96.6282    22.9045    22.0289    34.5180     2.4500
 245    54.1295    50.3398    48.8522    35.0768     2.2941
 246    40.0000    47.4312    45.2380    38.1450     2.2936
 247   130.0961    41.7919    39.3772   136.9842     2.2921
 248    84.4808    36.1430    34.2452    69.9507     2.2915
 249    28.1603    74.3774    73.5173     9.8414     2.4500
 250    34.5254    67.1755    65.7731    19.6606     2.4500
 251    31.8277    59.0238    56.9133    27.4463     2.4500
 252    72.9178    71.2448    69.7467    69.4528     1.5708
 253    71.5891    68.7624    67.2499    68.8432     1.5707
 254    78.2368    66.5612    65.2718    64.1643     1.5706
 255    78.2368    64.8303    63.8346    49.3846     1.5705
 256    72.4017    72.4841    70.7895    89.7990     1.3613
 257    69.4622    69.6873    67.8966    91.3719     1.3612
 258   115.2562    66.3673    64.4384   163.1559     1.3611
 259    79.0759    63.2972    61.8682    82.7869     1.3610
 260    35.4683    54.8648    53.3002    28.3996     1.9476
 261    40.0000    54.1052    53.9232     3.6450     1.9476
 262   130.3112    49.7974    48.7969   178.3107     0.7307
 263    58.0517    51.7115    49.9302   139.1003     0.7407
 264    79.4040    51.6665    50.2443   152.6904     0.7407
 265   123.0447    51.6017    50.1355   244.2292     0.7407
 266    62.6099    51.5422    50.1095   121.2914     0.7407
 267   111.2205    51.4886    50.1250   204.5638     0.7407
 268    59.5399    51.4376    50.0780   108.7574     0.7407
 269    68.9638    51.4024    50.3210   100.2269     0.7407
 270    37.4433    51.3733    49.6841    85.2128     0.7407
 271    53.2353    51.3506    50.5305    58.5767     0.7407
 272    39.6989    51.3275    49.8311    80.0098     0.7407
 273    72.7324    51.2984    50.2297   104.4427     0.7407
 274   111.8258    51.2523    50.1117   171.6922     0.7407
 275   116.0172    51.1979    50.0792   175.0726     0.7407
 276    82.3772    51.1481    50.0089   126.6567     0.7407
 277    70.6612    51.1131    50.1500    91.9936     0.7407
 278    38.0132    51.0934    50.4578    32.8210     0.7407
 279    33.5410    51.0818    50.2081    39.4281     0.7407
 280    23.3452    51.9073    51.6088     9.3350     0.7331
 281    39.5601    51.8983    51.0944    43.1652     0.7331
 282    43.1045    51.9447    50.8838    62.3637     0.7335
 283   109.6586    51.8986    50.0191   280.7510     0.7335
 284    59.2368    54.2180    52.8753    70.1292     1.1338
 285    64.2028    53.7147    53.1404    32.4637     1.1338
 286    51.4781    52.0843    51.1235    67.6194     0.7300
 287   123.3288    52.0341    50.8498   199.6581     0.7300
 288   104.8904    51.9738    50.8435   161.4175     0.7300
 289    57.6975    51.9306    50.6198   103.5393     0.7300
 290    69.8570    24.3741    23.8422    23.3618     1.5902
 291    74.0608    26.1876    29.2134  -141.1268     1.5908
 292    54.2033    51.7833    50.8438    69.1412     0.7358
 293    99.8248    51.7450    50.8324   123.4991     0.7358
 294    75.8024    51.7186    51.5368    18.6066     0.7358
 295    44.9444    49.5154    48.0378    90.5815     0.7300
 296    29.0689    49.4746    48.2299    49.4998     0.7300
 297    70.0071    49.4266    48.2257   114.8567     0.7300
 298    42.7551    49.3806    48.6157    44.6075     0.7300
 299    24.2074    49.3499    47.5034    61.2069     0.7300
 300    69.9214    49.3172    48.6646    61.9061     0.7300
 301    42.7551    49.2777    48.1649    64.8519     0.7300
 302    48.2701    49.2438    48.4446    52.3736     0.7300
 303    57.6975    49.2448    49.7360   -39.1246     0.7300
 304   100.3444    50.2759    48.2584   266.1940     0.7602
 305    86.6833    50.1637    48.7602   160.1711     0.7602
 306    48.7647    50.0875    48.6184    94.0040     0.7602
 307    29.2062    50.0432    48.6167    54.6293     0.7602
 308    80.0562    49.9812    48.5693   148.8261     0.7602
 309    40.4969    49.9150    48.4374    78.6810     0.7602
 310    45.2217    49.8670    48.4638    83.4802     0.7602
 311    40.8044    49.8195    48.3803    77.2226     0.7602
 312    46.5188    49.7706    48.3257    88.5232     0.7602
 313    47.3814    49.7180    48.2694    90.2740     0.7602
 314    47.1699    49.6696    48.4657    74.5125     0.7602
 315    68.2422    50.6352    49.5096   101.2653     0.7597
 316    52.3546    50.5716    49.0714   103.1912     0.7597
 317    66.4003    49.9693    49.0813    76.2191     0.7750
 318    65.8027    49.9249    49.1199    68.2842     0.7750
 319    77.6981    49.8757    49.1231    75.2140     0.7750
 320    92.0869    49.8439    49.7397    11.7449     0.7750
 321    97.3088    60.2089    59.4006    69.8623     1.1204
 322    62.6817    59.7039    58.7167    55.1419     1.1204
 323    70.1783    59.1957    57.9697    76.6270     1.1203
 324    72.3395    58.5172    56.7837   111.6632     1.1203
 325    88.0909    56.4960    55.3601   117.7307     0.8474
 326    75.7694    56.3471    54.7166   145.4630     0.8474
 327    69.5270    56.1998    54.5238   136.6799     0.8474
 328    68.8840    56.0635    54.4499   130.6550     0.8474
 329    90.4268    55.9202    54.5443   146.6194     0.8474
 330    91.5860    55.7893    54.7302   114.3440     0.8474
 331    65.8635    55.6866    54.3785   101.7514     0.8474
 332    97.2008    56.0092    54.3116   176.3774     0.9364
 333    97.9490    55.8255    54.6873   118.3184     0.9364
 334   109.1421    56.4057    54.9779   188.2140     0.8264
 335    61.8142    56.2177    54.0376   162.7936     0.8264
 336    73.0069    46.9443    46.1615    47.7272     1.1953
 337    61.4654    46.7557    47.7708   -52.5544     1.1953
 338    55.9464    50.1233    49.1915    46.2565     1.1267
 339    49.5177    49.1167    48.1584    42.0534     1.1267
 340    65.0000    57.4529    56.7661    48.1755     0.9277
 341    76.2955    57.3758    56.4149    78.7775     0.9277
 342    79.6241    57.2469    55.6194   139.4931     0.9277
 343   118.5116    48.9413    46.5866   227.8034     1.2239
 344    89.0056    48.5892    51.3013  -197.3516     1.2239
 345    74.9667    50.4219    55.8206  -330.8130     1.2239
 346    73.4370    52.7576    53.3556   -36.0025     1.2239
 347    72.4224    52.8262    52.7411     4.7194     1.2238
 348    71.1688    52.7249    52.4721    14.5330     1.2238
 349    55.5428    57.8972    56.8729    58.9855     0.9650
 350    93.3916    58.0975    60.5831  -240.9446     0.9650
 351    48.0000    59.7562    58.7192    51.3204     0.9658
 352    97.8621    59.6149    58.5606   106.3398     0.9658
 353    69.0290    59.4416    58.1009    95.8117     0.9658
 354   116.4560    49.2783    46.6804   213.5384     1.4157
 355    65.3070    48.5455    46.9238    74.8500     1.4157
 356    56.4004    48.2771    48.0535     8.7689     1.4156
 357   113.5694    64.2919    63.2531   107.0402     1.1009
 358    60.8030    64.0666    62.9895    59.3640     1.1009
 359    41.5933    63.9018    62.3428    58.9538     1.1009
 360    60.0750    61.7743    60.7295    56.9183     1.0991
 361    64.8460    61.5939    61.3575    13.6809     1.0990
 362    27.7849    61.6155    60.1940    34.6393     1.1362
 363    30.2324    61.5179    61.1847     8.8190     1.1362
 364    18.0278    66.6354    65.3942    17.7719     1.2598
 365    21.0000    66.3952    62.7584    60.6417     1.2598
 366    43.8634    62.3570    61.3598    33.0465     1.3175
 367    44.5533    62.0100    61.4632    18.3677     1.3175
 368    39.8497    63.4805    61.7076    53.1150     1.3293
 369    43.5660    62.8577    61.5248    43.5197     1.3292
 370    72.5328    40.5772    38.8221    78.5973     1.6170
 371   105.3091    47.3303    45.3048   131.7577     1.6172
 372    77.6981    57.7139    55.9113    86.5957     1.6176
 373    72.5672    41.8991    41.1783    32.9296     1.5798
 374    40.1622    40.1632    38.5600    40.7938     1.5795
 375    70.3420    37.7899    35.9088    83.6736     1.5794
 376    81.0247    34.7886    33.3280    74.9252     1.5795
 377    62.2977    35.3790    34.8758    22.7446     1.3699
 378    73.6614    34.6915    33.9889    37.4952     1.3701
 379    74.4110    34.1566    33.9523    10.8213     1.3702
 380    38.3275    34.9379    37.8548   -81.7920     1.3703
 381    77.8010    67.1405    65.6042    93.0561     1.2834
 382    43.2897    66.0586    64.3246    58.3362     1.2833
 383    37.4433    65.1797    62.6983    72.2312     1.2833
 384    75.7100    60.9585    59.8510    79.0134     1.0589
 385    71.8053    60.1603    58.7083    98.2361     1.0589
 386    75.6637    60.4023    59.2562    78.1433     1.1108
 387    48.3011    58.9914    57.8500    49.3942     1.1108
 388    44.5982    58.0984    57.1295    38.8604     1.1108
 389    76.0263    57.3612    57.0472    21.3663     1.1108
 390    46.8722    69.4088    68.4567    24.2979     1.8327
 391    52.4690    67.6942    65.9953    48.5423     1.8327
 392    49.0306    71.5712    69.5280    67.7747     1.4768
 393    46.8722    70.5046    68.7482    55.7949     1.4768
 394    69.8928    69.0935    67.3634    84.3344     1.4331
 395    70.0071    67.1724    65.4491    84.0418     1.4330
 396    75.1332    65.4843    63.8755    84.0418     1.4330
 397    25.5539    49.2213    48.2773    30.2676     0.8029
 398    21.4709    49.2208    50.0805   -22.7165     0.8029
 399    47.1699    43.2592    41.9125    38.9797     1.6238
 400   111.8258    42.6544    41.9152    50.6390     1.6243
 401    72.8011    32.0375    29.7943    81.9488     1.9914
 402    78.2304    29.6002    27.2788    91.2575     1.9920
 403    48.0104    27.7835    25.9709    43.6568     1.9928
 404    85.4751    26.2863    24.7776    64.6061     1.9931
 405   106.8925    24.1642    22.6457    81.4642     1.9934
 406    95.0000    22.6954    22.9577   -12.5335     1.9943
 407   103.7545    49.4823    48.3607   149.9757     0.7767
 408   104.5610    49.4569    48.0248   192.6924     0.7767
 409   103.7545    49.4291    48.0078   189.8797     0.7767
 410    79.3221    49.4051    47.9652   147.0220     0.7767
 411    57.2451    49.3874    47.9921   102.7674     0.7767
 412   128.5768    49.3631    47.9103   240.6197     0.7767
 413   125.6861    49.3288    47.8610   237.5532     0.7767
 414   129.8076    49.2948    47.8750   236.9285     0.7767
 415   126.4002    49.2642    48.1114   187.5653     0.7767
 416    75.0000    49.2480    48.5769    65.1035     0.7767
 417    79.2465    49.2977    57.0402  -790.1338     0.7767
 418    92.0489    49.3533    48.9562    47.1287     0.7767
 419    88.0909    49.3391    48.1686   132.7212     0.7767
 420    94.7629    49.3193    48.1846   138.2546     0.7767
 421    52.5547    50.9088    49.4673    48.7707     1.5515
 422    56.3028    50.4416    49.6628    28.1633     1.5515
 423    99.8098    49.5292    48.1058   187.1159     0.7580
 424    79.4040    49.5050    48.1452   142.1666     0.7580
 425    76.8440    49.4868    48.4558   104.3047     0.7580
 426    74.9466    49.5650    48.2185   133.2126     0.7555
 427    43.0465    49.5490    48.0921    83.0056     0.7555
 428    62.0322    49.5983    48.2751   109.1974     0.7519
 429    64.7765    49.5832    48.2664   113.4212     0.7519
 430    46.0435    49.6879    48.4019    77.0656     0.7657
 431    77.1622    49.6728    48.4242   125.5342     0.7657
 432    78.6448    49.6546    48.4134   127.3780     0.7657
 433    92.6553    49.7184    48.2871   172.0769     0.7684
 434    62.0322    49.7003    48.5597    91.6461     0.7684
 435    25.0799    49.8065    47.5287    75.9564     0.7514
 436    21.3776    49.7983    48.5294    36.1530     0.7514
 437    61.9112    22.2823    21.5510    27.7485     1.6302
 438    73.6003    22.5203    24.5935   -93.4253     1.6302
 439    55.9017    49.9857    48.0732   141.8632     0.7533
 440    97.8366    49.9650    48.6019   177.2448     0.7533
 441    55.7584    49.9432    48.0646   139.0119     0.7533
 442    32.8938    64.3012    61.9619    61.9740     1.2368
 443    36.0555    63.6592    62.2421    41.2455     1.2368
 444    48.2597    49.6198    48.1688    95.1740     0.7334
 445    50.9902    49.5681    48.3322    85.6674     0.7340
