10 10 10 880 6.203494
X, Y, Z coords of source points
 5 15 25 35 45 55 65 75 85 95
 5 15 25 35 45 55 65 75 85 95
 5 15 25 35 45 55 65 75 85 95
Tissue point xyz indices
   1    3    1   1    3    2   1    3    3   1    3    4   1    3    5   1    3    6   1    3    7   1    3    8   1    3    9   1    3   10
   1    4    1   1    4    2   1    4    3   1    4    4   1    4    5   1    4    6   1    4    7   1    4    8   1    4    9   1    4   10
   1    5    1   1    5    2   1    5    3   1    5    4   1    5    5   1    5    6   1    5    7   1    5    8   1    5    9   1    5   10
   1    6    1   1    6    2   1    6    3   1    6    4   1    6    5   1    6    6   1    6    7   1    6    8   1    6    9   1    6   10
   1    7    1   1    7    2   1    7    3   1    7    4   1    7    5   1    7    6   1    7    7   1    7    8   1    7    9   1    7   10
   1    8    1   1    8    2   1    8    3   1    8    4   1    8    5   1    8    6   1    8    7   1    8    8   1    8    9   1    8   10
   2    2    1   2    2    2   2    2    3   2    2    4   2    2    5   2    2    6   2    2    7   2    2    8   2    2    9   2    2   10
   2    3    1   2    3    2   2    3    3   2    3    4   2    3    5   2    3    6   2    3    7   2    3    8   2    3    9   2    3   10
   2    4    1   2    4    2   2    4    3   2    4    4   2    4    5   2    4    6   2    4    7   2    4    8   2    4    9   2    4   10
   2    5    1   2    5    2   2    5    3   2    5    4   2    5    5   2    5    6   2    5    7   2    5    8   2    5    9   2    5   10
   2    6    1   2    6    2   2    6    3   2    6    4   2    6    5   2    6    6   2    6    7   2    6    8   2    6    9   2    6   10
   2    7    1   2    7    2   2    7    3   2    7    4   2    7    5   2    7    6   2    7    7   2    7    8   2    7    9   2    7   10
   2    8    1   2    8    2   2    8    3   2    8    4   2    8    5   2    8    6   2    8    7   2    8    8   2    8    9   2    8   10
   2    9    1   2    9    2   2    9    3   2    9    4   2    9    5   2    9    6   2    9    7   2    9    8   2    9    9   2    9   10
   3    1    1   3    1    2   3    1    3   3    1    4   3    1    5   3    1    6   3    1    7   3    1    8   3    1    9   3    1   10
   3    2    1   3    2    2   3    2    3   3    2    4   3    2    5   3    2    6   3    2    7   3    2    8   3    2    9   3    2   10
   3    3    1   3    3    2   3    3    3   3    3    4   3    3    5   3    3    6   3    3    7   3    3    8   3    3    9   3    3   10
   3    4    1   3    4    2   3    4    3   3    4    4   3    4    5   3    4    6   3    4    7   3    4    8   3    4    9   3    4   10
   3    5    1   3    5    2   3    5    3   3    5    4   3    5    5   3    5    6   3    5    7   3    5    8   3    5    9   3    5   10
   3    6    1   3    6    2   3    6    3   3    6    4   3    6    5   3    6    6   3    6    7   3    6    8   3    6    9   3    6   10
   3    7    1   3    7    2   3    7    3   3    7    4   3    7    5   3    7    6   3    7    7   3    7    8   3    7    9   3    7   10
   3    8    1   3    8    2   3    8    3   3    8    4   3    8    5   3    8    6   3    8    7   3    8    8   3    8    9   3    8   10
   3    9    1   3    9    2   3    9    3   3    9    4   3    9    5   3    9    6   3    9    7   3    9    8   3    9    9   3    9   10
   3   10    1   3   10    2   3   10    3   3   10    4   3   10    5   3   10    6   3   10    7   3   10    8   3   10    9   3   10   10
   4    1    1   4    1    2   4    1    3   4    1    4   4    1    5   4    1    6   4    1    7   4    1    8   4    1    9   4    1   10
   4    2    1   4    2    2   4    2    3   4    2    4   4    2    5   4    2    6   4    2    7   4    2    8   4    2    9   4    2   10
   4    3    1   4    3    2   4    3    3   4    3    4   4    3    5   4    3    6   4    3    7   4    3    8   4    3    9   4    3   10
   4    4    1   4    4    2   4    4    3   4    4    4   4    4    5   4    4    6   4    4    7   4    4    8   4    4    9   4    4   10
   4    5    1   4    5    2   4    5    3   4    5    4   4    5    5   4    5    6   4    5    7   4    5    8   4    5    9   4    5   10
   4    6    1   4    6    2   4    6    3   4    6    4   4    6    5   4    6    6   4    6    7   4    6    8   4    6    9   4    6   10
   4    7    1   4    7    2   4    7    3   4    7    4   4    7    5   4    7    6   4    7    7   4    7    8   4    7    9   4    7   10
   4    8    1   4    8    2   4    8    3   4    8    4   4    8    5   4    8    6   4    8    7   4    8    8   4    8    9   4    8   10
   4    9    1   4    9    2   4    9    3   4    9    4   4    9    5   4    9    6   4    9    7   4    9    8   4    9    9   4    9   10
   4   10    1   4   10    2   4   10    3   4   10    4   4   10    5   4   10    6   4   10    7   4   10    8   4   10    9   4   10   10
   5    1    1   5    1    2   5    1    3   5    1    4   5    1    5   5    1    6   5    1    7   5    1    8   5    1    9   5    1   10
   5    2    1   5    2    2   5    2    3   5    2    4   5    2    5   5    2    6   5    2    7   5    2    8   5    2    9   5    2   10
   5    3    1   5    3    2   5    3    3   5    3    4   5    3    5   5    3    6   5    3    7   5    3    8   5    3    9   5    3   10
   5    4    1   5    4    2   5    4    3   5    4    4   5    4    5   5    4    6   5    4    7   5    4    8   5    4    9   5    4   10
   5    5    1   5    5    2   5    5    3   5    5    4   5    5    5   5    5    6   5    5    7   5    5    8   5    5    9   5    5   10
   5    6    1   5    6    2   5    6    3   5    6    4   5    6    5   5    6    6   5    6    7   5    6    8   5    6    9   5    6   10
   5    7    1   5    7    2   5    7    3   5    7    4   5    7    5   5    7    6   5    7    7   5    7    8   5    7    9   5    7   10
   5    8    1   5    8    2   5    8    3   5    8    4   5    8    5   5    8    6   5    8    7   5    8    8   5    8    9   5    8   10
   5    9    1   5    9    2   5    9    3   5    9    4   5    9    5   5    9    6   5    9    7   5    9    8   5    9    9   5    9   10
   5   10    1   5   10    2   5   10    3   5   10    4   5   10    5   5   10    6   5   10    7   5   10    8   5   10    9   5   10   10
   6    1    1   6    1    2   6    1    3   6    1    4   6    1    5   6    1    6   6    1    7   6    1    8   6    1    9   6    1   10
   6    2    1   6    2    2   6    2    3   6    2    4   6    2    5   6    2    6   6    2    7   6    2    8   6    2    9   6    2   10
   6    3    1   6    3    2   6    3    3   6    3    4   6    3    5   6    3    6   6    3    7   6    3    8   6    3    9   6    3   10
   6    4    1   6    4    2   6    4    3   6    4    4   6    4    5   6    4    6   6    4    7   6    4    8   6    4    9   6    4   10
   6    5    1   6    5    2   6    5    3   6    5    4   6    5    5   6    5    6   6    5    7   6    5    8   6    5    9   6    5   10
   6    6    1   6    6    2   6    6    3   6    6    4   6    6    5   6    6    6   6    6    7   6    6    8   6    6    9   6    6   10
   6    7    1   6    7    2   6    7    3   6    7    4   6    7    5   6    7    6   6    7    7   6    7    8   6    7    9   6    7   10
   6    8    1   6    8    2   6    8    3   6    8    4   6    8    5   6    8    6   6    8    7   6    8    8   6    8    9   6    8   10
   6    9    1   6    9    2   6    9    3   6    9    4   6    9    5   6    9    6   6    9    7   6    9    8   6    9    9   6    9   10
   6   10    1   6   10    2   6   10    3   6   10    4   6   10    5   6   10    6   6   10    7   6   10    8   6   10    9   6   10   10
   7    1    1   7    1    2   7    1    3   7    1    4   7    1    5   7    1    6   7    1    7   7    1    8   7    1    9   7    1   10
   7    2    1   7    2    2   7    2    3   7    2    4   7    2    5   7    2    6   7    2    7   7    2    8   7    2    9   7    2   10
   7    3    1   7    3    2   7    3    3   7    3    4   7    3    5   7    3    6   7    3    7   7    3    8   7    3    9   7    3   10
   7    4    1   7    4    2   7    4    3   7    4    4   7    4    5   7    4    6   7    4    7   7    4    8   7    4    9   7    4   10
   7    5    1   7    5    2   7    5    3   7    5    4   7    5    5   7    5    6   7    5    7   7    5    8   7    5    9   7    5   10
   7    6    1   7    6    2   7    6    3   7    6    4   7    6    5   7    6    6   7    6    7   7    6    8   7    6    9   7    6   10
   7    7    1   7    7    2   7    7    3   7    7    4   7    7    5   7    7    6   7    7    7   7    7    8   7    7    9   7    7   10
   7    8    1   7    8    2   7    8    3   7    8    4   7    8    5   7    8    6   7    8    7   7    8    8   7    8    9   7    8   10
   7    9    1   7    9    2   7    9    3   7    9    4   7    9    5   7    9    6   7    9    7   7    9    8   7    9    9   7    9   10
   7   10    1   7   10    2   7   10    3   7   10    4   7   10    5   7   10    6   7   10    7   7   10    8   7   10    9   7   10   10
   8    1    1   8    1    2   8    1    3   8    1    4   8    1    5   8    1    6   8    1    7   8    1    8   8    1    9   8    1   10
   8    2    1   8    2    2   8    2    3   8    2    4   8    2    5   8    2    6   8    2    7   8    2    8   8    2    9   8    2   10
   8    3    1   8    3    2   8    3    3   8    3    4   8    3    5   8    3    6   8    3    7   8    3    8   8    3    9   8    3   10
   8    4    1   8    4    2   8    4    3   8    4    4   8    4    5   8    4    6   8    4    7   8    4    8   8    4    9   8    4   10
   8    5    1   8    5    2   8    5    3   8    5    4   8    5    5   8    5    6   8    5    7   8    5    8   8    5    9   8    5   10
   8    6    1   8    6    2   8    6    3   8    6    4   8    6    5   8    6    6   8    6    7   8    6    8   8    6    9   8    6   10
   8    7    1   8    7    2   8    7    3   8    7    4   8    7    5   8    7    6   8    7    7   8    7    8   8    7    9   8    7   10
   8    8    1   8    8    2   8    8    3   8    8    4   8    8    5   8    8    6   8    8    7   8    8    8   8    8    9   8    8   10
   8    9    1   8    9    2   8    9    3   8    9    4   8    9    5   8    9    6   8    9    7   8    9    8   8    9    9   8    9   10
   8   10    1   8   10    2   8   10    3   8   10    4   8   10    5   8   10    6   8   10    7   8   10    8   8   10    9   8   10   10
   9    2    1   9    2    2   9    2    3   9    2    4   9    2    5   9    2    6   9    2    7   9    2    8   9    2    9   9    2   10
   9    3    1   9    3    2   9    3    3   9    3    4   9    3    5   9    3    6   9    3    7   9    3    8   9    3    9   9    3   10
   9    4    1   9    4    2   9    4    3   9    4    4   9    4    5   9    4    6   9    4    7   9    4    8   9    4    9   9    4   10
   9    5    1   9    5    2   9    5    3   9    5    4   9    5    5   9    5    6   9    5    7   9    5    8   9    5    9   9    5   10
   9    6    1   9    6    2   9    6    3   9    6    4   9    6    5   9    6    6   9    6    7   9    6    8   9    6    9   9    6   10
   9    7    1   9    7    2   9    7    3   9    7    4   9    7    5   9    7    6   9    7    7   9    7    8   9    7    9   9    7   10
   9    8    1   9    8    2   9    8    3   9    8    4   9    8    5   9    8    6   9    8    7   9    8    8   9    8    9   9    8   10
   9    9    1   9    9    2   9    9    3   9    9    4   9    9    5   9    9    6   9    9    7   9    9    8   9    9    9   9    9   10
  10    3    1  10    3    2  10    3    3  10    3    4  10    3    5  10    3    6  10    3    7  10    3    8  10    3    9  10    3   10
  10    4    1  10    4    2  10    4    3  10    4    4  10    4    5  10    4    6  10    4    7  10    4    8  10    4    9  10    4   10
  10    5    1  10    5    2  10    5    3  10    5    4  10    5    5  10    5    6  10    5    7  10    5    8  10    5    9  10    5   10
  10    6    1  10    6    2  10    6    3  10    6    4  10    6    5  10    6    6  10    6    7  10    6    8  10    6    9  10    6   10
  10    7    1  10    7    2  10    7    3  10    7    4  10    7    5  10    7    6  10    7    7  10    7    8  10    7    9  10    7   10
  10    8    1  10    8    2  10    8    3  10    8    4  10    8    5  10    8    6  10    8    7  10    8    8  10    8    9  10    8   10
0.184229 = g0, source strengths for solute 1
  -0.155884 -0.0739803 -0.0517999 -0.0429075 -0.0384389 -0.0363003 -0.0360964 -0.0385483 -0.0477161 -0.0881252
  -0.161354  -0.066998 -0.0447397 -0.0363041 -0.0317258 -0.0291079 -0.0281013 -0.0293723 -0.0373789 -0.0818549
  -0.177443 -0.0748174 -0.0503017 -0.0406656 -0.0350536 -0.0315289 -0.0297803 -0.0304332 -0.0383138 -0.0854799
  -0.177462 -0.0748557 -0.0503382 -0.0407059 -0.0350819 -0.0315668 -0.0298103 -0.0304535 -0.0383372 -0.0854915
  -0.161431 -0.0670827 -0.0448232 -0.0364074 -0.0318112 -0.0292054 -0.0281775 -0.0294423 -0.0374379 -0.0819054
  -0.155995 -0.0741047 -0.0519414 -0.0430604  -0.038583 -0.0364428 -0.0362313 -0.0386678 -0.0478203  -0.088205
  -0.155808 -0.0677119 -0.0456626 -0.0373904 -0.0331574 -0.0309686 -0.0304604 -0.0323445 -0.0410569 -0.0836529
  -0.179357  -0.068645 -0.0461818  -0.037374 -0.0313025 -0.0267563 -0.0235644 -0.0221405 -0.0274024 -0.0772156
  -0.262042  -0.133107  -0.102782 -0.0856189 -0.0711709 -0.0593865 -0.0500897 -0.0432783 -0.0445336  -0.100479
  -0.341106  -0.208051  -0.171288   -0.14508  -0.121481  -0.101794 -0.0858955 -0.0732573 -0.0697155   -0.12721
  -0.341088  -0.208026  -0.171251  -0.145038   -0.12144  -0.101764 -0.0858619 -0.0732359 -0.0697016  -0.127193
  -0.261973  -0.133038   -0.10271 -0.0855259 -0.0710801 -0.0593016  -0.050023 -0.0431984 -0.0444664  -0.100438
  -0.179288 -0.0685534 -0.0460763 -0.0372537 -0.0311954 -0.0266563 -0.0234723  -0.022054 -0.0273341 -0.0771631
   -0.15577 -0.0676704 -0.0456133 -0.0373373 -0.0330994 -0.0309132 -0.0304045  -0.032284 -0.0410064 -0.0836014
  -0.155974 -0.0740826 -0.0519223 -0.0430337 -0.0385637 -0.0364205 -0.0362085 -0.0386514 -0.0478024 -0.0881793
    -0.1793 -0.0685687 -0.0461068  -0.037269 -0.0312215 -0.0266735 -0.0234993 -0.0220673 -0.0273547 -0.0771644
  -0.339579  -0.207026  -0.170789  -0.144946  -0.121564  -0.101977 -0.0860399 -0.0732622 -0.0694153   -0.12641
  -0.631613  -0.529716   -0.48135  -0.426363  -0.371009  -0.321996  -0.279785  -0.241999  -0.212165   -0.25163
  -0.871254   -0.81409  -0.765832  -0.698099  -0.626513   -0.56044  -0.500974  -0.444434  -0.389804  -0.393957
  -0.871255  -0.814093  -0.765832  -0.698104  -0.626525  -0.560449   -0.50098  -0.444441  -0.389809  -0.393957
  -0.631623   -0.52973   -0.48136  -0.426383  -0.371028  -0.322018  -0.279796  -0.242018  -0.212187  -0.251638
  -0.339601  -0.207056  -0.170822   -0.14497  -0.121601  -0.102011 -0.0860611 -0.0733001 -0.0694492   -0.12642
  -0.179309 -0.0685948 -0.0461425 -0.0373148  -0.031249 -0.0267073 -0.0235317 -0.0221033 -0.0273768 -0.0771812
  -0.155964 -0.0740826 -0.0519196 -0.0430463 -0.0385599 -0.0364237 -0.0362074 -0.0386482 -0.0478027 -0.0881701
  -0.161416  -0.067079 -0.0448197 -0.0363903 -0.0318172  -0.029192 -0.0281856 -0.0294472 -0.0374339 -0.0818802
   -0.26199  -0.133061  -0.102732  -0.085563 -0.0711223  -0.059351   -0.05006 -0.0432315 -0.0445079  -0.100445
  -0.631607  -0.529706  -0.481335   -0.42636  -0.371003  -0.321976  -0.279769  -0.241973  -0.212146  -0.251602
   -1.16876   -1.16235   -1.12152   -1.05461   -0.98117  -0.910267  -0.843132  -0.775167  -0.698011  -0.642785
   -1.49252   -1.51467   -1.48563   -1.43758   -1.38486   -1.33251   -1.28089   -1.22585   -1.15417   -1.04653
   -1.49252   -1.51467   -1.48563   -1.43758   -1.38486   -1.33251   -1.28089   -1.22585   -1.15417   -1.04653
   -1.16876   -1.16235   -1.12152   -1.05462  -0.981178   -0.91027  -0.843143  -0.775169  -0.698022  -0.642794
  -0.631602   -0.52971  -0.481335  -0.426368  -0.370998  -0.321972  -0.279763  -0.241985  -0.212136  -0.251599
  -0.261968  -0.133032  -0.102705 -0.0855281 -0.0710823 -0.0593154 -0.0500254 -0.0431973 -0.0444693  -0.100407
  -0.161361 -0.0670126 -0.0447452 -0.0363228 -0.0317342 -0.0290984 -0.0281015 -0.0293614 -0.0373577 -0.0818105
   -0.17742 -0.0748104 -0.0502965 -0.0406664 -0.0350292 -0.0315057 -0.0297442 -0.0303919 -0.0382672 -0.0854125
  -0.341035  -0.207964  -0.171203   -0.14499  -0.121391  -0.101718  -0.085815 -0.0732058 -0.0696563  -0.127134
  -0.871231  -0.814065  -0.765802  -0.698068  -0.626475  -0.560396  -0.500922  -0.444377  -0.389748    -0.3939
   -1.49252   -1.51467   -1.48562   -1.43758   -1.38485   -1.33251   -1.28088   -1.22584   -1.15416   -1.04653
   -1.82214   -1.82756   -1.81137   -1.79223   -1.77306   -1.75445   -1.73613   -1.71688   -1.69173   -1.63024
   -1.82214   -1.82756   -1.81137   -1.79223   -1.77306   -1.75445   -1.73613   -1.71688   -1.69173   -1.63024
   -1.49252   -1.51467   -1.48562   -1.43758   -1.38485   -1.33251   -1.28089   -1.22584   -1.15416   -1.04652
  -0.871233  -0.814066  -0.765804  -0.698072   -0.62648  -0.560398  -0.500934  -0.444378  -0.389751  -0.393903
  -0.341022  -0.207957  -0.171187  -0.144984  -0.121383  -0.101711 -0.0858036 -0.0731872 -0.0696333  -0.127128
  -0.177385  -0.074765 -0.0502531 -0.0406181 -0.0349805 -0.0314668 -0.0297031 -0.0303559 -0.0382326 -0.0853873
  -0.177387 -0.0747681  -0.050259 -0.0406214 -0.0349871 -0.0314666 -0.0296921 -0.0303548 -0.0382347 -0.0853809
  -0.341015  -0.207945   -0.17118  -0.144969  -0.121371   -0.10169 -0.0857998 -0.0731767 -0.0696324  -0.127133
  -0.871231  -0.814062  -0.765798  -0.698067  -0.626473  -0.560383  -0.500917  -0.444372  -0.389748  -0.393903
   -1.49252   -1.51467   -1.48563   -1.43758   -1.38485   -1.33251   -1.28089   -1.22584   -1.15417   -1.04653
   -1.82214   -1.82756   -1.81137   -1.79223   -1.77306   -1.75445   -1.73613   -1.71688   -1.69173   -1.63024
   -1.82214   -1.82756   -1.81137   -1.79223   -1.77306   -1.75445   -1.73613   -1.71688   -1.69173   -1.63024
   -1.49252   -1.51467   -1.48563   -1.43758   -1.38485   -1.33251   -1.28088   -1.22584   -1.15416   -1.04653
  -0.871228  -0.814062  -0.765794  -0.698062  -0.626463  -0.560393  -0.500909  -0.444364  -0.389741  -0.393905
  -0.341027  -0.207947  -0.171176  -0.144963  -0.121383  -0.101694 -0.0857939 -0.0731824 -0.0696472  -0.127146
  -0.177409 -0.0747836 -0.0502788 -0.0406356 -0.0350158 -0.0315028 -0.0297381 -0.0303905 -0.0382667 -0.0854289
  -0.161347  -0.066993 -0.0447282  -0.036306 -0.0317097 -0.0290922 -0.0280776 -0.0293495 -0.0373478 -0.0818202
   -0.26195  -0.133006  -0.102667 -0.0854989  -0.071063 -0.0592883 -0.0500096 -0.0431857 -0.0444669   -0.10042
  -0.631607  -0.529705  -0.481337  -0.426355  -0.370998  -0.321986  -0.279766  -0.241979  -0.212144   -0.25161
   -1.16877   -1.16236   -1.12153   -1.05462  -0.981188  -0.910277  -0.843152  -0.775181  -0.698031   -0.64281
   -1.49253   -1.51468   -1.48563   -1.43759   -1.38486   -1.33252    -1.2809   -1.22586   -1.15418   -1.04655
   -1.49253   -1.51468   -1.48563   -1.43759   -1.38486   -1.33252    -1.2809   -1.22586   -1.15418   -1.04655
   -1.16877   -1.16236   -1.12153   -1.05463  -0.981189  -0.910285   -0.84315  -0.775184  -0.698035  -0.642812
  -0.631622  -0.529716  -0.481356  -0.426376  -0.371013  -0.321998  -0.279801  -0.242007  -0.212164  -0.251632
  -0.261987  -0.133053  -0.102723 -0.0855526 -0.0711088 -0.0593479 -0.0500591 -0.0432366 -0.0445149  -0.100474
  -0.161416 -0.0670725 -0.0448177 -0.0363988 -0.0318147 -0.0291848 -0.0281813 -0.0294415 -0.0374271 -0.0818899
  -0.155957 -0.0740652  -0.051913 -0.0430341 -0.0385585 -0.0364206 -0.0362081 -0.0386463 -0.0478103 -0.0881814
  -0.179304 -0.0685891 -0.0461312 -0.0372975 -0.0312332 -0.0267197 -0.0235122 -0.0220922 -0.0273652 -0.0771804
  -0.339608  -0.207052  -0.170822  -0.144985   -0.12161  -0.102012 -0.0860717 -0.0732832 -0.0694414  -0.126429
  -0.631632  -0.529741  -0.481369  -0.426396  -0.371045   -0.32202  -0.279808  -0.242026  -0.212187  -0.251643
   -0.87127  -0.814109  -0.765853  -0.698126   -0.62654  -0.560463  -0.501006   -0.44445  -0.389823  -0.393971
  -0.871269  -0.814108  -0.765854  -0.698126  -0.626543  -0.560467     -0.501  -0.444449  -0.389823  -0.393974
  -0.631635  -0.529743  -0.481371  -0.426409  -0.371045  -0.322027  -0.279816  -0.242024  -0.212182  -0.251645
    -0.3396  -0.207051  -0.170831   -0.14498  -0.121601  -0.102009 -0.0860638 -0.0732813 -0.0694255  -0.126416
  -0.179301 -0.0685814 -0.0461161 -0.0372961 -0.0312194 -0.0266923 -0.0235026 -0.0220763 -0.0273422  -0.077159
  -0.155952 -0.0740631 -0.0518964 -0.0430184 -0.0385393 -0.0363964 -0.0361846   -0.03862 -0.0477836 -0.0881567
  -0.155763 -0.0676677 -0.0456109 -0.0373323 -0.0330976 -0.0309024 -0.0303898 -0.0322778 -0.0409828 -0.0835716
  -0.179289 -0.0685604 -0.0461088 -0.0372674  -0.031205 -0.0266749 -0.0234806 -0.0220542 -0.0273379 -0.0771402
   -0.26197  -0.133031  -0.102707 -0.0855298 -0.0710914 -0.0593145 -0.0500346 -0.0431957 -0.0444749   -0.10043
  -0.341067  -0.207994  -0.171234  -0.145013  -0.121427   -0.10175 -0.0858535 -0.0732326 -0.0696794  -0.127179
  -0.341066  -0.208002  -0.171221  -0.145019  -0.121419  -0.101747 -0.0858425 -0.0732268 -0.0696757   -0.12717
  -0.261968  -0.133028  -0.102695 -0.0855155 -0.0710755 -0.0593029 -0.0500108 -0.0431937 -0.0444663  -0.100424
  -0.179266 -0.0685439 -0.0460703 -0.0372449 -0.0311778  -0.026639 -0.0234547 -0.0220299 -0.0273179 -0.0771317
  -0.155741  -0.067637 -0.0455803  -0.037292  -0.033066 -0.0308719 -0.0303593 -0.0322526 -0.0409666 -0.0835593
  -0.155933 -0.0740383 -0.0518827 -0.0429925 -0.0385181 -0.0363729 -0.0361636 -0.0386055 -0.0477683 -0.0881512
  -0.161382 -0.0670318 -0.0447659  -0.036343  -0.031748 -0.0291296 -0.0281248  -0.029389 -0.0373842  -0.081841
  -0.177433 -0.0748192 -0.0503032 -0.0406675 -0.0350431 -0.0315282  -0.029759 -0.0304107 -0.0382922 -0.0854457
  -0.177439 -0.0748179 -0.0503052 -0.0406686 -0.0350384 -0.0315264  -0.029762 -0.0304111 -0.0382887 -0.0854403
  -0.161389  -0.067039  -0.044781 -0.0363552 -0.0317596 -0.0291442 -0.0281265 -0.0293946 -0.0373882 -0.0818509
  -0.155942 -0.0740518 -0.0518861 -0.0430087 -0.0385399 -0.0363958 -0.0361846  -0.038616 -0.0477744 -0.0881618
4.4541 = g0, source strengths for solute 2
    15.7652    15.6519    15.5254    15.3915    15.2627    15.1506    15.0644    15.0104    14.9945    15.0242
    15.8448    15.7201     15.575     15.419    15.2689     15.139    15.0394     14.977     14.958    14.9911
    15.9022    15.7727    15.6164    15.4466    15.2834    15.1427    15.0349    14.9671    14.9455    14.9789
    15.9022    15.7727    15.6164    15.4466    15.2834    15.1426    15.0349    14.9671    14.9455    14.9789
    15.8448    15.7201     15.575     15.419    15.2689     15.139    15.0394     14.977     14.958    14.9911
    15.7652    15.6519    15.5254    15.3915    15.2627    15.1506    15.0644    15.0104    14.9945    15.0242
     15.798     15.678    15.5422    15.3977    15.2589    15.1385    15.0461    14.9885    14.9719    15.0045
     15.954     15.814    15.6426    15.4558    15.2771    15.1238    15.0071    14.9339    14.9112    14.9496
    16.1439    15.9913     15.783     15.552    15.3329    15.1476    15.0073    14.9184    14.8873    14.9245
    16.2829    16.1235    15.8891    15.6272    15.3812    15.1749    15.0194    14.9201    14.8827     14.917
    16.2829    16.1235    15.8891    15.6272    15.3812    15.1749    15.0194    14.9201    14.8827     14.917
    16.1439    15.9913     15.783     15.552    15.3329    15.1476    15.0073    14.9184    14.8873    14.9245
     15.954     15.814    15.6426    15.4558    15.2771    15.1238    15.0071    14.9339    14.9112    14.9496
     15.798     15.678    15.5422    15.3977    15.2589    15.1385    15.0461    14.9885    14.9719    15.0045
    15.7652    15.6519    15.5254    15.3915    15.2627    15.1507    15.0644    15.0104    14.9945    15.0242
     15.954     15.814    15.6426    15.4558    15.2771    15.1238    15.0071    14.9339    14.9112    14.9496
    16.2786    16.1178    15.8825    15.6201    15.3739    15.1677    15.0123    14.9134    14.8768    14.9125
    16.7121    16.5295    16.2056    15.8475     15.523    15.2589    15.0625    14.9352    14.8799     14.905
    17.0797    16.8744    16.4676    16.0304    15.6463    15.3401    15.1142    14.9661    14.8961    14.9105
    17.0797    16.8744    16.4676    16.0304    15.6463    15.3401    15.1142    14.9661    14.8961    14.9105
    16.7121    16.5295    16.2056    15.8475     15.523    15.2589    15.0625    14.9352    14.8799     14.905
    16.2786    16.1178    15.8825    15.6201    15.3739    15.1677    15.0123    14.9134    14.8768    14.9125
     15.954     15.814    15.6426    15.4558    15.2771    15.1239    15.0071    14.9339    14.9112    14.9496
    15.7652    15.6519    15.5255    15.3915    15.2627    15.1507    15.0644    15.0104    14.9945    15.0242
    15.8448    15.7201     15.575     15.419    15.2689     15.139    15.0394     14.977     14.958    14.9911
    16.1439    15.9913     15.783     15.552    15.3329    15.1476    15.0073    14.9184    14.8873    14.9245
    16.7121    16.5295    16.2057    15.8475     15.523    15.2589    15.0625    14.9352    14.8799     14.905
    14.5348    14.4136    14.7015    15.3855    15.8216    15.4576    15.1924    15.0169    14.9265     14.925
    5.04218    3.45282    4.03071    5.41789    6.87265    8.20094    9.41833    10.6509    12.1704    14.1957
    5.04215    3.45275    4.03072    5.41785    6.87258    8.20088     9.4183    10.6509    12.1704    14.1956
    14.5347    14.4135    14.7014    15.3854    15.8216    15.4576    15.1924    15.0169    14.9265     14.925
    16.7121    16.5295    16.2057    15.8475     15.523    15.2589    15.0625    14.9352    14.8799     14.905
    16.1439    15.9913     15.783     15.552    15.3329    15.1476    15.0073    14.9184    14.8873    14.9245
    15.8448    15.7201     15.575     15.419    15.2689     15.139    15.0394     14.977     14.958    14.9911
    15.9022    15.7727    15.6164    15.4467    15.2834    15.1427    15.0349    14.9671    14.9456    14.9789
    16.2829    16.1235    15.8891    15.6272    15.3812    15.1749    15.0194    14.9201    14.8827     14.917
    17.0797    16.8744    16.4676    16.0304    15.6464    15.3401    15.1142    14.9661    14.8961    14.9105
    5.04223    3.45295    4.03083    5.41801    6.87273    8.20106    9.41849    10.6511    12.1705    14.1957
   -19.1346   -22.6621   -22.6511   -21.5151   -19.9983   -18.3677   -16.6944   -14.8991   -12.5466   -7.30134
   -19.1346   -22.6621   -22.6511   -21.5151   -19.9983   -18.3678   -16.6944   -14.8991   -12.5466   -7.30134
    5.04224     3.4529    4.03082    5.41803    6.87274    8.20097    9.41844    10.6511    12.1705    14.1958
    17.0797    16.8744    16.4676    16.0304    15.6464    15.3401    15.1142    14.9661    14.8961    14.9105
    16.2829    16.1235    15.8891    15.6272    15.3812    15.1749    15.0194    14.9201    14.8827     14.917
    15.9022    15.7727    15.6164    15.4467    15.2834    15.1427    15.0349    14.9671    14.9456    14.9789
    15.9022    15.7727    15.6164    15.4467    15.2834    15.1427    15.0349    14.9671    14.9455    14.9789
    16.2829    16.1235    15.8891    15.6272    15.3812    15.1749    15.0194    14.9201    14.8827     14.917
    17.0797    16.8744    16.4676    16.0304    15.6464    15.3401    15.1142    14.9661    14.8961    14.9105
    5.04216    3.45284     4.0308    5.41794     6.8727    8.20091    9.41843     10.651    12.1705    14.1957
   -19.1347   -22.6622   -22.6511   -21.5152   -19.9983   -18.3678   -16.6944   -14.8992   -12.5467   -7.30137
   -19.1346   -22.6622   -22.6511   -21.5151   -19.9983   -18.3678   -16.6944   -14.8991   -12.5467   -7.30139
    5.04217    3.45288    4.03082    5.41795    6.87276    8.20105     9.4185    10.6511    12.1705    14.1957
    17.0797    16.8744    16.4676    16.0304    15.6464    15.3401    15.1142    14.9661    14.8961    14.9105
    16.2829    16.1235    15.8891    15.6272    15.3812    15.1749    15.0194    14.9201    14.8827     14.917
    15.9022    15.7727    15.6164    15.4467    15.2834    15.1427    15.0349    14.9671    14.9456    14.9789
    15.8448    15.7201     15.575     15.419    15.2689     15.139    15.0394     14.977     14.958    14.9911
    16.1439    15.9913     15.783     15.552    15.3329    15.1476    15.0073    14.9184    14.8873    14.9245
    16.7121    16.5295    16.2057    15.8475     15.523    15.2589    15.0625    14.9352    14.8799     14.905
    14.5346    14.4133    14.7012    15.3853    15.8216    15.4576    15.1924    15.0169    14.9265     14.925
     5.0419    3.45259    4.03046    5.41757    6.87232    8.20062    9.41807    10.6507    12.1701    14.1954
    5.04187    3.45258    4.03047     5.4176    6.87232    8.20065    9.41806    10.6507    12.1701    14.1954
    14.5346    14.4133    14.7012    15.3852    15.8216    15.4576    15.1924    15.0169    14.9265     14.925
    16.7121    16.5295    16.2057    15.8475     15.523    15.2589    15.0625    14.9352    14.8799     14.905
    16.1439    15.9913    15.7831     15.552    15.3329    15.1476    15.0073    14.9184    14.8873    14.9245
    15.8448    15.7201     15.575     15.419    15.2689     15.139    15.0394     14.977     14.958    14.9912
    15.7653    15.6519    15.5255    15.3915    15.2627    15.1507    15.0644    15.0104    14.9945    15.0242
     15.954     15.814    15.6426    15.4558    15.2771    15.1239    15.0071    14.9339    14.9112    14.9496
    16.2786    16.1178    15.8825    15.6202    15.3739    15.1677    15.0123    14.9135    14.8768    14.9125
    16.7121    16.5295    16.2057    15.8475     15.523    15.2589    15.0625    14.9352    14.8799     14.905
    17.0797    16.8744    16.4676    16.0304    15.6464    15.3401    15.1142    14.9661    14.8961    14.9105
    17.0797    16.8744    16.4676    16.0304    15.6464    15.3401    15.1142    14.9661    14.8961    14.9105
    16.7121    16.5295    16.2057    15.8475     15.523    15.2589    15.0625    14.9352    14.8799     14.905
    16.2786    16.1178    15.8825    15.6202    15.3739    15.1677    15.0123    14.9135    14.8768    14.9125
     15.954    15.8141    15.6426    15.4558    15.2771    15.1239    15.0071    14.9339    14.9112    14.9496
    15.7653    15.6519    15.5255    15.3915    15.2627    15.1507    15.0644    15.0104    14.9945    15.0242
     15.798     15.678    15.5422    15.3977    15.2589    15.1385    15.0462    14.9885    14.9719    15.0045
     15.954    15.8141    15.6426    15.4558    15.2771    15.1239    15.0071    14.9339    14.9112    14.9496
    16.1439    15.9913    15.7831     15.552     15.333    15.1476    15.0073    14.9184    14.8873    14.9246
    16.2829    16.1235    15.8891    15.6272    15.3812    15.1749    15.0194    14.9201    14.8827     14.917
    16.2829    16.1235    15.8891    15.6272    15.3812    15.1749    15.0194    14.9201    14.8827     14.917
    16.1439    15.9913    15.7831     15.552     15.333    15.1476    15.0073    14.9184    14.8873    14.9246
     15.954    15.8141    15.6426    15.4558    15.2771    15.1239    15.0071    14.9339    14.9112    14.9496
     15.798     15.678    15.5422    15.3977    15.2589    15.1386    15.0462    14.9885    14.9719    15.0045
    15.7653    15.6519    15.5255    15.3915    15.2627    15.1507    15.0644    15.0104    14.9945    15.0242
    15.8448    15.7201     15.575     15.419    15.2689     15.139    15.0394     14.977     14.958    14.9912
    15.9023    15.7727    15.6164    15.4467    15.2834    15.1427    15.0349    14.9671    14.9456    14.9789
    15.9023    15.7727    15.6164    15.4467    15.2834    15.1427    15.0349    14.9671    14.9456    14.9789
    15.8448    15.7201     15.575     15.419    15.2689    15.1391    15.0394     14.977     14.958    14.9912
    15.7653    15.6519    15.5255    15.3915    15.2627    15.1507    15.0644    15.0104    14.9945    15.0242
0.00028414 = g0, source strengths for solute 3
 -0.000536832 -0.000377608 -0.000298288 -0.000259824 -0.000244018 -0.000243564 -0.000258674 -0.00029741 -0.000380245 -0.000555815
 -0.00047241 -0.000309959 -0.00023208 -0.000195803 -0.000181248 -0.000180513 -0.000193749 -0.000229483 -0.00030972 -0.000486804
 -0.00045058 -0.000287412 -0.000209632 -0.000173838 -0.000159611 -0.000158785 -0.000171486 -0.00020647 -0.000286255 -0.00046348
 -0.000457538 -0.000293654 -0.000215563 -0.000179592 -0.000165289 -0.000164491 -0.000177335 -0.00021257 -0.000292767 -0.000470908
 -0.000498361 -0.000334702 -0.000256226 -0.000219493 -0.00020472 -0.000204102 -0.000217798 -0.000254268 -0.000335467 -0.000514407
 -0.000604841 -0.000448136 -0.000368692 -0.000329474 -0.000313259 -0.000313104 -0.000329256 -0.000369467 -0.000453323 -0.00062771
 -0.000540363 -0.000375258 -0.000294929 -0.000256893 -0.000241523 -0.000241083 -0.000255767 -0.000294019 -0.000377761 -0.000559318
 -0.00042937 -0.000259134 -0.000181975 -0.000148081 -0.000135016 -0.000134121 -0.000145475 -0.000178213 -0.000256805 -0.000440537
 -0.000373268 -0.000202915 -0.000127336 -9.53289e-005 -8.33453e-005 -8.22444e-005 -9.20551e-005 -0.000122282 -0.000198383 -0.000380702
 -0.000349732 -0.00017982 -0.000104642 -7.31356e-005 -6.14552e-005 -6.02739e-005 -6.9604e-005 -9.91047e-005 -0.000174478 -0.000355744
 -0.000348925 -0.000177502 -0.000101483 -6.95182e-005 -5.76292e-005 -5.64399e-005 -6.5962e-005 -9.5913e-005 -0.000172147 -0.000355026
 -0.000373637 -0.000199039 -0.000121133 -8.78488e-005 -7.52779e-005 -7.41644e-005 -8.45423e-005 -0.000116062 -0.000194585 -0.000381491
 -0.000442219 -0.00026673 -0.000186581 -0.000150906 -0.000137009 -0.000136157 -0.000148453 -0.000183135 -0.000265007 -0.000454694
 -0.000597327 -0.000431637 -0.000349171 -0.000309218 -0.000292885 -0.000292689 -0.000308856 -0.000349655 -0.000436374 -0.000619886
 -0.000636759 -0.000473552 -0.000391801 -0.00035161 -0.000335056 -0.000335061 -0.000351882 -0.000393441 -0.00048011 -0.00066209
 -0.000470505 -0.00029491 -0.000215228 -0.000179959 -0.00016631 -0.00016558 -0.000177865 -0.000212396 -0.000294094 -0.000484374
 -0.000376233 -0.000198911 -0.000120817 -8.82307e-005 -7.6212e-005 -7.51178e-005 -8.49638e-005 -0.000115749 -0.000194366 -0.000383913
 -0.000325421 -0.000150182 -7.35161e-005 -4.23043e-005 -3.1082e-005 -2.98274e-005 -3.85175e-005 -6.74475e-005 -0.000143923 -0.000330001
 -0.000301232 -0.000127207 -5.10305e-005 -2.01938e-005 -9.18329e-006 -7.86084e-006 -1.61879e-005 -4.45458e-005 -0.000120238 -0.000304493
 -0.0002967 -0.000120983 -4.37506e-005 -1.23059e-005 -1.00665e-006 3.41017e-007 -8.22146e-006 -3.71488e-005 -0.000113883 -0.000299878
 -0.000313578 -0.000133256 -5.34827e-005 -2.04993e-005 -8.44405e-006 -7.12073e-006 -1.65133e-005 -4.71153e-005 -0.000126674 -0.000318007
 -0.000363841 -0.000178474 -9.56254e-005 -6.03569e-005 -4.70912e-005 -4.59243e-005 -5.68833e-005 -9.02641e-005 -0.00017367 -0.000371644
 -0.000474769 -0.000290666 -0.000205988 -0.000167799 -0.000152787 -0.000152064 -0.000165748 -0.000203301 -0.000290259 -0.000489795
 -0.000699951 -0.000535853 -0.00045167 -0.000409344 -0.000391725 -0.00039199 -0.000410427 -0.000454786 -0.000544782 -0.000729127
 -0.000602058 -0.000428712 -0.000344638 -0.00030451 -0.000288262 -0.000288084 -0.000304188 -0.000345149 -0.000433441 -0.000624876
 -0.000437296 -0.00025245 -0.000169659 -0.000133868 -0.00012027 -0.000119383 -0.000131271 -0.000165884 -0.000250147 -0.000449123
 -0.000347848 -0.000163127 -8.15466e-005 -4.78085e-005 -3.55069e-005 -3.42972e-005 -4.41725e-005 -7.58049e-005 -0.000157558 -0.000354103
 -0.000299394 -0.000117923 -3.78677e-005 -5.27878e-006 6.37931e-006 7.72391e-006 -1.20902e-006 -3.12905e-005 -0.000110899 -0.000302878
 -0.000276006 -9.63154e-005 -1.69097e-005 1.53254e-005 2.6809e-005 2.82077e-005 1.95744e-005 -9.99061e-006 -8.86917e-005 -0.000278305
 -0.000271457 -9.02495e-005 -9.87229e-006 2.29335e-005 3.4689e-005 3.61126e-005 2.72505e-005 -2.84976e-006 -8.25084e-005 -0.000273681
 -0.000287276 -0.00010119 -1.82323e-005 1.60443e-005 2.85056e-005 2.99124e-005 2.02947e-005 -1.13868e-005 -9.38732e-005 -0.000290617
 -0.000334043 -0.000141781 -5.56083e-005 -1.92234e-005 -5.67447e-006 -4.3931e-006 -1.53871e-005 -4.95832e-005 -0.000135953 -0.000340369
 -0.000437001 -0.000243561 -0.00015557 -0.000116684 -0.000101623 -0.000100726 -0.000114079 -0.000151851 -0.000241533 -0.00044976
 -0.000655319 -0.000479662 -0.000392251 -0.000349454 -0.000331872 -0.000331898 -0.000349779 -0.000393962 -0.000486367 -0.000681437
 -0.000597007 -0.000415018 -0.000326587 -0.000284509 -0.000267514 -0.000267284 -0.000284027 -0.000326832 -0.000419438 -0.000619742
 -0.000425451 -0.000231043 -0.000143184 -0.000105009 -9.04604e-005 -8.94997e-005 -0.000102193 -0.000139051 -0.000228313 -0.000437032
 -0.000333102 -0.000138666 -5.15323e-005 -1.49814e-005 -1.50151e-006 -2.13279e-007 -1.11155e-005 -4.54311e-005 -0.000132687 -0.000339138
 -0.0002831 -9.1928e-005 -6.08244e-006 2.95789e-005 4.25655e-005 4.39858e-005 3.38744e-005 8.39253e-007 -8.4526e-005 -0.000286409
 -0.000258914 -6.95302e-005 1.57638e-005 5.11872e-005 6.40653e-005 6.55408e-005 5.56536e-005 2.30133e-005 -6.15508e-005 -0.000261067
 -0.000254321 -6.34014e-005 2.28815e-005 5.88889e-005 7.20482e-005 7.35427e-005 6.34159e-005 3.02204e-005 -5.53236e-005 -0.000256414
 -0.000270819 -7.49755e-005 1.38349e-005 5.12327e-005 6.50443e-005 6.65196e-005 5.56846e-005 2.09895e-005 -6.73237e-005 -0.000274023
 -0.000318918 -0.000116801 -2.49399e-005 1.43535e-005 2.91244e-005 3.04743e-005 1.83927e-005 -1.85961e-005 -0.000110611 -0.000325061
 -0.000424448 -0.000221147 -0.000127843 -8.64178e-005 -7.03321e-005 -6.93668e-005 -8.36044e-005 -0.000123784 -0.000218701 -0.000436946
 -0.000649632 -0.000464896 -0.000372777 -0.000327809 -0.000309375 -0.000309339 -0.000327946 -0.000374172 -0.000471214 -0.000675542
 -0.000621685 -0.000431631 -0.000338819 -0.000294383 -0.000276366 -0.000276215 -0.000294153 -0.000339552 -0.000436932 -0.000646222
 -0.000440079 -0.000234787 -0.000140996 -9.96672e-005 -8.37397e-005 -8.28044e-005 -9.6945e-005 -0.00013709 -0.000232588 -0.000453056
 -0.000340623 -0.000133537 -3.93056e-005 1.03716e-006 1.61841e-005 1.74829e-005 4.91742e-006 -3.32533e-005 -0.000127857 -0.000347785
 -0.000286042 -8.11812e-005 1.25141e-005 5.24059e-005 6.72639e-005 6.87176e-005 5.67822e-005 1.94915e-005 -7.39391e-005 -0.000290314
 -0.0002597 -5.6088e-005 3.7455e-005 7.73508e-005 9.22127e-005 9.37299e-005 8.19242e-005 4.48017e-005 -4.82157e-005 -0.000262749
 -0.000255338 -5.00513e-005 4.45678e-005 8.50954e-005 0.000100257 0.000101791 8.97187e-005 5.19884e-005 -4.20988e-005 -0.000258352
 -0.000274639 -6.47199e-005 3.21673e-005 7.39176e-005 8.96484e-005 9.11477e-005 7.84237e-005 3.93346e-005 -5.72862e-005 -0.000278878
 -0.000328524 -0.000113252 -1.40189e-005 2.92041e-005 4.5694e-005 4.70401e-005 3.32162e-005 -7.79235e-006 -0.000107451 -0.000335902
 -0.000443375 -0.000228825 -0.000129435 -8.47971e-005 -6.73201e-005 -6.63982e-005 -8.21291e-005 -0.000125684 -0.000227019 -0.0004574
 -0.00068262 -0.000490083 -0.000393797 -0.000346619 -0.000327244 -0.000327306 -0.000347058 -0.00039576 -0.000497387 -0.00071045
 -0.000697228 -0.000502747 -0.000407278 -0.000360925 -0.000341992 -0.000342129 -0.000361599 -0.00040965 -0.00051068 -0.000726167
 -0.000502629 -0.000287787 -0.000188939 -0.000144612 -0.0001273 -0.000126567 -0.00014253 -0.000186235 -0.000287624 -0.000519361
 -0.000390822 -0.000170107 -6.88264e-005 -2.46707e-005 -7.82581e-006 -6.65329e-006 -2.12025e-005 -6.35887e-005 -0.000165925 -0.000401111
 -0.000328012 -0.000106965 -4.79461e-006 3.95428e-005 5.63435e-005 5.77204e-005 4.36553e-005 1.62101e-006 -0.000100878 -0.000334999
 -0.000298083 -7.70098e-005 2.57905e-005 7.05106e-005 8.74721e-005 8.89342e-005 7.48879e-005 3.26835e-005 -7.0144e-005 -0.000303671
 -0.000294538 -7.15353e-005 3.24773e-005 7.78961e-005 9.51779e-005 9.66543e-005 8.2312e-005 3.94302e-005 -6.46116e-005 -0.000300123
 -0.00031949 -9.27207e-005 1.29734e-005 5.93142e-005 7.70377e-005 7.84508e-005 6.3527e-005 1.95288e-005 -8.65119e-005 -0.000326539
 -0.000385026 -0.000155402 -4.88428e-005 -1.72381e-006 1.64726e-005 1.76753e-005 1.82106e-006 -4.35193e-005 -0.000151225 -0.000395697
 -0.000517996 -0.000293792 -0.000189542 -0.000142112 -0.000123381 -0.000122688 -0.000140168 -0.000187131 -0.000294212 -0.000536022
 -0.000779261 -0.00058383 -0.000486059 -0.000437724 -0.000417816 -0.000418203 -0.000439178 -0.000489844 -0.000594013 -0.000811812
 -0.000883911 -0.000699744 -0.000605152 -0.000557362 -0.000537565 -0.000538402 -0.000560223 -0.000611486 -0.000713929 -0.000922415
 -0.000664211 -0.000451258 -0.000351673 -0.000305578 -0.000287268 -0.000287088 -0.000305235 -0.000352132 -0.000456131 -0.000689002
 -0.00052621 -0.000298474 -0.000194196 -0.000147992 -0.000130149 -0.000129383 -0.000145804 -0.0001913 -0.000298089 -0.000543031
 -0.00044898 -0.000215574 -0.000108257 -6.12554e-005 -4.32925e-005 -4.22332e-005 -5.81466e-005 -0.000103699 -0.000212589 -0.000461665
 -0.000413809 -0.000177924 -6.8739e-005 -2.08725e-005 -2.5895e-006 -1.40753e-006 -1.73832e-005 -6.35025e-005 -0.000173884 -0.000424771
 -0.000412047 -0.000173831 -6.32547e-005 -1.46207e-005 4.00722e-006 5.19938e-006 -1.11004e-005 -5.79737e-005 -0.000169755 -0.000423039
 -0.000446539 -0.000206402 -9.51664e-005 -4.60347e-005 -2.71273e-005 -2.60429e-005 -4.28586e-005 -9.05178e-005 -0.000203366 -0.000459392
 -0.00053337 -0.000295843 -0.000186162 -0.000137094 -0.000117999 -0.000117226 -0.000134894 -0.000183284 -0.000295609 -0.000550782
 -0.000704698 -0.000483251 -0.000379291 -0.000330869 -0.000311557 -0.000311457 -0.00033078 -0.000380236 -0.000488974 -0.000731144
   -0.00101 -0.000829562 -0.000735776 -0.0006879 -0.000668057 -0.000669207 -0.000691733 -0.000743836 -0.000846428 -0.00105267
 -0.00093262 -0.000737766 -0.000640406 -0.000592571 -0.000573117 -0.000573903 -0.000595259 -0.000646395 -0.000751441 -0.000970815
 -0.000762334 -0.000542945 -0.00044134 -0.000394613 -0.000376194 -0.000376207 -0.000394868 -0.000442868 -0.000549531 -0.000790105
 -0.000672754 -0.00044123 -0.000335689 -0.000288504 -0.00027022 -0.000269841 -0.000287526 -0.00033498 -0.000444325 -0.000695304
 -0.000639379 -0.000403199 -0.000295256 -0.000247273 -0.000228774 -0.000228246 -0.000245831 -0.000293719 -0.000405023 -0.000659986
 -0.000646473 -0.000408499 -0.000299736 -0.000251391 -0.000232758 -0.000232239 -0.000249977 -0.000298252 -0.000410424 -0.000667296
 -0.000698559 -0.000462441 -0.000354964 -0.000306978 -0.000288415 -0.000288075 -0.000306122 -0.000354484 -0.000465927 -0.000721876
 -0.000824367 -0.000601211 -0.000498484 -0.000451413 -0.000432941 -0.000433072 -0.00045203 -0.00050066 -0.000608829 -0.000853903
 -0.00107567 -0.000887498 -0.000793162 -0.000746694 -0.000727904 -0.000728996 -0.000750326 -0.00080082 -0.00090374 -0.00111779
 -0.00113087 -0.000948098 -0.000856312 -0.000810599 -0.000792047 -0.000793392 -0.000815025 -0.000865396 -0.000966531 -0.00117618
 -0.00106055 -0.000866483 -0.00077241 -0.00072703 -0.000708876 -0.000709808 -0.000730158 -0.000779133 -0.000881204 -0.00110042
 -0.00104751 -0.0008502 -0.000754998 -0.000709567 -0.000691524 -0.000692319 -0.000712269 -0.00076096 -0.000863761 -0.00108567
 -0.00107262 -0.000875935 -0.000781602 -0.000736807 -0.000719097 -0.000719936 -0.000739639 -0.000787788 -0.000889832 -0.00111131
 -0.00114309 -0.000952631 -0.000861895 -0.00081867 -0.000801598 -0.000802678 -0.000822249 -0.000869398 -0.000968525 -0.00118477
 -0.0013033 -0.00113441 -0.00105042 -0.0010089 -0.000992331 -0.000994009 -0.00101435 -0.00106128 -0.00115552 -0.00135255