Solute 1
    0.084530     0.038411     0.026589     0.021924     0.019596     0.018486     0.018380     0.019653     0.024441     0.046094 
    0.087757     0.034660     0.022882     0.018488     0.016119     0.014769     0.014251     0.014905     0.019045     0.042674 
    0.097360     0.038863     0.025800     0.020755     0.017839     0.016017     0.015115     0.015452     0.019531     0.044648 
    0.097371     0.038883     0.025819     0.020776     0.017854     0.016037     0.015131     0.015462     0.019543     0.044655 
    0.087802     0.034705     0.022925     0.018541     0.016163     0.014819     0.014290     0.014941     0.019076     0.042701 
    0.084596     0.038478     0.026663     0.022004     0.019671     0.018560     0.018450     0.019715     0.024496     0.046137 
    0.084486     0.035042     0.023365     0.019051     0.016858     0.015728     0.015466     0.016438     0.020959     0.043652 
    0.098513     0.035542     0.023637     0.019043     0.015900     0.013560     0.011923     0.011194     0.013892     0.040158 
    0.150775     0.071299     0.054175     0.044724     0.036899     0.030602     0.025688     0.022118     0.022774     0.052897 
    0.205622     0.116103     0.093666     0.078213     0.064668     0.053626     0.044875     0.038021     0.036117     0.067925 
    0.205610     0.116088     0.093644     0.078189     0.064645     0.053610     0.044857     0.038010     0.036109     0.067916 
    0.150730     0.071259     0.054135     0.044673     0.036850     0.030557     0.025653     0.022076     0.022739     0.052874 
    0.098472     0.035493     0.023581     0.018980     0.015845     0.013508     0.011876     0.011150     0.013856     0.040130 
    0.084463     0.035020     0.023339     0.019024     0.016828     0.015699     0.015437     0.016407     0.020932     0.043624 
    0.084584     0.038466     0.026653     0.021990     0.019661     0.018548     0.018438     0.019707     0.024486     0.046123 
    0.098478     0.035502     0.023597     0.018988     0.015858     0.013517     0.011889     0.011157     0.013867     0.040131 
    0.204514     0.115465     0.093367     0.078136     0.064716     0.053728     0.044954     0.038024     0.035956     0.067469 
    0.461575     0.360281     0.316959     0.270941     0.227754     0.191892     0.162645     0.137656     0.118671     0.143923 
    0.771878     0.686469     0.620525     0.536215     0.456147     0.389313     0.334200     0.285706     0.242085     0.245297 
    0.771879     0.686472     0.620525     0.536221     0.456160     0.389323     0.334205     0.285711     0.242088     0.245297 
    0.461585     0.360294     0.316967     0.270957     0.227768     0.191908     0.162653     0.137668     0.118686     0.143928 
    0.204529     0.115484     0.093387     0.078150     0.064736     0.053747     0.044965     0.038044     0.035974     0.067475 
    0.098484     0.035515     0.023616     0.019012     0.015873     0.013534     0.011906     0.011175     0.013878     0.040140 
    0.084577     0.038466     0.026652     0.021997     0.019659     0.018550     0.018437     0.019705     0.024487     0.046118 
    0.087794     0.034703     0.022924     0.018532     0.016166     0.014812     0.014294     0.014944     0.019074     0.042688 
    0.150741     0.071272     0.054148     0.044694     0.036872     0.030583     0.025673     0.022093     0.022760     0.052878 
    0.461568     0.360272     0.316946     0.270938     0.227749     0.191878     0.162634     0.137639     0.118659     0.143904 
    1.406031     1.387631     1.276650     1.115533     0.963036     0.835311     0.728806     0.632875     0.536112     0.473606 
    2.941076     3.120921     2.888230     2.556063     2.251267     1.996299     1.781215     1.583465     1.364544     1.097604 
    2.941081     3.120931     2.888228     2.556069     2.251278     1.996307     1.781219     1.583469     1.364543     1.097611 
    1.406045     1.387632     1.276659     1.115543     0.963051     0.835317     0.728822     0.632878     0.536125     0.473616 
    0.461563     0.360276     0.316946     0.270945     0.227745     0.191875     0.162631     0.137647     0.118654     0.143902 
    0.150727     0.071255     0.054133     0.044675     0.036851     0.030564     0.025654     0.022075     0.022740     0.052857 
    0.087761     0.034668     0.022885     0.018497     0.016123     0.014764     0.014251     0.014899     0.019034     0.042650 
    0.097346     0.038859     0.025797     0.020755     0.017827     0.016005     0.015097     0.015430     0.019507     0.044611 
    0.205571     0.116049     0.093615     0.078161     0.064618     0.053584     0.044831     0.037994     0.036085     0.067882 
    0.771842     0.686432     0.620486     0.536178     0.456107     0.389271     0.334154     0.285659     0.242042     0.245253 
    2.941067     3.120900     2.888212     2.556045     2.251256     1.996283     1.781193     1.583443     1.364527     1.097597 
   10.244898    10.597947     9.602880     8.626022     7.812951     7.144852     6.579566     6.064177     5.487774     4.408910 
   10.244898    10.597944     9.602880     8.626020     7.812951     7.144856     6.579569     6.064178     5.487775     4.408909 
    2.941066     3.120909     2.888212     2.556043     2.251254     1.996295     1.781200     1.583450     1.364522     1.097589 
    0.771844     0.686434     0.620489     0.536183     0.456112     0.389273     0.334164     0.285659     0.242044     0.245255 
    0.205561     0.116044     0.093606     0.078158     0.064613     0.053581     0.044825     0.037984     0.036073     0.067879 
    0.097325     0.038834     0.025774     0.020730     0.017802     0.015985     0.015075     0.015412     0.019489     0.044598 
    0.097326     0.038836     0.025777     0.020732     0.017805     0.015985     0.015070     0.015411     0.019490     0.044594 
    0.205557     0.116037     0.093601     0.078149     0.064606     0.053569     0.044823     0.037978     0.036072     0.067882 
    0.771842     0.686429     0.620480     0.536177     0.456105     0.389259     0.334149     0.285655     0.242041     0.245254 
    2.941079     3.120919     2.888218     2.556056     2.251260     1.996304     1.781202     1.583454     1.364530     1.097600 
   10.244914    10.597964     9.602896     8.626040     7.812970     7.144864     6.579574     6.064190     5.487792     4.408916 
   10.244905    10.597958     9.602891     8.626028     7.812963     7.144865     6.579566     6.064181     5.487788     4.408918 
    2.941077     3.120911     2.888214     2.556054     2.251252     1.996284     1.781192     1.583442     1.364525     1.097596 
    0.771837     0.686428     0.620474     0.536172     0.456095     0.389268     0.334142     0.285647     0.242036     0.245256 
    0.205565     0.116038     0.093599     0.078146     0.064613     0.053571     0.044820     0.037981     0.036080     0.067889 
    0.097339     0.038844     0.025788     0.020739     0.017820     0.016003     0.015093     0.015430     0.019507     0.044620 
    0.087753     0.034657     0.022876     0.018489     0.016110     0.014761     0.014239     0.014893     0.019029     0.042655 
    0.150715     0.071241     0.054111     0.044659     0.036840     0.030550     0.025646     0.022069     0.022739     0.052864 
    0.461568     0.360271     0.316948     0.270935     0.227746     0.191885     0.162633     0.137643     0.118658     0.143909 
    1.406060     1.387661     1.276678     1.115561     0.963071     0.835329     0.728835     0.632894     0.536134     0.473633 
    2.941121     3.120958     2.888269     2.556113     2.251317     1.996344     1.781251     1.583504     1.364576     1.097641 
    2.941124     3.120960     2.888269     2.556108     2.251317     1.996341     1.781253     1.583496     1.364574     1.097639 
    1.406061     1.387659     1.276680     1.115566     0.963073     0.835342     0.728833     0.632898     0.536140     0.473635 
    0.461585     0.360281     0.316964     0.270952     0.227757     0.191893     0.162656     0.137661     0.118671     0.143924 
    0.150739     0.071268     0.054142     0.044688     0.036865     0.030581     0.025672     0.022096     0.022764     0.052894 
    0.087794     0.034700     0.022923     0.018537     0.016165     0.014808     0.014292     0.014941     0.019070     0.042693 
    0.084574     0.038457     0.026648     0.021990     0.019658     0.018548     0.018438     0.019704     0.024491     0.046124 
    0.098481     0.035512     0.023610     0.019003     0.015864     0.013541     0.011896     0.011169     0.013872     0.040139 
    0.204535     0.115481     0.093388     0.078158     0.064742     0.053747     0.044971     0.038035     0.035970     0.067480 
    0.461595     0.360304     0.316975     0.270968     0.227781     0.191909     0.162661     0.137673     0.118685     0.143931 
    0.771903     0.686496     0.620552     0.536247     0.456176     0.389336     0.334228     0.285719     0.242099     0.245308 
    0.771902     0.686494     0.620553     0.536246     0.456179     0.389339     0.334223     0.285718     0.242100     0.245310 
    0.461599     0.360306     0.316978     0.270978     0.227781     0.191914     0.162666     0.137672     0.118682     0.143932 
    0.204529     0.115480     0.093393     0.078155     0.064737     0.053746     0.044967     0.038034     0.035961     0.067473 
    0.098479     0.035508     0.023602     0.019002     0.015857     0.013527     0.011891     0.011161     0.013861     0.040128 
    0.084571     0.038456     0.026639     0.021982     0.019648     0.018535     0.018426     0.019690     0.024477     0.046111 
    0.084459     0.035019     0.023338     0.019021     0.016827     0.015694     0.015429     0.016404     0.020920     0.043608 
    0.098472     0.035497     0.023598     0.018988     0.015850     0.013518     0.011880     0.011150     0.013858     0.040117 
    0.150728     0.071255     0.054134     0.044675     0.036856     0.030564     0.025659     0.022075     0.022743     0.052870 
    0.205594     0.116068     0.093634     0.078175     0.064638     0.053602     0.044852     0.038008     0.036097     0.067908 
    0.205593     0.116072     0.093626     0.078178     0.064634     0.053601     0.044846     0.038005     0.036095     0.067902 
    0.150727     0.071253     0.054127     0.044668     0.036847     0.030558     0.025647     0.022074     0.022739     0.052867 
    0.098458     0.035488     0.023578     0.018976     0.015836     0.013499     0.011867     0.011138     0.013848     0.040113 
    0.084447     0.035002     0.023322     0.019000     0.016811     0.015678     0.015414     0.016391     0.020912     0.043601 
    0.084559     0.038442     0.026632     0.021969     0.019637     0.018523     0.018415     0.019683     0.024469     0.046108 
    0.087774     0.034678     0.022895     0.018508     0.016130     0.014780     0.014263     0.014914     0.019048     0.042666 
    0.097353     0.038863     0.025801     0.020756     0.017834     0.016017     0.015104     0.015440     0.019520     0.044630 
    0.097357     0.038863     0.025802     0.020756     0.017832     0.016016     0.015106     0.015440     0.019518     0.044627 
    0.087777     0.034682     0.022903     0.018514     0.016136     0.014788     0.014264     0.014917     0.019050     0.042672 
    0.084565     0.038450     0.026634     0.021977     0.019649     0.018535     0.018426     0.019688     0.024472     0.046114 
0.677781 0.011138 10.597964 Solute 1: pmean, pmin, pmax
Solute 2
    4.423476     4.434808     4.447455     4.460849     4.473735     4.484936     4.493563     4.498961     4.500555     4.497584 
    4.415524     4.427993     4.442501     4.458103     4.473114     4.486097     4.496059     4.502304     4.504205     4.500886 
    4.409777     4.422731     4.438357     4.455336     4.471662     4.485735     4.496512     4.503291     4.505446     4.502108 
    4.409777     4.422731     4.438358     4.455336     4.471661     4.485735     4.496512     4.503291     4.505446     4.502108 
    4.415524     4.427993     4.442501     4.458103     4.473114     4.486097     4.496059     4.502304     4.504205     4.500886 
    4.423476     4.434808     4.447455     4.460848     4.473734     4.484935     4.493563     4.498961     4.500554     4.497584 
    4.420201     4.432201     4.445782     4.460229     4.474114     4.486146     4.495386     4.501148     4.502810     4.499548 
    4.404604     4.418597     4.435741     4.454418     4.472295     4.487615     4.499291     4.506608     4.508877     4.505044 
    4.385607     4.400875     4.421696     4.444800     4.466706     4.485238     4.499269     4.508157     4.511267     4.507546 
    4.371707     4.387649     4.411090     4.437277     4.461883     4.482508     4.498060     4.507988     4.511734     4.508301 
    4.371707     4.387649     4.411090     4.437277     4.461883     4.482508     4.498060     4.507988     4.511734     4.508301 
    4.385607     4.400875     4.421696     4.444800     4.466706     4.485238     4.499269     4.508157     4.511267     4.507546 
    4.404603     4.418596     4.435741     4.454417     4.472295     4.487615     4.499291     4.506608     4.508877     4.505044 
    4.420201     4.432200     4.445782     4.460228     4.474113     4.486146     4.495386     4.501147     4.502810     4.499548 
    4.423475     4.434808     4.447455     4.460848     4.473734     4.484935     4.493563     4.498961     4.500554     4.497583 
    4.404603     4.418596     4.435740     4.454417     4.472295     4.487615     4.499291     4.506607     4.508877     4.505044 
    4.372139     4.388223     4.411750     4.437986     4.462613     4.483234     4.498767     4.508655     4.512321     4.508746 
    4.328790     4.347048     4.379436     4.415250     4.447701     4.474109     4.493755     4.506482     4.512006     4.509500 
    4.292033     4.312558     4.353239     4.396962     4.435366     4.465991     4.488585     4.503386     4.510394     4.508953 
    4.292033     4.312557     4.353239     4.396962     4.435365     4.465991     4.488585     4.503386     4.510394     4.508953 
    4.328790     4.347049     4.379436     4.415249     4.447701     4.474109     4.493755     4.506482     4.512006     4.509499 
    4.372139     4.388223     4.411750     4.437985     4.462613     4.483234     4.498766     4.508655     4.512322     4.508746 
    4.404603     4.418596     4.435740     4.454417     4.472294     4.487615     4.499290     4.506607     4.508877     4.505044 
    4.423475     4.434807     4.447454     4.460848     4.473734     4.484935     4.493562     4.498961     4.500554     4.497583 
    4.415523     4.427993     4.442501     4.458102     4.473113     4.486096     4.496058     4.502303     4.504204     4.500885 
    4.385606     4.400874     4.421696     4.444799     4.466706     4.485237     4.499269     4.508157     4.511267     4.507545 
    4.328790     4.347048     4.379435     4.415249     4.447700     4.474109     4.493754     4.506481     4.512006     4.509499 
    4.232768     4.258821     4.314611     4.370793     4.417838     4.454238     4.480760     4.498314     4.507348     4.507502 
    4.114578     4.160262     4.249461     4.327603     4.388520     4.433877     4.466429     4.488276     4.500652     4.503771 
    4.114578     4.160262     4.249461     4.327603     4.388520     4.433877     4.466429     4.488276     4.500652     4.503771 
    4.232768     4.258821     4.314611     4.370793     4.417837     4.454238     4.480760     4.498314     4.507348     4.507502 
    4.328790     4.347048     4.379435     4.415249     4.447700     4.474109     4.493754     4.506481     4.512006     4.509499 
    4.385606     4.400874     4.421695     4.444799     4.466705     4.485237     4.499269     4.508157     4.511266     4.507545 
    4.415523     4.427993     4.442500     4.458101     4.473113     4.486096     4.496058     4.502303     4.504204     4.500885 
    4.409776     4.422730     4.438356     4.455335     4.471660     4.485734     4.496511     4.503290     4.505445     4.502107 
    4.371706     4.387649     4.411089     4.437276     4.461882     4.482507     4.498059     4.507987     4.511733     4.508300 
    4.292032     4.312557     4.353239     4.396961     4.435365     4.465990     4.488585     4.503386     4.510394     4.508952 
    4.114578     4.160262     4.249460     4.327602     4.388519     4.433877     4.466429     4.488276     4.500651     4.503771 
    3.590176     3.872081     4.084416     4.224133     4.319312     4.385378     4.431451     4.462821     4.482641     4.492866 
    3.590176     3.872081     4.084416     4.224133     4.319312     4.385378     4.431451     4.462821     4.482641     4.492866 
    4.114578     4.160262     4.249461     4.327602     4.388520     4.433877     4.466429     4.488276     4.500652     4.503771 
    4.292032     4.312557     4.353239     4.396961     4.435365     4.465990     4.488585     4.503386     4.510394     4.508952 
    4.371706     4.387649     4.411089     4.437276     4.461882     4.482506     4.498059     4.507987     4.511733     4.508301 
    4.409775     4.422730     4.438356     4.455334     4.471660     4.485734     4.496511     4.503290     4.505445     4.502107 
    4.409775     4.422730     4.438356     4.455335     4.471660     4.485734     4.496511     4.503290     4.505445     4.502107 
    4.371706     4.387648     4.411089     4.437276     4.461882     4.482506     4.498059     4.507987     4.511733     4.508300 
    4.292032     4.312557     4.353238     4.396961     4.435365     4.465990     4.488584     4.503385     4.510394     4.508952 
    4.114578     4.160262     4.249460     4.327602     4.388519     4.433877     4.466429     4.488275     4.500651     4.503771 
    3.590176     3.872080     4.084416     4.224133     4.319312     4.385377     4.431451     4.462821     4.482641     4.492866 
    3.590176     3.872080     4.084416     4.224133     4.319312     4.385377     4.431451     4.462821     4.482641     4.492866 
    4.114578     4.160262     4.249460     4.327602     4.388520     4.433877     4.466429     4.488276     4.500651     4.503771 
    4.292032     4.312557     4.353239     4.396961     4.435365     4.465990     4.488584     4.503386     4.510394     4.508952 
    4.371706     4.387648     4.411089     4.437276     4.461882     4.482506     4.498059     4.507987     4.511733     4.508300 
    4.409775     4.422729     4.438356     4.455334     4.471660     4.485734     4.496511     4.503290     4.505445     4.502107 
    4.415522     4.427992     4.442500     4.458101     4.473113     4.486096     4.496058     4.502302     4.504204     4.500885 
    4.385606     4.400874     4.421695     4.444799     4.466705     4.485237     4.499268     4.508156     4.511266     4.507545 
    4.328789     4.347048     4.379435     4.415249     4.447700     4.474109     4.493754     4.506481     4.512005     4.509499 
    4.232767     4.258820     4.314610     4.370792     4.417837     4.454238     4.480759     4.498314     4.507347     4.507502 
    4.114578     4.160262     4.249460     4.327602     4.388519     4.433877     4.466429     4.488275     4.500651     4.503771 
    4.114578     4.160262     4.249460     4.327602     4.388519     4.433877     4.466429     4.488275     4.500651     4.503771 
    4.232767     4.258821     4.314610     4.370792     4.417837     4.454238     4.480759     4.498314     4.507348     4.507502 
    4.328789     4.347048     4.379435     4.415249     4.447700     4.474109     4.493754     4.506481     4.512006     4.509499 
    4.385606     4.400873     4.421695     4.444799     4.466705     4.485236     4.499268     4.508156     4.511266     4.507545 
    4.415522     4.427992     4.442500     4.458101     4.473112     4.486096     4.496058     4.502302     4.504203     4.500885 
    4.423474     4.434807     4.447454     4.460847     4.473733     4.484934     4.493562     4.498960     4.500553     4.497583 
    4.404603     4.418595     4.435740     4.454416     4.472294     4.487614     4.499290     4.506606     4.508876     4.505043 
    4.372138     4.388222     4.411749     4.437985     4.462612     4.483233     4.498766     4.508655     4.512321     4.508745 
    4.328789     4.347047     4.379435     4.415249     4.447700     4.474109     4.493754     4.506481     4.512005     4.509499 
    4.292031     4.312557     4.353238     4.396961     4.435364     4.465990     4.488584     4.503385     4.510393     4.508952 
    4.292031     4.312556     4.353238     4.396961     4.435364     4.465990     4.488584     4.503385     4.510393     4.508952 
    4.328789     4.347047     4.379435     4.415249     4.447700     4.474109     4.493754     4.506481     4.512005     4.509499 
    4.372139     4.388222     4.411749     4.437984     4.462612     4.483233     4.498765     4.508654     4.512321     4.508745 
    4.404603     4.418595     4.435740     4.454416     4.472293     4.487614     4.499290     4.506606     4.508876     4.505043 
    4.423474     4.434806     4.447453     4.460847     4.473732     4.484933     4.493561     4.498960     4.500553     4.497582 
    4.420200     4.432199     4.445781     4.460227     4.474112     4.486145     4.495385     4.501146     4.502808     4.499547 
    4.404602     4.418595     4.435740     4.454416     4.472293     4.487614     4.499290     4.506606     4.508876     4.505043 
    4.385605     4.400873     4.421694     4.444798     4.466705     4.485236     4.499267     4.508156     4.511266     4.507545 
    4.371706     4.387648     4.411088     4.437275     4.461881     4.482506     4.498058     4.507987     4.511732     4.508300 
    4.371706     4.387648     4.411088     4.437275     4.461881     4.482506     4.498058     4.507987     4.511732     4.508300 
    4.385605     4.400873     4.421694     4.444798     4.466704     4.485236     4.499267     4.508156     4.511265     4.507545 
    4.404602     4.418594     4.435739     4.454416     4.472293     4.487613     4.499289     4.506606     4.508876     4.505042 
    4.420199     4.432199     4.445780     4.460227     4.474112     4.486145     4.495384     4.501145     4.502808     4.499547 
    4.423474     4.434806     4.447453     4.460846     4.473732     4.484933     4.493561     4.498959     4.500552     4.497582 
    4.415521     4.427991     4.442499     4.458100     4.473111     4.486095     4.496057     4.502302     4.504203     4.500884 
    4.409774     4.422729     4.438355     4.455333     4.471659     4.485733     4.496510     4.503289     4.505444     4.502106 
    4.409774     4.422729     4.438355     4.455333     4.471659     4.485733     4.496510     4.503289     4.505444     4.502106 
    4.415521     4.427991     4.442499     4.458100     4.473111     4.486094     4.496057     4.502302     4.504202     4.500884 
    4.423473     4.434805     4.447453     4.460846     4.473732     4.484933     4.493561     4.498959     4.500552     4.497582 
4.437965 3.590176 4.512322 Solute 2: pmean, pmin, pmax
Solute 3
    0.000244     0.000172     0.000136     0.000118     0.000111     0.000111     0.000118     0.000135     0.000173     0.000253 
    0.000215     0.000141     0.000105     0.000089     0.000082     0.000082     0.000088     0.000104     0.000141     0.000221 
    0.000205     0.000131     0.000095     0.000079     0.000073     0.000072     0.000078     0.000094     0.000130     0.000211 
    0.000208     0.000133     0.000098     0.000082     0.000075     0.000075     0.000081     0.000097     0.000133     0.000214 
    0.000227     0.000152     0.000116     0.000100     0.000093     0.000093     0.000099     0.000116     0.000152     0.000234 
    0.000275     0.000204     0.000168     0.000150     0.000142     0.000142     0.000150     0.000168     0.000206     0.000285 
    0.000246     0.000171     0.000134     0.000117     0.000110     0.000110     0.000116     0.000134     0.000172     0.000254 
    0.000195     0.000118     0.000083     0.000067     0.000061     0.000061     0.000066     0.000081     0.000117     0.000200 
    0.000170     0.000092     0.000058     0.000043     0.000038     0.000037     0.000042     0.000056     0.000090     0.000173 
    0.000159     0.000082     0.000048     0.000033     0.000028     0.000027     0.000032     0.000045     0.000079     0.000162 
    0.000159     0.000081     0.000046     0.000032     0.000026     0.000026     0.000030     0.000044     0.000078     0.000161 
    0.000170     0.000090     0.000055     0.000040     0.000034     0.000034     0.000038     0.000053     0.000088     0.000173 
    0.000201     0.000121     0.000085     0.000069     0.000062     0.000062     0.000067     0.000083     0.000120     0.000207 
    0.000272     0.000196     0.000159     0.000141     0.000133     0.000133     0.000140     0.000159     0.000198     0.000282 
    0.000289     0.000215     0.000178     0.000160     0.000152     0.000152     0.000160     0.000179     0.000218     0.000301 
    0.000214     0.000134     0.000098     0.000082     0.000076     0.000075     0.000081     0.000097     0.000134     0.000220 
    0.000171     0.000090     0.000055     0.000040     0.000035     0.000034     0.000039     0.000053     0.000088     0.000175 
    0.000148     0.000068     0.000033     0.000019     0.000014     0.000014     0.000018     0.000031     0.000065     0.000150 
    0.000137     0.000058     0.000023     0.000009     0.000004     0.000004     0.000007     0.000020     0.000055     0.000138 
    0.000135     0.000055     0.000020     0.000006     0.000000    -0.000000     0.000004     0.000017     0.000052     0.000136 
    0.000143     0.000061     0.000024     0.000009     0.000004     0.000003     0.000008     0.000021     0.000058     0.000145 
    0.000165     0.000081     0.000043     0.000027     0.000021     0.000021     0.000026     0.000041     0.000079     0.000169 
    0.000216     0.000132     0.000094     0.000076     0.000069     0.000069     0.000075     0.000092     0.000132     0.000223 
    0.000318     0.000244     0.000205     0.000186     0.000178     0.000178     0.000187     0.000207     0.000248     0.000331 
    0.000274     0.000195     0.000157     0.000138     0.000131     0.000131     0.000138     0.000157     0.000197     0.000284 
    0.000199     0.000115     0.000077     0.000061     0.000055     0.000054     0.000060     0.000075     0.000114     0.000204 
    0.000158     0.000074     0.000037     0.000022     0.000016     0.000016     0.000020     0.000034     0.000072     0.000161 
    0.000136     0.000054     0.000017     0.000002    -0.000003    -0.000004     0.000001     0.000014     0.000050     0.000138 
    0.000125     0.000044     0.000008    -0.000007    -0.000012    -0.000013    -0.000009     0.000005     0.000040     0.000127 
    0.000123     0.000041     0.000004    -0.000010    -0.000016    -0.000016    -0.000012     0.000001     0.000038     0.000124 
    0.000131     0.000046     0.000008    -0.000007    -0.000013    -0.000014    -0.000009     0.000005     0.000043     0.000132 
    0.000152     0.000064     0.000025     0.000009     0.000003     0.000002     0.000007     0.000023     0.000062     0.000155 
    0.000199     0.000111     0.000071     0.000053     0.000046     0.000046     0.000052     0.000069     0.000110     0.000204 
    0.000298     0.000218     0.000178     0.000159     0.000151     0.000151     0.000159     0.000179     0.000221     0.000310 
    0.000271     0.000189     0.000148     0.000129     0.000122     0.000121     0.000129     0.000149     0.000191     0.000282 
    0.000193     0.000105     0.000065     0.000048     0.000041     0.000041     0.000046     0.000063     0.000104     0.000199 
    0.000151     0.000063     0.000023     0.000007     0.000001     0.000000     0.000005     0.000021     0.000060     0.000154 
    0.000129     0.000042     0.000003    -0.000013    -0.000019    -0.000020    -0.000015    -0.000000     0.000038     0.000130 
    0.000118     0.000032    -0.000007    -0.000023    -0.000029    -0.000030    -0.000025    -0.000010     0.000028     0.000119 
    0.000116     0.000029    -0.000010    -0.000027    -0.000033    -0.000033    -0.000029    -0.000014     0.000025     0.000117 
    0.000123     0.000034    -0.000006    -0.000023    -0.000030    -0.000030    -0.000025    -0.000010     0.000031     0.000125 
    0.000145     0.000053     0.000011    -0.000007    -0.000013    -0.000014    -0.000008     0.000008     0.000050     0.000148 
    0.000193     0.000101     0.000058     0.000039     0.000032     0.000032     0.000038     0.000056     0.000099     0.000199 
    0.000295     0.000211     0.000169     0.000149     0.000141     0.000141     0.000149     0.000170     0.000214     0.000307 
    0.000283     0.000196     0.000154     0.000134     0.000126     0.000126     0.000134     0.000154     0.000199     0.000294 
    0.000200     0.000107     0.000064     0.000045     0.000038     0.000038     0.000044     0.000062     0.000106     0.000206 
    0.000155     0.000061     0.000018    -0.000000    -0.000007    -0.000008    -0.000002     0.000015     0.000058     0.000158 
    0.000130     0.000037    -0.000006    -0.000024    -0.000031    -0.000031    -0.000026    -0.000009     0.000034     0.000132 
    0.000118     0.000025    -0.000017    -0.000035    -0.000042    -0.000043    -0.000037    -0.000020     0.000022     0.000119 
    0.000116     0.000023    -0.000020    -0.000039    -0.000046    -0.000046    -0.000041    -0.000024     0.000019     0.000117 
    0.000125     0.000029    -0.000015    -0.000034    -0.000041    -0.000041    -0.000036    -0.000018     0.000026     0.000127 
    0.000149     0.000051     0.000006    -0.000013    -0.000021    -0.000021    -0.000015     0.000004     0.000049     0.000153 
    0.000202     0.000104     0.000059     0.000039     0.000031     0.000030     0.000037     0.000057     0.000103     0.000208 
    0.000310     0.000223     0.000179     0.000158     0.000149     0.000149     0.000158     0.000180     0.000226     0.000323 
    0.000317     0.000229     0.000185     0.000164     0.000155     0.000156     0.000164     0.000186     0.000232     0.000330 
    0.000228     0.000131     0.000086     0.000066     0.000058     0.000058     0.000065     0.000085     0.000131     0.000236 
    0.000178     0.000077     0.000031     0.000011     0.000004     0.000003     0.000010     0.000029     0.000075     0.000182 
    0.000149     0.000049     0.000002    -0.000018    -0.000026    -0.000026    -0.000020    -0.000001     0.000046     0.000152 
    0.000135     0.000035    -0.000012    -0.000032    -0.000040    -0.000040    -0.000034    -0.000015     0.000032     0.000138 
    0.000134     0.000033    -0.000015    -0.000035    -0.000043    -0.000044    -0.000037    -0.000018     0.000029     0.000136 
    0.000145     0.000042    -0.000006    -0.000027    -0.000035    -0.000036    -0.000029    -0.000009     0.000039     0.000148 
    0.000175     0.000071     0.000022     0.000001    -0.000007    -0.000008    -0.000001     0.000020     0.000069     0.000180 
    0.000235     0.000134     0.000086     0.000065     0.000056     0.000056     0.000064     0.000085     0.000134     0.000244 
    0.000354     0.000265     0.000221     0.000199     0.000190     0.000190     0.000200     0.000223     0.000270     0.000369 
    0.000402     0.000318     0.000275     0.000253     0.000244     0.000245     0.000255     0.000278     0.000325     0.000419 
    0.000302     0.000205     0.000160     0.000139     0.000131     0.000130     0.000139     0.000160     0.000207     0.000313 
    0.000239     0.000136     0.000088     0.000067     0.000059     0.000059     0.000066     0.000087     0.000135     0.000247 
    0.000204     0.000098     0.000049     0.000028     0.000020     0.000019     0.000026     0.000047     0.000097     0.000210 
    0.000188     0.000081     0.000031     0.000009     0.000001     0.000001     0.000008     0.000029     0.000079     0.000193 
    0.000187     0.000079     0.000029     0.000007    -0.000002    -0.000002     0.000005     0.000026     0.000077     0.000192 
    0.000203     0.000094     0.000043     0.000021     0.000012     0.000012     0.000019     0.000041     0.000092     0.000209 
    0.000242     0.000134     0.000085     0.000062     0.000054     0.000053     0.000061     0.000083     0.000134     0.000250 
    0.000320     0.000220     0.000172     0.000150     0.000142     0.000142     0.000150     0.000173     0.000222     0.000332 
    0.000459     0.000377     0.000334     0.000313     0.000304     0.000304     0.000314     0.000338     0.000385     0.000478 
    0.000424     0.000335     0.000291     0.000269     0.000261     0.000261     0.000271     0.000294     0.000342     0.000441 
    0.000347     0.000247     0.000201     0.000179     0.000171     0.000171     0.000179     0.000201     0.000250     0.000359 
    0.000306     0.000201     0.000153     0.000131     0.000123     0.000123     0.000131     0.000152     0.000202     0.000316 
    0.000291     0.000183     0.000134     0.000112     0.000104     0.000104     0.000112     0.000134     0.000184     0.000300 
    0.000294     0.000186     0.000136     0.000114     0.000106     0.000106     0.000114     0.000136     0.000187     0.000303 
    0.000318     0.000210     0.000161     0.000140     0.000131     0.000131     0.000139     0.000161     0.000212     0.000328 
    0.000375     0.000273     0.000227     0.000205     0.000197     0.000197     0.000205     0.000228     0.000277     0.000388 
    0.000489     0.000403     0.000361     0.000339     0.000331     0.000331     0.000341     0.000364     0.000411     0.000508 
    0.000514     0.000431     0.000389     0.000368     0.000360     0.000361     0.000370     0.000393     0.000439     0.000535 
    0.000482     0.000394     0.000351     0.000330     0.000322     0.000323     0.000332     0.000354     0.000401     0.000500 
    0.000476     0.000386     0.000343     0.000323     0.000314     0.000315     0.000324     0.000346     0.000393     0.000493 
    0.000488     0.000398     0.000355     0.000335     0.000327     0.000327     0.000336     0.000358     0.000404     0.000505 
    0.000520     0.000433     0.000392     0.000372     0.000364     0.000365     0.000374     0.000395     0.000440     0.000539 
    0.000592     0.000516     0.000477     0.000459     0.000451     0.000452     0.000461     0.000482     0.000525     0.000615 
0.000133 -0.000046 0.000615 Solute 3: pmean, pmin, pmax
Solute 4
    0.922058     0.963010     0.974100     0.978546     0.980781     0.981850     0.981952     0.980726     0.976142     0.955937 
    0.919323     0.966501     0.977630     0.981848     0.984137     0.985446     0.985949     0.985314     0.981311     0.959073 
    0.911278     0.962591     0.974849     0.979667     0.982473     0.984236     0.985110     0.984783     0.980843     0.957260 
    0.911269     0.962572     0.974831     0.979647     0.982459     0.984217     0.985095     0.984773     0.980831     0.957254 
    0.919285     0.966459     0.977588     0.981796     0.984094     0.985397     0.985911     0.985279     0.981281     0.959047 
    0.922002     0.962948     0.974029     0.978470     0.980709     0.981779     0.981884     0.980666     0.976090     0.955898 
    0.922096     0.966144     0.977169     0.981305     0.983421     0.984516     0.984770     0.983828     0.979472     0.958174 
    0.910321     0.965677     0.976909     0.981313     0.984349     0.986622     0.988218     0.988930     0.986299     0.961392 
    0.868979     0.933447     0.948609     0.957191     0.964415     0.970307     0.974955     0.978361     0.977733     0.949761 
    0.829447     0.895975     0.914356     0.927460     0.939260     0.949103     0.957052     0.963371     0.965142     0.936395 
    0.829456     0.895987     0.914375     0.927481     0.939280     0.949118     0.957069     0.963382     0.965149     0.936404 
    0.869013     0.933481     0.948645     0.957237     0.964460     0.970349     0.974989     0.978401     0.977767     0.949781 
    0.910356     0.965723     0.976962     0.981373     0.984402     0.986672     0.988264     0.988973     0.986333     0.961418 
    0.922115     0.966165     0.977193     0.981331     0.983450     0.984543     0.984798     0.983858     0.979497     0.958199 
    0.922013     0.962959     0.974039     0.978483     0.980718     0.981790     0.981896     0.980674     0.976099     0.955910 
    0.910350     0.965716     0.976947     0.981366     0.984389     0.986663     0.988250     0.988966     0.986323     0.961418 
    0.830211     0.896487     0.914606     0.927527     0.939218     0.949011     0.956980     0.963369     0.965292     0.936795 
    0.684193     0.735142     0.759325     0.786819     0.814495     0.839002     0.860107     0.879000     0.893918     0.874185 
    0.564373     0.592955     0.617084     0.650951     0.686744     0.719780     0.749513     0.777783     0.805098     0.803021 
    0.564373     0.592954     0.617084     0.650948     0.686738     0.719775     0.749510     0.777780     0.805096     0.803021 
    0.684189     0.735135     0.759320     0.786808     0.814486     0.838991     0.860102     0.878991     0.893906     0.874181 
    0.830200     0.896472     0.914589     0.927515     0.939200     0.948994     0.956969     0.963350     0.965275     0.936790 
    0.910345     0.965703     0.976929     0.981343     0.984375     0.986646     0.988234     0.988948     0.986312     0.961409 
    0.922018     0.962959     0.974040     0.978477     0.980720     0.981788     0.981896     0.980676     0.976099     0.955915 
    0.919292     0.966461     0.977590     0.981805     0.984091     0.985404     0.985907     0.985276     0.981283     0.959060 
    0.869005     0.933469     0.948634     0.957219     0.964439     0.970325     0.974970     0.978384     0.977746     0.949777 
    0.684197     0.735147     0.759332     0.786820     0.814499     0.839012     0.860116     0.879014     0.893927     0.874199 
    0.415622     0.418825     0.439242     0.472694     0.509415     0.544867     0.578434     0.612417     0.650994     0.678608 
    0.253738     0.242664     0.257186     0.281210     0.307572     0.333745     0.359555     0.387077     0.422915     0.476734 
    0.253738     0.242664     0.257187     0.281209     0.307571     0.333744     0.359555     0.387076     0.422915     0.476733 
    0.415620     0.418825     0.439240     0.472692     0.509411     0.544865     0.578429     0.612416     0.650989     0.678603 
    0.684199     0.735145     0.759332     0.786816     0.814501     0.839014     0.860118     0.879008     0.893932     0.874201 
    0.869016     0.933484     0.948647     0.957236     0.964459     0.970342     0.974987     0.978401     0.977765     0.949796 
    0.919319     0.966494     0.977627     0.981839     0.984133     0.985451     0.985949     0.985319     0.981321     0.959095 
    0.911290     0.962595     0.974852     0.979667     0.982485     0.984247     0.985128     0.984804     0.980866     0.957294 
    0.829482     0.896018     0.914398     0.927505     0.939304     0.949141     0.957093     0.963397     0.965172     0.936433 
    0.564384     0.592968     0.617099     0.650966     0.686763     0.719802     0.749539     0.777811     0.805126     0.803050 
    0.253738     0.242665     0.257188     0.281211     0.307573     0.333747     0.359558     0.387080     0.422918     0.476736 
    0.088929     0.086222     0.094314     0.103885     0.113469     0.122777     0.131934     0.141559     0.154136     0.184880 
    0.088929     0.086222     0.094314     0.103885     0.113469     0.122777     0.131934     0.141559     0.154136     0.184880 
    0.253738     0.242665     0.257188     0.281211     0.307574     0.333746     0.359557     0.387079     0.422918     0.476738 
    0.564384     0.592967     0.617098     0.650964     0.686760     0.719801     0.749533     0.777811     0.805125     0.803049 
    0.829489     0.896022     0.914406     0.927508     0.939309     0.949144     0.957098     0.963406     0.965183     0.936436 
    0.911307     0.962618     0.974873     0.979691     0.982510     0.984267     0.985148     0.984822     0.980884     0.957306 
    0.911306     0.962616     0.974871     0.979689     0.982506     0.984267     0.985154     0.984823     0.980883     0.957310 
    0.829492     0.896028     0.914410     0.927515     0.939314     0.949155     0.957100     0.963412     0.965184     0.936433 
    0.564385     0.592969     0.617101     0.650967     0.686763     0.719808     0.749541     0.777814     0.805126     0.803049 
    0.253738     0.242664     0.257187     0.281210     0.307573     0.333745     0.359557     0.387079     0.422917     0.476735 
    0.088929     0.086222     0.094314     0.103885     0.113469     0.122777     0.131934     0.141559     0.154136     0.184880 
    0.088929     0.086222     0.094314     0.103885     0.113469     0.122777     0.131934     0.141559     0.154136     0.184880 
    0.253738     0.242665     0.257187     0.281211     0.307574     0.333747     0.359558     0.387080     0.422918     0.476736 
    0.564386     0.592969     0.617103     0.650969     0.686768     0.719803     0.749546     0.777818     0.805130     0.803048 
    0.829487     0.896027     0.914412     0.927518     0.939309     0.949153     0.957103     0.963409     0.965176     0.936427 
    0.911296     0.962608     0.974861     0.979682     0.982492     0.984249     0.985131     0.984805     0.980867     0.957286 
    0.919327     0.966504     0.977636     0.981847     0.984145     0.985454     0.985961     0.985325     0.981326     0.959090 
    0.869025     0.933497     0.948666     0.957251     0.964468     0.970356     0.974995     0.978407     0.977767     0.949790 
    0.684197     0.735148     0.759332     0.786822     0.814501     0.839007     0.860117     0.879011     0.893928     0.874195 
    0.415617     0.418820     0.439236     0.472688     0.509406     0.544861     0.578424     0.612410     0.650985     0.678595 
    0.253735     0.242662     0.257184     0.281206     0.307568     0.333740     0.359550     0.387071     0.422909     0.476726 
    0.253735     0.242662     0.257184     0.281206     0.307568     0.333740     0.359550     0.387072     0.422909     0.476726 
    0.415617     0.418820     0.439236     0.472687     0.509405     0.544858     0.578425     0.612408     0.650982     0.678594 
    0.684189     0.735142     0.759322     0.786812     0.814493     0.839001     0.860100     0.878997     0.893918     0.874184 
    0.869007     0.933473     0.948639     0.957224     0.964446     0.970326     0.974970     0.978382     0.977743     0.949763 
    0.919292     0.966464     0.977591     0.981801     0.984093     0.985408     0.985909     0.985279     0.981286     0.959055 
    0.922021     0.962967     0.974043     0.978483     0.980721     0.981790     0.981896     0.980677     0.976095     0.955909 
    0.910348     0.965705     0.976934     0.981351     0.984383     0.986640     0.988244     0.988954     0.986317     0.961410 
    0.830196     0.896474     0.914589     0.927508     0.939195     0.948994     0.956964     0.963358     0.965279     0.936786 
    0.684184     0.735130     0.759316     0.786802     0.814478     0.838990     0.860096     0.878987     0.893907     0.874178 
    0.564365     0.592945     0.617074     0.650937     0.686730     0.719768     0.749497     0.777775     0.805089     0.803014 
    0.564365     0.592946     0.617073     0.650937     0.686729     0.719766     0.749500     0.777775     0.805088     0.803013 
    0.684182     0.735129     0.759314     0.786795     0.814477     0.838987     0.860092     0.878988     0.893909     0.874177 
    0.830200     0.896475     0.914584     0.927510     0.939199     0.948995     0.956968     0.963359     0.965287     0.936792 
    0.910350     0.965709     0.976942     0.981352     0.984390     0.986654     0.988249     0.988962     0.986329     0.961420 
    0.922024     0.962968     0.974052     0.978491     0.980730     0.981802     0.981908     0.980690     0.976108     0.955922 
    0.922119     0.966166     0.977195     0.981334     0.983451     0.984549     0.984805     0.983861     0.979509     0.958214 
    0.910355     0.965720     0.976946     0.981366     0.984398     0.986663     0.988260     0.988973     0.986331     0.961430 
    0.869015     0.933484     0.948646     0.957235     0.964454     0.970343     0.974983     0.978402     0.977763     0.949785 
    0.829466     0.896003     0.914383     0.927494     0.939287     0.949125     0.957073     0.963384     0.965160     0.936411 
    0.829467     0.895999     0.914390     0.927491     0.939290     0.949126     0.957079     0.963387     0.965162     0.936415 
    0.869016     0.933486     0.948652     0.957242     0.964462     0.970349     0.974995     0.978403     0.977767     0.949788 
    0.910367     0.965728     0.976965     0.981378     0.984411     0.986681     0.988273     0.988985     0.986341     0.961434 
    0.922129     0.966182     0.977210     0.981354     0.983467     0.984564     0.984820     0.983874     0.979517     0.958220 
    0.922034     0.962981     0.974059     0.978504     0.980741     0.981814     0.981918     0.980697     0.976116     0.955924 
    0.919309     0.966484     0.977617     0.981829     0.984126     0.985435     0.985938     0.985305     0.981308     0.959080 
    0.911284     0.962590     0.974848     0.979666     0.982478     0.984236     0.985120     0.984795     0.980854     0.957277 
    0.911281     0.962591     0.974847     0.979666     0.982481     0.984237     0.985119     0.984794     0.980856     0.957280 
    0.919306     0.966480     0.977610     0.981822     0.984120     0.985428     0.985937     0.985303     0.981306     0.959075 
    0.922029     0.962974     0.974057     0.978496     0.980730     0.981802     0.981908     0.980692     0.976113     0.955919 
0.807676 0.086222 0.988985 Solute 4: pmean, pmin, pmax
