lowflow
 0 0 0 0 0 0 0 0 0 0 0 0 0 0 0 0 0 0 0 0 0 0 0 0 0 0 0 0 0 0 0 0 0 0 0 0 0 0 0 0 0 0 0 0 0 0 0 0 0 0
 0 0 0 0 0 0 0 0 0 0 0 0 0 0 0 0 0 0 0 0 0 0 0 0 0 0 0 0 0 0 0 0 0 0 0 0 0 0 0 0 0 0 0 0 0 0 0 0 0 0
 0 0 0 0 0 0 0 0 0 0 0 0 0 0 0 0 0 0 0 0 0 0 0 0 0 0 0 0 0 0 0 0 0 0 0 0 0 0 0 0 0 0 0 0 0 0 0 0 0 0
 0 0 0 0 0 0 0 0 0 0 0 0 0 0 0 0 0 0 0 0 0 0 0 0 0 0 0 0 0 0 0 0 0 0 0 0 0 0 0 0 0 0 0 0 0 0 0 0 0 0
 0 0 0 0 0 0 0 0 1 1 1 0 0 0 0 0 0 0 0 0 0 1 1 0 0 0 0 0 0 0 0 0 0 0 0 0 0 0 0 0 0 0 0 0 0 0 0 0 0 0
 0 0 0 0 0 0 0 0 0 0 0 0 0 0 0 0 0 0 0 0 0 0 0 0 0 0 0 0 0 0 0 0 0 0 0 0 0 0 0 0 0 0 0 0 0 0 0 0 0 0
 0 0 0 0 0 0 0 0 0 0 0 0 0 0 0 0 0 0 0 0 0 0 0 0 0 0 0 0 0 0 0 0 0 0 0 0 0 0 0 0 0 0 0 0 0 0 0 0 0 0
 0 0 0 0 0 0 0 0 0 0 0 0 0 0 0 0 0 0 0 0 0 0 0 0 0 0 0 0 0 0 0 0 0 0 0 0 0 0 0 0 0 0 0 0 0 0 0 0 0 0
 0 0 0 0 0 0 0 0 0 0 0 0 0 0 0 0 0 0 0 0 0 0 0 0 0 0 0 0 0 0 0 0 0 0 0 0 0 0 0 0 0 0 0 0 0
Solute 1 pvseg
   91.7550    91.1022    88.9000    86.9809    86.1959    85.4090    85.0016    84.9022    84.8362    84.7433 
   84.6280    84.4520    84.1809    83.9543    83.7472    83.3494    82.8007    82.4913    82.1939    82.0243 
   81.9600    81.7931    81.4574    81.0432    80.4069    79.7256    79.1132    78.5805    78.0935    77.4715 
   76.7101    75.6076    74.3425    72.0290    69.7037    68.5833    67.5689    65.1101    63.6229    63.1435 
   62.8800    62.5566    62.2596    61.8687    62.2901    59.1614    56.0051    53.0899    50.3475    47.2380 
   63.6046    54.2248    78.1793    77.7005    81.0766    80.6404    80.1744    78.8614    75.9879    72.8398 
   68.9854    77.4703    64.6943    55.3408    54.1157    82.4252    79.8243    76.8945    73.3914    69.0834 
   67.7045    66.7962    66.2633    64.4622    57.8285    50.2032    82.3830    78.5016    76.3476    75.0863 
   73.1643    68.6126    62.1626    55.7324    50.1265    44.4846    39.1571    34.7543    30.9713    82.5889 
   76.0811    70.4334    62.6485    54.6024    74.5393    73.7941    73.0559    74.2074    74.1405    74.0525 
   73.9769    65.5089    61.7280    57.6497    83.6185    78.4399    71.7139    65.5663    60.9368    57.3012 
   55.2107    54.1359    80.8367    71.1545    64.5950    60.5546    56.6937    53.3811    50.7633    48.8906 
   47.1655    76.8962    74.6064    70.6901    62.0520    61.4262    60.8431    61.1144    60.4540    44.8446 
   43.8945    53.2946    52.0232    77.0327    75.6915    74.0263    72.5667    71.1501    79.7048    78.1636 
   74.8399    70.2450    65.9360    59.7839    47.7252    39.8908    32.0216    21.9112    15.8911    65.2509 
   63.2824    61.7363    60.9415    59.6056    57.7433    56.4422    44.2456    37.9713    32.3896    72.6773 
   66.4929    61.4645    56.7350    52.4589    49.2152    46.6123    44.8611    43.8117    43.1922    69.9792 
   66.0479    62.4609    58.7849    54.9936    51.6005    48.4077    45.4909    42.8811    40.5796    39.3877 
   29.1794    28.7170    27.4172    24.5175    72.4879    69.2691    65.1034    61.8777    58.0141    48.9794 
   43.9900    40.0501    36.5082    32.7101    48.6488    47.0366    46.4791    46.4843    46.7856    72.5732 
   72.0372    71.3280    70.5941    73.4646    71.6005    69.3043    66.9866    72.8454    37.6814    19.7655 
   30.2273    56.7085    50.4899    45.5694    39.5852    34.3637    30.1576    27.0645    25.1845    23.3199 
   24.3603    29.0175    32.3959    52.4629    48.2999    45.4572    75.2360    61.7732    51.3303    44.6356 
   41.0584    38.4240    64.2954    56.7370    53.3879    44.9501    40.3335    38.6918    24.0771    16.0729 
   20.0349    27.4021    29.6944    22.9045    50.3398    47.4312    41.7919    36.1430    74.3774    67.1755 
   59.0238    71.2448    68.7624    66.5612    64.8303    72.4841    69.6873    66.3673    63.2972    54.8648 
   54.1052    49.7974    51.7115    51.6665    51.6017    51.5422    51.4886    51.4376    51.4024    51.3733 
   51.3506    51.3275    51.2984    51.2523    51.1979    51.1481    51.1131    51.0934    51.0818    51.9073 
   51.8983    51.9447    51.8986    54.2180    53.7147    52.0843    52.0341    51.9738    51.9306    24.3741 
   26.1876    51.7833    51.7450    51.7186    49.5154    49.4746    49.4266    49.3806    49.3499    49.3172 
   49.2777    49.2438    49.2448    50.2759    50.1637    50.0875    50.0432    49.9812    49.9150    49.8670 
   49.8195    49.7706    49.7180    49.6696    50.6352    50.5716    49.9693    49.9249    49.8757    49.8439 
   60.2089    59.7039    59.1957    58.5172    56.4960    56.3471    56.1998    56.0635    55.9202    55.7893 
   55.6866    56.0092    55.8255    56.4057    56.2177    46.9443    46.7557    50.1233    49.1167    57.4529 
   57.3758    57.2469    48.9413    48.5892    50.4219    52.7576    52.8262    52.7249    57.8972    58.0975 
   59.7562    59.6149    59.4416    49.2783    48.5455    48.2771    64.2919    64.0666    63.9018    61.7743 
   61.5939    61.6155    61.5179    66.6354    66.3952    62.3570    62.0100    63.4805    62.8577    40.5772 
   47.3303    57.7139    41.8991    40.1632    37.7899    34.7886    35.3790    34.6915    34.1566    34.9379 
   67.1405    66.0586    65.1797    60.9585    60.1603    60.4023    58.9914    58.0984    57.3612    69.4088 
   67.6942    71.5712    70.5046    69.0935    67.1724    65.4843    49.2213    49.2208    43.2592    42.6544 
   32.0375    29.6002    27.7835    26.2863    24.1642    22.6954    49.4823    49.4569    49.4291    49.4051 
   49.3874    49.3631    49.3288    49.2948    49.2642    49.2480    49.2977    49.3533    49.3391    49.3193 
   50.9088    50.4416    49.5292    49.5050    49.4868    49.5650    49.5490    49.5983    49.5832    49.6879 
   49.6728    49.6546    49.7184    49.7003    49.8065    49.7983    22.2823    22.5203    49.9857    49.9650 
   49.9432    64.3012    63.6592    49.6198    49.5681 
Solute 1 pevseg
   86.9483    88.2463    77.9554    84.2717    83.6543    83.2755    83.8272    83.9777    83.8189    83.8212 
   83.3451    83.4115    83.0887    82.9645    82.5949    81.9973    80.9493    80.9388    80.8928    81.0782 
   81.2325    80.5383    80.3850    79.6799    78.5792    77.7816    77.1745    76.9910    77.1697    76.6434 
   75.3079    73.9775    72.6825    68.4852    68.0258    67.0366    65.6043    61.2870    62.1088    62.2177 
   61.7474    61.5444    61.8562    61.2201    61.5869    57.9493    54.8369    51.9241    49.1011    45.8388 
   56.2782    53.1809    77.4062    76.5279    80.1763    79.1081    78.9707    77.2902    74.6417    71.7889 
   67.7234    75.9593    62.3859    53.6508    55.6652    80.8508    77.5078    74.5558    70.0772    66.1826 
   65.4516    65.2186    64.5878    63.5853    56.2107    48.5140    80.9550    76.4758    74.7880    73.5934 
   71.3539    66.5388    59.8430    53.4578    47.7472    42.1178    36.9515    32.7922    29.3917    80.9425 
   73.7597    68.8530    60.8943    52.9981    71.5699    72.2235    71.3307    74.1478    73.5689    73.5045 
   73.6269    63.7892    60.1498    56.1508    82.3080    75.5399    68.6033    62.5487    58.0627    54.6090 
   52.8204    52.2155    79.5965    69.2469    62.5401    58.5004    54.6774    51.4565    48.4972    46.3386 
   45.8296    75.9698    72.6749    68.6752    60.5027    59.9574    59.6855    60.5250    60.2375    43.8218 
   43.6687    52.6663    51.1257    75.6745    74.0313    72.1192    70.5253    69.1662    78.9047    76.3572 
   72.6127    69.0755    65.8323    58.2045    46.5429    38.9010    30.4323    20.0244    15.9606    63.8345 
   61.5247    60.0553    59.5901    58.0755    56.1686    54.5268    43.2106    36.6379    30.8153    71.3038 
   64.9555    59.7900    54.6194    50.0193    46.9549    44.6229    42.9503    42.2062    43.3945    68.8570 
   64.7064    60.8865    57.0656    53.0538    49.5788    46.4133    43.6414    41.1182    39.0891    39.5874 
   28.4603    27.8289    26.4269    23.3677    70.8170    66.5773    62.3560    58.9933    54.5054    47.3060 
   42.3148    38.5826    34.7851    31.1029    45.7585    45.4329    46.0511    46.9722    47.8180    72.0323 
   71.1221    70.2777    69.4317    72.8216    70.6450    68.2597    65.9335    70.2307    39.1070    19.6589 
   27.5025    55.8040    49.5541    44.3155    37.9487    32.5043    28.3334    25.2234    23.6180    22.4070 
   26.2349    30.3001    28.9269    52.0429    47.7174    45.4775    73.9430    59.8583    49.3133    42.6305 
   39.0841    37.8613    62.0105    54.9651    53.8865    44.0286    39.3248    39.4692    22.9387    15.9147 
   20.6879    28.1033    29.0680    22.0289    48.8522    45.2380    39.3772    34.2452    73.5173    65.7731 
   56.9133    69.7467    67.2499    65.2718    63.8346    70.7895    67.8966    64.4384    61.8682    53.3002 
   53.9232    48.7969    49.9302    50.2443    50.1355    50.1095    50.1250    50.0780    50.3210    49.6841 
   50.5305    49.8311    50.2297    50.1117    50.0792    50.0089    50.1500    50.4578    50.2081    51.6088 
   51.0944    50.8838    50.0191    52.8753    53.1404    51.1235    50.8498    50.8435    50.6198    23.8422 
   29.2134    50.8438    50.8324    51.5368    48.0378    48.2299    48.2257    48.6157    47.5034    48.6646 
   48.1649    48.4446    49.7360    48.2584    48.7602    48.6184    48.6167    48.5693    48.4374    48.4638 
   48.3803    48.3257    48.2694    48.4657    49.5096    49.0714    49.0813    49.1199    49.1231    49.7397 
   59.4006    58.7167    57.9697    56.7837    55.3601    54.7166    54.5238    54.4499    54.5443    54.7302 
   54.3785    54.3116    54.6873    54.9779    54.0376    46.1615    47.7708    49.1915    48.1584    56.7661 
   56.4149    55.6194    46.5866    51.3013    55.8206    53.3556    52.7411    52.4721    56.8729    60.5831 
   58.7192    58.5606    58.1009    46.6804    46.9238    48.0535    63.2531    62.9895    62.3428    60.7295 
   61.3575    60.1940    61.1847    65.3942    62.7584    61.3598    61.4632    61.7076    61.5248    38.8221 
   45.3048    55.9113    41.1783    38.5600    35.9088    33.3280    34.8758    33.9889    33.9523    37.8548 
   65.6042    64.3246    62.6983    59.8510    58.7083    59.2562    57.8500    57.1295    57.0472    68.4567 
   65.9953    69.5280    68.7482    67.3634    65.4491    63.8755    48.2773    50.0805    41.9125    41.9152 
   29.7943    27.2788    25.9709    24.7776    22.6457    22.9577    48.3607    48.0248    48.0078    47.9652 
   47.9921    47.9103    47.8610    47.8750    48.1114    48.5769    57.0402    48.9562    48.1686    48.1846 
   49.4673    49.6628    48.1058    48.1452    48.4558    48.2185    48.0921    48.2751    48.2664    48.4019 
   48.4242    48.4134    48.2871    48.5597    47.5287    48.5294    21.5510    24.5935    48.0732    48.6019 
   48.0646    61.9619    62.2421    48.1688    48.3322 
Solute 2 pvseg
    0.0000     0.0000     0.0000     0.0000     0.0000     0.0000     0.0000     0.0000     0.0000     0.0000 
    0.0000     0.0000     0.0000     0.0000     0.0000     0.0000     0.0000     0.0000     0.0000     0.0000 
    0.0000     0.0000     0.0000     0.0000     0.0000     0.0000     0.0000     0.0000     0.0000     0.0000 
    0.0000     0.0000     0.0000     0.0000     0.0000     0.0000     0.0000     0.0000     0.0000     0.0000 
    0.0000     0.0000     0.0000     0.0000     0.0000     0.0000     0.0000     0.0000     0.0000     0.0000 
    0.0000     0.0000     0.0000     0.0000     0.0000     0.0000     0.0000     0.0000     0.0000     0.0000 
    0.0000     0.0000     0.0000     0.0000     0.0000     0.0000     0.0000     0.0000     0.0000     0.0000 
    0.0000     0.0000     0.0000     0.0000     0.0000     0.0000     0.0000     0.0000     0.0000     0.0000 
    0.0000     0.0000     0.0000     0.0000     0.0000     0.0000     0.0000     0.0000     0.0000     0.0000 
    0.0000     0.0000     0.0000     0.0000     0.0000     0.0000     0.0000     0.0000     0.0000     0.0000 
    0.0000     0.0000     0.0000     0.0000     0.0000     0.0000     0.0000     0.0000     0.0000     0.0000 
    0.0000     0.0000     0.0000     0.0000     0.0000     0.0000     0.0000     0.0000     0.0000     0.0000 
    0.0000     0.0000     0.0000     0.0000     0.0000     0.0000     0.0000     0.0000     0.0000     0.0000 
    0.0000     0.0000     0.0000     0.0000     0.0000     0.0000     0.0000     0.0000     0.0000     0.0000 
    0.0000     0.0000     0.0000     0.0000     0.0000     0.0000     0.0000     0.0000     0.0000     0.0000 
    0.0000     0.0000     0.0000     0.0000     0.0000     0.0000     0.0000     0.0000     0.0000     0.0000 
    0.0000     0.0000     0.0000     0.0000     0.0000     0.0000     0.0000     0.0000     0.0000     0.0000 
    0.0000     0.0000     0.0000     0.0000     0.0000     0.0000     0.0000     0.0000     0.0000     0.0000 
    0.0000     0.0000     0.0000     0.0000     0.0000     0.0000     0.0000     0.0000     0.0000     0.0000 
    0.0000     0.0000     0.0000     0.0000     0.0000     0.0000     0.0000     0.0000     0.0000     0.0000 
    0.0000     0.0000     0.0000     0.0000     0.0000     0.0000     0.0000     0.0000     0.0000     0.0000 
    0.0000     0.0000     0.0000     0.0000     0.0000     0.0000     0.0000     0.0000     0.0000     0.0000 
    0.0000     0.0000     0.0000     0.0000     0.0000     0.0000     0.0000     0.0000     0.0000     0.0000 
    0.0000     0.0000     0.0000     0.0000     0.0000     0.0000     0.0000     0.0000     0.0000     0.0000 
    0.0000     0.0000     0.0000     0.0000     0.0000     0.0000     0.0000     0.0000     0.0000     0.0000 
    0.0000     0.0000     0.0000     0.0000     0.0000     0.0000     0.0000     0.0000     0.0000     0.0000 
    0.0000     0.0000     0.0000     0.0000     0.0000     0.0000     0.0000     0.0000     0.0000     0.0000 
    0.0000     0.0000     0.0000     0.0000     0.0000     0.0000     0.0000     0.0000     0.0000     0.0000 
    0.0000     0.0000     0.0000     0.0000     0.0000     0.0000     0.0000     0.0000     0.0000     0.0000 
    0.0000     0.0000     0.0000     0.0000     0.0000     0.0000     0.0000     0.0000     0.0000     0.0000 
    0.0000     0.0000     0.0000     0.0000     0.0000     0.0000     0.0000     0.0000     0.0000     0.0000 
    0.0000     0.0000     0.0000     0.0000     0.0000     0.0000     0.0000     0.0000     0.0000     0.0000 
    0.0000     0.0000     0.0000     0.0000     0.0000     0.0000     0.0000     0.0000     0.0000     0.0000 
    0.0000     0.0000     0.0000     0.0000     0.0000     0.0000     0.0000     0.0000     0.0000     0.0000 
    0.0000     0.0000     0.0000     0.0000     0.0000     0.0000     0.0000     0.0000     0.0000     0.0000 
    0.0000     0.0000     0.0000     0.0000     0.0000     0.0000     0.0000     0.0000     0.0000     0.0000 
    0.0000     0.0000     0.0000     0.0000     0.0000     0.0000     0.0000     0.0000     0.0000     0.0000 
    0.0000     0.0000     0.0000     0.0000     0.0000     0.0000     0.0000     0.0000     0.0000     0.0000 
    0.0000     0.0000     0.0000     0.0000     0.0000     0.0000     0.0000     0.0000     0.0000     0.0000 
    0.0000     0.0000     0.0000     0.0000     0.0000     0.0000     0.0000     0.0000     0.0000     0.0000 
    0.0000     0.0000     0.0000     0.0000     0.0000     0.0000     0.0000     0.0000     0.0000     0.0000 
    0.0000     0.0000     0.0000     0.0000     0.0000     0.0000     0.0000     0.0000     0.0000     0.0000 
    0.0000     0.0000     0.0000     0.0000     0.0000     0.0000     0.0000     0.0000     0.0000     0.0000 
    0.0000     0.0000     0.0000     0.0000     0.0000     0.0000     0.0000     0.0000     0.0000     0.0000 
    0.0000     0.0000     0.0000     0.0000     0.0000 
Solute 2 pevseg
    8.3965     8.3965     8.3965     8.3965     8.3965     8.3965     8.3965     8.3965     8.3965     8.3965 
    8.3965     8.3965     8.3965     8.3965     8.3965     8.3965     8.3965     8.3965     8.3965     8.3965 
    8.3965     8.3965     8.3965     8.3965     8.3965     8.3965     8.3965     8.3965     8.3965     8.3965 
    8.3965     8.3965     8.3965     8.3965     8.3965     8.3965     8.3965     8.3965     8.3965     8.3965 
    8.3965     8.3965     8.3965     8.3965     8.3965     8.3965     8.3965     8.3965     8.3965     8.3965 
    8.3965     8.3965     8.3965     8.3965     8.3965     8.3965     8.3965     8.3965     8.3965     8.3965 
    8.3965     8.3965     8.3965     8.3965     8.3965     8.3965     8.3965     8.3965     8.3965     8.3965 
    8.3965     8.3965     8.3965     8.3965     8.3965     8.3965     8.3965     8.3965     8.3965     8.3965 
    8.3965     8.3965     8.3965     8.3965     8.3965     8.3965     8.3965     8.3965     8.3965     8.3965 
    8.3965     8.3965     8.3965     8.3965     8.3965     8.3965     8.3965     8.3965     8.3965     8.3965 
    8.3965     8.3965     8.3965     8.3965     8.3965     8.3965     8.3965     8.3965     8.3965     8.3965 
    8.3965     8.3965     8.3965     8.3965     8.3965     8.3965     8.3965     8.3965     8.3965     8.3965 
    8.3965     8.3965     8.3965     8.3965     8.3965     8.3965     8.3965     8.3965     8.3965     8.3965 
    8.3965     8.3965     8.3965     8.3965     8.3965     8.3965     8.3965     8.3965     8.3965     8.3965 
    8.3965     8.3965     8.3965     8.3965     8.3965     8.3965     8.3965     8.3965     8.3965     8.3965 
    8.3965     8.3965     8.3965     8.3965     8.3965     8.3965     8.3965     8.3965     8.3965     8.3965 
    8.3965     8.3965     8.3965     8.3965     8.3965     8.3965     8.3965     8.3965     8.3965     8.3965 
    8.3965     8.3965     8.3965     8.3965     8.3965     8.3965     8.3965     8.3965     8.3965     8.3965 
    8.3965     8.3965     8.3965     8.3965     8.3965     8.3965     8.3965     8.3965     8.3965     8.3965 
    8.3965     8.3965     8.3965     8.3965     8.3965     8.3965     8.3965     8.3965     8.3965     8.3965 
    8.3965     8.3965     8.3965     8.3965     8.3965     8.3965     8.3965     8.3965     8.3965     8.3965 
    8.3965     8.3965     8.3965     8.3965     8.3965     8.3965     8.3965     8.3965     8.3965     8.3965 
    8.3965     8.3965     8.3965     8.3965     8.3965     8.3965     8.3965     8.3965     8.3965     8.3965 
    8.3965     8.3965     8.3965     8.3965     8.3965     8.3965     8.3965     8.3965     8.3965     8.3965 
    8.3965     8.3965     8.3965     8.3965     8.3965     8.3965     8.3965     8.3965     8.3965     8.3965 
    8.3965     8.3965     8.3965     8.3965     8.3965     8.3965     8.3965     8.3965     8.3965     8.3965 
    8.3965     8.3965     8.3965     8.3965     8.3965     8.3965     8.3965     8.3965     8.3965     8.3965 
    8.3965     8.3965     8.3965     8.3965     8.3965     8.3965     8.3965     8.3965     8.3965     8.3965 
    8.3965     8.3965     8.3965     8.3965     8.3965     8.3965     8.3965     8.3965     8.3965     8.3965 
    8.3965     8.3965     8.3965     8.3965     8.3965     8.3965     8.3965     8.3965     8.3965     8.3965 
    8.3965     8.3965     8.3965     8.3965     8.3965     8.3965     8.3965     8.3965     8.3965     8.3965 
    8.3965     8.3965     8.3965     8.3965     8.3965     8.3965     8.3965     8.3965     8.3965     8.3965 
    8.3965     8.3965     8.3965     8.3965     8.3965     8.3965     8.3965     8.3965     8.3965     8.3965 
    8.3965     8.3965     8.3965     8.3965     8.3965     8.3965     8.3965     8.3965     8.3965     8.3965 
    8.3965     8.3965     8.3965     8.3965     8.3965     8.3965     8.3965     8.3965     8.3965     8.3965 
    8.3965     8.3965     8.3965     8.3965     8.3965     8.3965     8.3965     8.3965     8.3965     8.3965 
    8.3965     8.3965     8.3965     8.3965     8.3965     8.3965     8.3965     8.3965     8.3965     8.3965 
    8.3965     8.3965     8.3965     8.3965     8.3965     8.3965     8.3965     8.3965     8.3965     8.3965 
    8.3965     8.3965     8.3965     8.3965     8.3965     8.3965     8.3965     8.3965     8.3965     8.3965 
    8.3965     8.3965     8.3965     8.3965     8.3965     8.3965     8.3965     8.3965     8.3965     8.3965 
    8.3965     8.3965     8.3965     8.3965     8.3965     8.3965     8.3965     8.3965     8.3965     8.3965 
    8.3965     8.3965     8.3965     8.3965     8.3965     8.3965     8.3965     8.3965     8.3965     8.3965 
    8.3965     8.3965     8.3965     8.3965     8.3965     8.3965     8.3965     8.3965     8.3965     8.3965 
    8.3965     8.3965     8.3965     8.3965     8.3965     8.3965     8.3965     8.3965     8.3965     8.3965 
    8.3965     8.3965     8.3965     8.3965     8.3965 
