10 10
Segment start coords, direction cosines, length
        50         50          0          0          0          1         10
        50         50         10          0          0          1         10
        50         50         20          0          0          1         10
        50         50         30          0          0          1         10
        50         50         40          0          0          1         10
        50         50         50          0          0          1         10
        50         50         60          0          0          1         10
        50         50         70          0          0          1         10
        50         50         80          0          0          1         10
        50         50         90          0          0          1         10
Source point coords
          50         50          5          50         50         15          50         50         25
          50         50         35          50         50         45          50         50         55
          50         50         65          50         50         75          50         50         85
          50         50         95
Main segment numbers of subsegments
 1 2 3 4 5 6 7 8 9 10
Source strengths for solute 1
    56.8772    42.5775    37.3144    34.0741    31.6922    29.7803    28.1725    26.7985    25.6939    25.5091
Source strengths for solute 2
   -7740.11   -1257.89   -1013.38   -566.294   -375.708   -253.992   -175.384   -119.912   -77.9378   -45.6599